srun: warning: can't run 1 processes on 3 nodes, setting nnodes to 1
Starting deduplication
Creating GPU merger 1
Creating GPU merger 2
Creating CPU merger
0
0
Creating client ucp endpoint
Sending metadata to server: buffer_size = 33554432, chunk_size = 4194304
Client: Received rkey and remote address from server.
Client: Received rkey and remote address from server.
Received Rkey from server
Connected to 172.16.146.69:9090
deduplication-end: 1744931867712063140 ns
deduplication-start: 1744931862463149419 ns
end: 1744931868124334870 ns
start: 1744931862459555604 ns
t1-end: 1744931862472359587 ns
t1-start: 1744931862460099571 ns
t3-end: 1744931867724883735 ns
t3-start: 1744931863487982019 ns
t1: 12260016 ns
t2: 5248913721 ns
Tuples sent: 4790464
