srun: warning: can't run 1 processes on 3 nodes, setting nnodes to 1
Server is listening on port 8042
Server: client connected
Server received AM: 4194304 33554432
Server: Received chunk size 4194304 and buffer size 33554432
Server: client connected
Server received AM: 4194304 33554432
Server: Received chunk size 4194304 and buffer size 33554432
Server: Both clients are ready, buffer allocated
Client: AM message sent successfully (status = Success)
Client: AM message sent successfully (status = Success)
Client: AM message sent successfully (status = Success)
Client: AM message sent successfully (status = Success)
Server received all data from clients

Offset value: 6162849
end: 1744931868123867753 ns
sort-end: 1744931868123232833 ns
sort-start: 1744931868122343701 ns
t4-end: 1744931868120021575 ns
t4-start: 1744931863489202047 ns
t5-end: 1744931868120181016 ns
t5-start: 1744931863822174387 ns
transfer-end: 1744931868120019627 ns
unique-end: 1744931868123820334 ns
unique-start: 1744931868123596209 ns
t4: 4630819528 ns
t5: 4298006629 ns
t4-t5: 4630978969 ns
Sort time: 889132 ns
Unique time: 224125 ns
t6: 1113257 ns
[1744931868.263445] [cdr2631:1178729:0]          rcache.c:701  UCX  WARN  ucp_rcache: destroying inuse region 0x175dc60 [0x149f057fe000..0x149f097fe040] g- rw ref 1 md[0]=self md[1]=tcp md[4]=hfi1_0 md[5]=cma
