srun: warning: can't run 1 processes on 3 nodes, setting nnodes to 1
Starting deduplication
Creating GPU merger 1
Creating GPU merger 2
Creating CPU merger
0
0
Creating client ucp endpoint
Sending metadata to server: buffer_size = 25165824, chunk_size = 2097152
Client: Received rkey and remote address from server.
Client: Received rkey and remote address from server.
Received Rkey from server
Connected to 172.16.146.68:9090
deduplication-end: 1744956570347353885 ns
deduplication-start: 1744956567841857981 ns
end: 1744956570364662797 ns
start: 1744956567840707304 ns
t1-end: 1744956567842574965 ns
t1-start: 1744956567841344170 ns
t3-end: 1744956570364071792 ns
t3-start: 1744956568361745105 ns
t1: 1230795 ns
t2: 2505495904 ns
Tuples sent: 2393625
