srun: warning: can't run 1 processes on 3 nodes, setting nnodes to 1
Starting deduplication
Creating GPU merger 1
Creating GPU merger 2
Creating CPU merger
0
0
Creating client ucp endpoint
Sending metadata to server: buffer_size = 25165824, chunk_size = 2097152
Client: Received rkey and remote address from server.
Client: Received rkey and remote address from server.
Received Rkey from server
Server listening on port 9090
Accepted connection
deduplication-end: 1744956570204392584 ns
deduplication-start: 1744956567841808009 ns
end: 1744956570364575650 ns
start: 1744956567840662931 ns
t1-end: 1744956567842874152 ns
t1-start: 1744956567841405363 ns
t3-end: 1744956570214973377 ns
t3-start: 1744956568329067952 ns
t1: 1468789 ns
t2: 2362584575 ns
Tuples sent: 2393795
