srun: warning: can't run 1 processes on 3 nodes, setting nnodes to 1
Server is listening on port 8041
Server: client connected
Server received AM: 2097152 25165824
Server: Received chunk size 2097152 and buffer size 25165824
Server: client connected
Server received AM: 2097152 25165824
Server: Received chunk size 2097152 and buffer size 25165824
Server: Both clients are ready, buffer allocated
Client: AM message sent successfully (status = Success)
Client: AM message sent successfully (status = Success)
Client: AM message sent successfully (status = Success)
Client: AM message sent successfully (status = Success)
Server received all data from clients

Offset value: 3079674
end: 1744956570364260772 ns
sort-end: 1744956570363704359 ns
sort-start: 1744956570363110574 ns
t4-end: 1744956570360879372 ns
t4-start: 1744956568329651768 ns
t5-end: 1744956570361083543 ns
t5-start: 1744956568330030959 ns
transfer-end: 1744956570360877807 ns
unique-end: 1744956570364210277 ns
unique-start: 1744956570364044366 ns
t4: 2031227604 ns
t5: 2031052584 ns
t4-t5: 2031431775 ns
Sort time: 593785 ns
Unique time: 165911 ns
t6: 759696 ns
[1744956570.447904] [cdr2630:658643:0]          rcache.c:701  UCX  WARN  ucp_rcache: destroying inuse region 0x222ec60 [0x1550167fe000..0x1550197fe040] g- rw ref 1 md[0]=self md[1]=tcp md[4]=hfi1_0 md[5]=cma
