srun: warning: can't run 1 processes on 3 nodes, setting nnodes to 1
Starting deduplication
Creating GPU merger 1
Creating GPU merger 2
Creating CPU merger
0
0
Creating client ucp endpoint
Sending metadata to server: buffer_size = 1073741824, chunk_size = 134217728
Client: Received rkey and remote address from server.
Client: Received rkey and remote address from server.
Received Rkey from server
Server listening on port 9090
Accepted connection
deduplication-end: 1744929899299782225 ns
deduplication-start: 1744929824864333274 ns
end: 1744929900766082926 ns
start: 1744929824812603678 ns
t1-end: 1744929825024531540 ns
t1-start: 1744929824813004392 ns
t3-end: 1744929899308419215 ns
t3-start: 1744929899299869421 ns
t1: 211527148 ns
t2: 74435448951 ns
Tuples sent: 2684354
