srun: warning: can't run 1 processes on 3 nodes, setting nnodes to 1
Server is listening on port 8007
Server: client connected
Server received AM: 134217728 1073741824
Server: Received chunk size 134217728 and buffer size 1073741824
Server: client connected
Server received AM: 134217728 1073741824
Server: Received chunk size 134217728 and buffer size 1073741824
Server: Both clients are ready, buffer allocated
Client: AM message sent successfully (status = Success)
Client: AM message sent successfully (status = Success)
Client: AM message sent successfully (status = Success)
Client: AM message sent successfully (status = Success)
Server received all data from clients

Offset value: 2684354
end: 1744929900765692863 ns
sort-end: 1744929900765201131 ns
sort-start: 1744929900764551753 ns
t4-end: 1744929900760460231 ns
t4-start: 1744929897698393418 ns
t5-end: 1744929900762522856 ns
transfer-end: 1744929900760458735 ns
unique-end: 1744929900765643882 ns
unique-start: 1744929900765478403 ns
t4: 3062066813 ns
t5: 1744929900762522856 ns
t4-t5: 3064129438 ns
Sort time: 649378 ns
Unique time: 165479 ns
t6: 814857 ns
[1744929902.012338] [cdr2631:1173664:0]          rcache.c:701  UCX  WARN  ucp_rcache: destroying inuse region 0xfd1c50 [0x149cdd7fe000..0x149d5d7fe040] g- rw ref 1 md[0]=self md[1]=tcp md[4]=hfi1_0 md[5]=cma
