srun: warning: can't run 1 processes on 3 nodes, setting nnodes to 1
Starting deduplication
Creating GPU merger 1
Creating GPU merger 2
Creating CPU merger
0
0
Creating client ucp endpoint
Sending metadata to server: buffer_size = 50331648, chunk_size = 4194304
Client: Received rkey and remote address from server.
Client: Received rkey and remote address from server.
Received Rkey from server
Server listening on port 9090
Accepted connection
deduplication-end: 1744942776122145306 ns
deduplication-start: 1744942766866691121 ns
end: 1744942781973814983 ns
start: 1744942766863748856 ns
t1-end: 1744942766874075648 ns
t1-start: 1744942766864430481 ns
t3-end: 1744942776141886190 ns
t3-start: 1744942768051552034 ns
t1: 9645167 ns
t2: 9255454185 ns
Tuples sent: 8388608
