srun: warning: can't run 1 processes on 3 nodes, setting nnodes to 1
Starting deduplication
Creating GPU merger 1
Creating GPU merger 2
Creating CPU merger
0
0
Creating client ucp endpoint
Sending metadata to server: buffer_size = 50331648, chunk_size = 4194304
Client: Received rkey and remote address from server.
Client: Received rkey and remote address from server.
Received Rkey from server
Connected to 172.16.146.47:9090
deduplication-end: 1744942776330900944 ns
deduplication-start: 1744942766867133141 ns
end: 1744942781973939909 ns
start: 1744942766863798723 ns
t1-end: 1744942766874307549 ns
t1-start: 1744942766864188746 ns
t3-end: 1744942776344957474 ns
t3-start: 1744942768043519722 ns
t1: 10118803 ns
t2: 9463767803 ns
Tuples sent: 8388608
