srun: warning: can't run 1 processes on 3 nodes, setting nnodes to 1
Server is listening on port 8042
Server: client connected
Server received AM: 4194304 50331648
Server: Received chunk size 4194304 and buffer size 50331648
Server: client connected
Server received AM: 4194304 50331648
Server: Received chunk size 4194304 and buffer size 50331648
Server: Both clients are ready, buffer allocated
Client: AM message sent successfully (status = Success)
Client: AM message sent successfully (status = Success)
Client: AM message sent successfully (status = Success)
Client: AM message sent successfully (status = Success)
Server received all data from clients

Offset value: 6163428
end: 1744942781973589527 ns
sort-end: 1744942781972945025 ns
sort-start: 1744942781971629454 ns
t4-end: 1744942781969236191 ns
t4-start: 1744942768045073868 ns
t5-end: 1744942781969590448 ns
t5-start: 1744942768934347697 ns
transfer-end: 1744942781330873207 ns
unique-end: 1744942781973539483 ns
unique-start: 1744942781973267518 ns
t4: 13924162323 ns
t5: 13035242751 ns
t4-t5: 13924516580 ns
Sort time: 1315571 ns
Unique time: 271965 ns
t6: 1587536 ns
[1744942782.075856] [cdr2596:511792:0]          rcache.c:701  UCX  WARN  ucp_rcache: destroying inuse region 0x25d2c60 [0x14fd89fff000..0x14fd8ffff040] g- rw ref 1 md[0]=self md[1]=tcp md[4]=hfi1_0 md[5]=cma
