srun: warning: can't run 1 processes on 3 nodes, setting nnodes to 1
Starting deduplication
Creating GPU merger 1
Creating GPU merger 2
Creating CPU merger
0
0
Creating client ucp endpoint
Sending metadata to server: buffer_size = 805306368, chunk_size = 67108864
Client: Received rkey and remote address from server.
Client: Received rkey and remote address from server.
Received Rkey from server
Server listening on port 9090
Accepted connection
deduplication-end: 1744946113126206065 ns
deduplication-start: 1744946112933711875 ns
end: 1744946418924101072 ns
start: 1744946112924869263 ns
t1-end: 1744946112951402119 ns
t1-start: 1744946112925170111 ns
t3-end: 1744946113207512959 ns
t3-start: 1744946112958074141 ns
t1: 26232008 ns
t2: 192494190 ns
Tuples sent: 134217728
