srun: warning: can't run 1 processes on 3 nodes, setting nnodes to 1
Starting deduplication
Creating GPU merger 1
Creating GPU merger 2
Creating CPU merger
0
0
Creating client ucp endpoint
Sending metadata to server: buffer_size = 805306368, chunk_size = 67108864
Client: Received rkey and remote address from server.
Client: Received rkey and remote address from server.
Received Rkey from server
Connected to 172.16.146.47:9090
deduplication-end: 1744938511809944511 ns
deduplication-start: 1744938388510909145 ns
end: 1744938579603553324 ns
start: 1744938388483923884 ns
t1-end: 1744938388587944979 ns
t1-start: 1744938388484199181 ns
t3-end: 1744938511945412721 ns
t3-start: 1744938403957574240 ns
t1: 103745798 ns
t2: 123299035366 ns
Tuples sent: 134217728
