srun: warning: can't run 1 processes on 3 nodes, setting nnodes to 1
Starting deduplication
Creating GPU merger 1
Creating GPU merger 2
Creating CPU merger
0
0
Creating client ucp endpoint
Sending metadata to server: buffer_size = 100663296, chunk_size = 8388608
Client: Received rkey and remote address from server.
Client: Received rkey and remote address from server.
Received Rkey from server
Connected to 172.16.146.78:9090
deduplication-end: 1744950952929574543 ns
deduplication-start: 1744950952905789592 ns
end: 1744950961970894739 ns
start: 1744950952904378778 ns
t1-end: 1744950952908464171 ns
t1-start: 1744950952904874175 ns
t3-end: 1744950953031006506 ns
t3-start: 1744950952908826062 ns
t1: 3589996 ns
t2: 23784951 ns
Tuples sent: 16777216
