srun: warning: can't run 1 processes on 3 nodes, setting nnodes to 1
Starting deduplication
Creating GPU merger 1
Creating GPU merger 2
Creating CPU merger
0
0
Creating client ucp endpoint
Sending metadata to server: buffer_size = 100663296, chunk_size = 8388608
Client: Received rkey and remote address from server.
Client: Received rkey and remote address from server.
Received Rkey from server
Server listening on port 9090
Accepted connection
deduplication-end: 1744950952929304474 ns
deduplication-start: 1744950952905813319 ns
end: 1744950961970716697 ns
start: 1744950952904319154 ns
t1-end: 1744950952907890397 ns
t1-start: 1744950952904608291 ns
t3-end: 1744950953007618510 ns
t3-start: 1744950952908885189 ns
t1: 3282106 ns
t2: 23491155 ns
Tuples sent: 16777216
