srun: warning: can't run 1 processes on 3 nodes, setting nnodes to 1
Server is listening on port 8051
Server: client connected
Server received AM: 8388608 100663296
Server: Received chunk size 8388608 and buffer size 100663296
Server: client connected
Server received AM: 8388608 100663296
Server: Received chunk size 8388608 and buffer size 100663296
Server: Both clients are ready, buffer allocated
Client: AM message sent successfully (status = Success)
Client: AM message sent successfully (status = Success)
Client: AM message sent successfully (status = Success)
Client: AM message sent successfully (status = Success)
Server received all data from clients

Offset value: 14525010
end: 1744943715020682886 ns
sort-end: 1744943715019853628 ns
sort-start: 1744943715017467764 ns
t4-end: 1744943715014809268 ns
t4-start: 1744943698907695533 ns
t5-end: 1744943715015504880 ns
t5-start: 1744943699115537298 ns
transfer-end: 1744943714811493856 ns
unique-end: 1744943715020635080 ns
unique-start: 1744943715020204151 ns
t4: 16107113735 ns
t5: 15899967582 ns
t4-t5: 16107809347 ns
Sort time: 2385864 ns
Unique time: 430929 ns
t6: 2816793 ns
[1744943715.115863] [cdr2596:512744:0]          rcache.c:701  UCX  WARN  ucp_rcache: destroying inuse region 0x13b1c60 [0x1510ed7fe000..0x1510f97fe040] g- rw ref 1 md[0]=self md[1]=tcp md[4]=hfi1_0 md[5]=cma
