srun: warning: can't run 1 processes on 3 nodes, setting nnodes to 1
Starting deduplication
Creating GPU merger 1
Creating GPU merger 2
Creating CPU merger
0
0
Creating client ucp endpoint
Sending metadata to server: buffer_size = 50331648, chunk_size = 4194304
Client: Received rkey and remote address from server.
Client: Received rkey and remote address from server.
Received Rkey from server
Server listening on port 9090
Accepted connection
deduplication-end: 1744954430554757719 ns
deduplication-start: 1744954429226602672 ns
end: 1744954430557899012 ns
start: 1744954429225304381 ns
t1-end: 1744954429227761007 ns
t1-start: 1744954429225664238 ns
t3-end: 1744954430559313559 ns
t3-start: 1744954430554809674 ns
t1: 2096769 ns
t2: 1328155047 ns
Tuples sent: 83886
