srun: warning: can't run 1 processes on 3 nodes, setting nnodes to 1
Server is listening on port 8002
Server: client connected
Server received AM: 4194304 50331648
Server: Received chunk size 4194304 and buffer size 50331648
Server: client connected
Server received AM: 4194304 50331648
Server: Received chunk size 4194304 and buffer size 50331648
Server: Both clients are ready, buffer allocated
Client: AM message sent successfully (status = Success)
Client: AM message sent successfully (status = Success)
Client: AM message sent successfully (status = Success)
Client: AM message sent successfully (status = Success)
Server received all data from clients

Offset value: 83886
end: 1744954430557666900 ns
sort-end: 1744954430557449749 ns
sort-start: 1744954430557180376 ns
t4-end: 1744954430555382914 ns
t4-start: 1744954430538442362 ns
t5-end: 1744954430555617656 ns
transfer-end: 1744954430555381793 ns
unique-end: 1744954430557614330 ns
unique-start: 1744954430557505273 ns
t4: 16940552 ns
t5: 1744954430555617656 ns
t4-t5: 17175294 ns
Sort time: 269373 ns
Unique time: 109057 ns
t6: 378430 ns
[1744954430.648945] [cdr2630:655864:0]          rcache.c:701  UCX  WARN  ucp_rcache: destroying inuse region 0x1cedc60 [0x14f629fff000..0x14f62ffff040] g- rw ref 1 md[0]=self md[1]=tcp md[4]=hfi1_0 md[5]=cma
