srun: warning: can't run 1 processes on 3 nodes, setting nnodes to 1
Starting deduplication
Creating GPU merger 1
Creating GPU merger 2
Creating CPU merger
0
0
Creating client ucp endpoint
Sending metadata to server: buffer_size = 201326592, chunk_size = 16777216
Client: Received rkey and remote address from server.
Client: Received rkey and remote address from server.
Received Rkey from server
Server listening on port 9090
Accepted connection
deduplication-end: 1744941169930393674 ns
deduplication-start: 1744941131599243093 ns
end: 1744941171807336572 ns
start: 1744941131591882026 ns
t1-end: 1744941131620057649 ns
t1-start: 1744941131592221790 ns
t3-end: 1744941169952678821 ns
t3-start: 1744941136232171424 ns
t1: 27835859 ns
t2: 38331150581 ns
Tuples sent: 33554432
