srun: warning: can't run 1 processes on 3 nodes, setting nnodes to 1
Server is listening on port 8028
Server: client connected
Server received AM: 16777216 201326592
Server: Received chunk size 16777216 and buffer size 201326592
Server: client connected
Server received AM: 16777216 201326592
Server: Received chunk size 16777216 and buffer size 201326592
Server: Both clients are ready, buffer allocated
Client: AM message sent successfully (status = Success)
Client: AM message sent successfully (status = Success)
Client: AM message sent successfully (status = Success)
Client: AM message sent successfully (status = Success)
Server received all data from clients

Offset value: 6710588
end: 1744952208003703295 ns
sort-end: 1744952208002574759 ns
sort-start: 1744952207997860445 ns
t4-end: 1744952207994506229 ns
t4-start: 1744952207936271808 ns
t5-end: 1744952207995874526 ns
t5-start: 1744952207938764870 ns
transfer-end: 1744952207994504192 ns
unique-end: 1744952208003656393 ns
unique-start: 1744952208003022531 ns
t4: 58234421 ns
t5: 57109656 ns
t4-t5: 59602718 ns
Sort time: 4714314 ns
Unique time: 633862 ns
t6: 5348176 ns
[1744952208.068133] [cdr2630:651254:0]          rcache.c:701  UCX  WARN  ucp_rcache: destroying inuse region 0xe99c50 [0x14e17d7fe000..0x14e1957fe040] g- rw ref 1 md[0]=self md[1]=tcp md[4]=hfi1_0 md[5]=cma
