srun: warning: can't run 1 processes on 3 nodes, setting nnodes to 1
Starting deduplication
Creating GPU merger 1
Creating GPU merger 2
Creating CPU merger
0
0
Creating client ucp endpoint
Sending metadata to server: buffer_size = 50331648, chunk_size = 4194304
Client: Received rkey and remote address from server.
Client: Received rkey and remote address from server.
Received Rkey from server
Server listening on port 9090
Accepted connection
deduplication-end: 1744956018879286807 ns
deduplication-start: 1744956014560297878 ns
end: 1744956018898340587 ns
start: 1744956014559393116 ns
t1-end: 1744956014561453231 ns
t1-start: 1744956014559791112 ns
t3-end: 1744956018896642139 ns
t3-start: 1744956015655827159 ns
t1: 1662119 ns
t2: 4318988929 ns
Tuples sent: 3080826
