srun: warning: can't run 1 processes on 3 nodes, setting nnodes to 1
Server is listening on port 8034
Server: client connected
Server received AM: 4194304 50331648
Server: Received chunk size 4194304 and buffer size 50331648
Server: client connected
Server received AM: 4194304 50331648
Server: Received chunk size 4194304 and buffer size 50331648
Server: Both clients are ready, buffer allocated
Client: AM message sent successfully (status = Success)
Client: AM message sent successfully (status = Success)
Client: AM message sent successfully (status = Success)
Client: AM message sent successfully (status = Success)
Server received all data from clients

Offset value: 3332967
end: 1744956018898110856 ns
sort-end: 1744956018897611572 ns
sort-start: 1744956018896934608 ns
t4-end: 1744956018894440457 ns
t4-start: 1744956015523655929 ns
t5-end: 1744956018895087518 ns
t5-start: 1744956015524587360 ns
transfer-end: 1744956018894439153 ns
unique-end: 1744956018898065697 ns
unique-start: 1744956018897882032 ns
t4: 3370784528 ns
t5: 3370500158 ns
t4-t5: 3371431589 ns
Sort time: 676964 ns
Unique time: 183665 ns
t6: 860629 ns
[1744956018.968173] [cdr2630:658121:0]          rcache.c:701  UCX  WARN  ucp_rcache: destroying inuse region 0x644c50 [0x14ac6f7fe000..0x14ac757fe040] g- rw ref 1 md[0]=self md[1]=tcp md[4]=hfi1_0 md[5]=cma
