srun: warning: can't run 1 processes on 3 nodes, setting nnodes to 1
Starting deduplication
Creating GPU merger 1
Creating GPU merger 2
Creating CPU merger
0
0
Creating client ucp endpoint
Sending metadata to server: buffer_size = 402653184, chunk_size = 33554432
Client: Received rkey and remote address from server.
Client: Received rkey and remote address from server.
Received Rkey from server
Connected to 172.16.146.47:9090
deduplication-end: 1744943845419144744 ns
deduplication-start: 1744943783165232828 ns
end: 1744943860510403412 ns
start: 1744943783151879533 ns
t1-end: 1744943783204882120 ns
t1-start: 1744943783152146455 ns
t3-end: 1744943845450477265 ns
t3-start: 1744943790607928349 ns
t1: 52735665 ns
t2: 62253911916 ns
Tuples sent: 67108864
