srun: warning: can't run 1 processes on 3 nodes, setting nnodes to 1
Server is listening on port 8053
Server: client connected
Server received AM: 33554432 402653184
Server: Received chunk size 33554432 and buffer size 402653184
Server: client connected
Server received AM: 33554432 402653184
Server: Received chunk size 33554432 and buffer size 402653184
Server: Both clients are ready, buffer allocated
Client: AM message sent successfully (status = Success)
Client: AM message sent successfully (status = Success)
Client: AM message sent successfully (status = Success)
Client: AM message sent successfully (status = Success)
Server received all data from clients

Offset value: 58025450
end: 1744951065700412282 ns
sort-end: 1744951065698386473 ns
sort-start: 1744951065688957690 ns
t4-end: 1744951065684168914 ns
t4-start: 1744951036082191916 ns
t5-end: 1744951065686901914 ns
t5-start: 1744951038806933380 ns
transfer-end: 1744951057815343948 ns
unique-end: 1744951065700362480 ns
unique-start: 1744951065699007710 ns
t4: 29601976998 ns
t5: 26879968534 ns
t4-t5: 29604709998 ns
Sort time: 9428783 ns
Unique time: 1354770 ns
t6: 10783553 ns
[1744951065.795364] [cdr2638:1328087:0]          rcache.c:701  UCX  WARN  ucp_rcache: destroying inuse region 0x193ec60 [0x14a7fbfff000..0x14a82bfff040] g- rw ref 1 md[0]=self md[1]=tcp md[4]=hfi1_0 md[5]=cma
