srun: warning: can't run 1 processes on 3 nodes, setting nnodes to 1
Starting deduplication
Creating GPU merger 1
Creating GPU merger 2
Creating CPU merger
0
0
Creating client ucp endpoint
Sending metadata to server: buffer_size = 1610612736, chunk_size = 134217728
Client: Received rkey and remote address from server.
Client: Received rkey and remote address from server.
Received Rkey from server
Server listening on port 9090
Accepted connection
deduplication-end: 1744949167626163328 ns
deduplication-start: 1744949167220579816 ns
end: 1744949448647436335 ns
start: 1744949167209687429 ns
t1-end: 1744949167251283227 ns
t1-start: 1744949167210099930 ns
t3-end: 1744949167768085684 ns
t3-start: 1744949167270438037 ns
t1: 41183297 ns
t2: 405583512 ns
Tuples sent: 268435456
