srun: warning: can't run 1 processes on 3 nodes, setting nnodes to 1
Starting deduplication
Creating GPU merger 1
Creating GPU merger 2
Creating CPU merger
0
0
Creating client ucp endpoint
Sending metadata to server: buffer_size = 134217728, chunk_size = 16777216
Client: Received rkey and remote address from server.
Client: Received rkey and remote address from server.
Received Rkey from server
Connected to 172.16.146.69:9090
deduplication-end: 1744930375528615875 ns
deduplication-start: 1744930364288105419 ns
end: 1744930377331079248 ns
start: 1744930364280480314 ns
t1-end: 1744930364308678452 ns
t1-start: 1744930364280775311 ns
t3-end: 1744930375538697043 ns
t3-start: 1744930375528722320 ns
t1: 27903141 ns
t2: 11240510456 ns
Tuples sent: 3355304
