srun: warning: can't run 1 processes on 3 nodes, setting nnodes to 1
Starting deduplication
Creating GPU merger 1
Creating GPU merger 2
Creating CPU merger
0
0
Creating client ucp endpoint
Sending metadata to server: buffer_size = 134217728, chunk_size = 16777216
Client: Received rkey and remote address from server.
Client: Received rkey and remote address from server.
Received Rkey from server
Server listening on port 9090
Accepted connection
deduplication-end: 1744930376294312652 ns
deduplication-start: 1744930364287486726 ns
end: 1744930377330937600 ns
start: 1744930364280393204 ns
t1-end: 1744930364307420113 ns
t1-start: 1744930364280780665 ns
t3-end: 1744930376304348449 ns
t3-start: 1744930376294368018 ns
t1: 26639448 ns
t2: 12006825926 ns
Tuples sent: 3355291
