srun: warning: can't run 1 processes on 3 nodes, setting nnodes to 1
Server is listening on port 8020
Server: client connected
Server received AM: 16777216 134217728
Server: Received chunk size 16777216 and buffer size 134217728
Server: client connected
Server received AM: 16777216 134217728
Server: Received chunk size 16777216 and buffer size 134217728
Server: Both clients are ready, buffer allocated
Client: AM message sent successfully (status = Success)
Client: AM message sent successfully (status = Success)
Client: AM message sent successfully (status = Success)
Client: AM message sent successfully (status = Success)
Server received all data from clients

Offset value: 3355442
end: 1744930377330717865 ns
sort-end: 1744930377330200621 ns
sort-start: 1744930377329451020 ns
t4-end: 1744930377326389583 ns
t4-start: 1744930375535462896 ns
t5-end: 1744930377327443369 ns
t5-start: 1744930376382185912 ns
transfer-end: 1744930377326387755 ns
unique-end: 1744930377330668379 ns
unique-start: 1744930377330488272 ns
t4: 1790926687 ns
t5: 945257457 ns
t4-t5: 1791980473 ns
Sort time: 749601 ns
Unique time: 180107 ns
t6: 929708 ns
[1744930377.623340] [cdr2631:1174633:0]          rcache.c:701  UCX  WARN  ucp_rcache: destroying inuse region 0x259ac60 [0x146437fff000..0x146447fff040] g- rw ref 1 md[0]=self md[1]=tcp md[4]=hfi1_0 md[5]=cma
