srun: warning: can't run 1 processes on 3 nodes, setting nnodes to 1
Starting deduplication
Creating GPU merger 1
Creating GPU merger 2
Creating CPU merger
0
0
Creating client ucp endpoint
Sending metadata to server: buffer_size = 1610612736, chunk_size = 134217728
Client: Received rkey and remote address from server.
Client: Received rkey and remote address from server.
Received Rkey from server
Server listening on port 9090
Accepted connection
deduplication-end: 1744949939108616497 ns
deduplication-start: 1744949938726339486 ns
end: 1744950233193901948 ns
start: 1744949938714932069 ns
t1-end: 1744949938757027333 ns
t1-start: 1744949938715833208 ns
t3-end: 1744949939340038283 ns
t3-start: 1744949938776829677 ns
t1: 41194125 ns
t2: 382277011 ns
Tuples sent: 268435456
