srun: warning: can't run 1 processes on 3 nodes, setting nnodes to 1
Starting deduplication
Creating GPU merger 1
Creating GPU merger 2
Creating CPU merger
0
0
Creating client ucp endpoint
Sending metadata to server: buffer_size = 1610612736, chunk_size = 134217728
Client: Received rkey and remote address from server.
Client: Received rkey and remote address from server.
Received Rkey from server
Connected to 172.16.146.75:9090
deduplication-end: 1744952454032765451 ns
deduplication-start: 1744952453651870562 ns
end: 1744952454281539676 ns
start: 1744952453641191482 ns
t1-end: 1744952453683528126 ns
t1-start: 1744952453641512989 ns
t3-end: 1744952454182666892 ns
t3-start: 1744952453702004425 ns
t1: 42015137 ns
t2: 380894889 ns
Tuples sent: 268435456
