srun: warning: can't run 1 processes on 3 nodes, setting nnodes to 1
Server is listening on port 8039
Server: client connected
Server received AM: 134217728 1610612736
Server: Received chunk size 134217728 and buffer size 1610612736
Server: client connected
Server received AM: 134217728 1610612736
Server: Received chunk size 134217728 and buffer size 1610612736
Server: Both clients are ready, buffer allocated
Client: AM message sent successfully (status = Success)
Client: AM message sent successfully (status = Success)
Client: AM message sent successfully (status = Success)
Client: AM message sent successfully (status = Success)
Server received all data from clients

Offset value: 106650059
end: 1744950233150168649 ns
sort-end: 1744950233143790638 ns
sort-start: 1744950233106012745 ns
t4-end: 1744950233092817903 ns
t4-start: 1744949938846742922 ns
t5-end: 1744950233103787941 ns
t5-start: 1744949973333227301 ns
transfer-end: 1744949991611805123 ns
unique-end: 1744950233150115777 ns
unique-start: 1744950233145586960 ns
t4: 294246074981 ns
t5: 259770560640 ns
t4-t5: 294257045019 ns
Sort time: 37777893 ns
Unique time: 4528817 ns
t6: 42306710 ns
[1744950233.253357] [cdr2638:1327008:0]          rcache.c:701  UCX  WARN  ucp_rcache: destroying inuse region 0xdf2c50 [0x1461457fe000..0x1462057fe040] g- rw ref 1 md[0]=self md[1]=tcp md[4]=hfi1_0 md[5]=cma
