srun: warning: can't run 1 processes on 3 nodes, setting nnodes to 1
Starting deduplication
Creating GPU merger 1
Creating GPU merger 2
Creating CPU merger
0
0
Creating client ucp endpoint
Sending metadata to server: buffer_size = 100663296, chunk_size = 8388608
Client: Received rkey and remote address from server.
Client: Received rkey and remote address from server.
Received Rkey from server
Server listening on port 9090
Accepted connection
deduplication-end: 1744952525641297691 ns
deduplication-start: 1744952525616638307 ns
end: 1744952525675980596 ns
start: 1744952525615500636 ns
t1-end: 1744952525621975135 ns
t1-start: 1744952525615749593 ns
t3-end: 1744952525728813443 ns
t3-start: 1744952525619623099 ns
t1: 6225542 ns
t2: 24659384 ns
Tuples sent: 16777216
