srun: warning: can't run 1 processes on 3 nodes, setting nnodes to 1
Starting deduplication
Creating GPU merger 1
Creating GPU merger 2
Creating CPU merger
0
0
Creating client ucp endpoint
Sending metadata to server: buffer_size = 268435456, chunk_size = 33554432
Client: Received rkey and remote address from server.
Client: Received rkey and remote address from server.
Received Rkey from server
Connected to 172.16.146.69:9090
deduplication-end: 1744930045745323764 ns
deduplication-start: 1744930025295821201 ns
end: 1744930047346888754 ns
start: 1744930025281961107 ns
t1-end: 1744930025342126761 ns
t1-start: 1744930025282288002 ns
t3-end: 1744930045754897895 ns
t3-start: 1744930045745392438 ns
t1: 59838759 ns
t2: 20449502563 ns
Tuples sent: 3355442
