srun: warning: can't run 1 processes on 3 nodes, setting nnodes to 1
Starting deduplication
Creating GPU merger 1
Creating GPU merger 2
Creating CPU merger
0
0
Creating client ucp endpoint
Sending metadata to server: buffer_size = 1610612736, chunk_size = 134217728
Client: Received rkey and remote address from server.
Client: Received rkey and remote address from server.
Received Rkey from server
Connected to 172.16.146.68:9090
deduplication-end: 1744954679053050302 ns
deduplication-start: 1744954606522799985 ns
end: 1744954685230793633 ns
start: 1744954606511978396 ns
t1-end: 1744954606554446640 ns
t1-start: 1744954606512219248 ns
t3-end: 1744954679060000128 ns
t3-start: 1744954679053122609 ns
t1: 42227392 ns
t2: 72530250317 ns
Tuples sent: 2684354
