srun: warning: can't run 1 processes on 3 nodes, setting nnodes to 1
Server is listening on port 8007
Server: client connected
Server received AM: 134217728 1610612736
Server: Received chunk size 134217728 and buffer size 1610612736
Server: client connected
Server received AM: 134217728 1610612736
Server: Received chunk size 134217728 and buffer size 1610612736
Server: Both clients are ready, buffer allocated
Client: AM message sent successfully (status = Success)
Client: AM message sent successfully (status = Success)
Client: AM message sent successfully (status = Success)
Client: AM message sent successfully (status = Success)
Server received all data from clients

Offset value: 2684354
end: 1744954685230523083 ns
sort-end: 1744954685229973813 ns
sort-start: 1744954685229314781 ns
t4-end: 1744954685225108421 ns
t4-start: 1744954679056854852 ns
t5-end: 1744954685227218332 ns
transfer-end: 1744954685225107224 ns
unique-end: 1744954685230474935 ns
unique-start: 1744954685230308917 ns
t4: 6168253569 ns
t5: 1744954685227218332 ns
t4-t5: 6170363480 ns
Sort time: 659032 ns
Unique time: 166018 ns
t6: 825050 ns
[1744954685.326905] [cdr2630:656207:0]          rcache.c:701  UCX  WARN  ucp_rcache: destroying inuse region 0xed3c50 [0x14e1117fe000..0x14e1d17fe040] g- rw ref 1 md[0]=self md[1]=tcp md[4]=hfi1_0 md[5]=cma
