srun: warning: can't run 1 processes on 3 nodes, setting nnodes to 1
Starting deduplication
Creating GPU merger 1
Creating GPU merger 2
Creating CPU merger
0
0
Creating client ucp endpoint
Sending metadata to server: buffer_size = 1610612736, chunk_size = 134217728
Client: Received rkey and remote address from server.
Client: Received rkey and remote address from server.
Received Rkey from server
Server listening on port 9090
Accepted connection
deduplication-end: 1744955053765525948 ns
deduplication-start: 1744954944773479762 ns
end: 1744955053812673601 ns
start: 1744954944762692217 ns
t1-end: 1744954944804243461 ns
t1-start: 1744954944763067447 ns
t3-end: 1744955053794035443 ns
t3-start: 1744955053765614625 ns
t1: 41176014 ns
t2: 108992046186 ns
Tuples sent: 13421772
