srun: warning: can't run 1 processes on 3 nodes, setting nnodes to 1
Starting deduplication
Creating GPU merger 1
Creating GPU merger 2
Creating CPU merger
0
0
Creating client ucp endpoint
Sending metadata to server: buffer_size = 1610612736, chunk_size = 134217728
Client: Received rkey and remote address from server.
Client: Received rkey and remote address from server.
Received Rkey from server
Connected to 172.16.146.68:9090
deduplication-end: 1744955045962238495 ns
deduplication-start: 1744954944773511712 ns
end: 1744955053812835481 ns
start: 1744954944762716367 ns
t1-end: 1744954944823724006 ns
t1-start: 1744954944763035153 ns
t3-end: 1744955045986273898 ns
t3-start: 1744955045962309031 ns
t1: 60688853 ns
t2: 101188726783 ns
Tuples sent: 13421772
