srun: warning: can't run 1 processes on 3 nodes, setting nnodes to 1
Server is listening on port 8015
Server: client connected
Server received AM: 134217728 1610612736
Server: Received chunk size 134217728 and buffer size 1610612736
Server: client connected
Server received AM: 134217728 1610612736
Server: Received chunk size 134217728 and buffer size 1610612736
Server: Both clients are ready, buffer allocated
Client: AM message sent successfully (status = Success)
Client: AM message sent successfully (status = Success)
Client: AM message sent successfully (status = Success)
Client: AM message sent successfully (status = Success)
Server received all data from clients

Offset value: 13421772
end: 1744955053812428810 ns
sort-end: 1744955053811685299 ns
sort-start: 1744955053809635164 ns
t4-end: 1744955053798667488 ns
t4-start: 1744955045983151474 ns
t5-end: 1744955053807624201 ns
transfer-end: 1744955053798666363 ns
unique-end: 1744955053812382273 ns
unique-start: 1744955053812024583 ns
t4: 7815516014 ns
t5: 1744955053807624201 ns
t4-t5: 7824472727 ns
Sort time: 2050135 ns
Unique time: 357690 ns
t6: 2407825 ns
[1744955053.904181] [cdr2630:656753:0]          rcache.c:701  UCX  WARN  ucp_rcache: destroying inuse region 0x16dcc60 [0x1538557fe000..0x1539157fe040] g- rw ref 1 md[0]=self md[1]=tcp md[4]=hfi1_0 md[5]=cma
