srun: warning: can't run 1 processes on 3 nodes, setting nnodes to 1
Starting deduplication
Creating GPU merger 1
Creating GPU merger 2
Creating CPU merger
0
0
Creating client ucp endpoint
Sending metadata to server: buffer_size = 134217728, chunk_size = 16777216
Client: Received rkey and remote address from server.
Client: Received rkey and remote address from server.
Received Rkey from server
Server listening on port 9090
Accepted connection
deduplication-end: 1744929702095066950 ns
deduplication-start: 1744929695835012927 ns
end: 1744929702132833464 ns
start: 1744929695827872636 ns
t1-end: 1744929695854732647 ns
t1-start: 1744929695828197861 ns
t3-end: 1744929702098897465 ns
t3-start: 1744929702095130345 ns
t1: 26534786 ns
t2: 6260054023 ns
Tuples sent: 335544
