srun: warning: can't run 1 processes on 3 nodes, setting nnodes to 1
Server is listening on port 8004
Server: client connected
Server received AM: 16777216 134217728
Server: Received chunk size 16777216 and buffer size 134217728
Server: client connected
Server received AM: 16777216 134217728
Server: Received chunk size 16777216 and buffer size 134217728
Server: Both clients are ready, buffer allocated
Client: AM message sent successfully (status = Success)
Client: AM message sent successfully (status = Success)
Client: AM message sent successfully (status = Success)
Client: AM message sent successfully (status = Success)
Server received all data from clients

Offset value: 335544
end: 1744929702132573804 ns
sort-end: 1744929702132081556 ns
sort-start: 1744929702131754389 ns
t4-end: 1744929702129104718 ns
t4-start: 1744929701848622387 ns
t5-end: 1744929702129621285 ns
transfer-end: 1744929702129103185 ns
unique-end: 1744929702132521726 ns
unique-start: 1744929702132404280 ns
t4: 280482331 ns
t5: 1744929702129621285 ns
t4-t5: 280998898 ns
Sort time: 327167 ns
Unique time: 117446 ns
t6: 444613 ns
[1744929702.392351] [cdr2631:1173463:0]          rcache.c:701  UCX  WARN  ucp_rcache: destroying inuse region 0x229cc60 [0x14ffad7fe000..0x14ffbd7fe040] g- rw ref 1 md[0]=self md[1]=tcp md[4]=hfi1_0 md[5]=cma
