srun: warning: can't run 1 processes on 3 nodes, setting nnodes to 1
Starting deduplication
Creating GPU merger 1
Creating GPU merger 2
Creating CPU merger
0
0
Creating client ucp endpoint
Sending metadata to server: buffer_size = 12582912, chunk_size = 1048576
Client: Received rkey and remote address from server.
Client: Received rkey and remote address from server.
Received Rkey from server
Server listening on port 9090
Accepted connection
deduplication-end: 1744952641278081234 ns
deduplication-start: 1744952641274050113 ns
end: 1744952641293774546 ns
start: 1744952641273591454 ns
t1-end: 1744952641275274138 ns
t1-start: 1744952641273848382 ns
t3-end: 1744952641385927207 ns
t3-start: 1744952641275030606 ns
t1: 1425756 ns
t2: 4031121 ns
Tuples sent: 2097152
