srun: warning: can't run 1 processes on 3 nodes, setting nnodes to 1
Starting deduplication
Creating GPU merger 1
Creating GPU merger 2
Creating CPU merger
0
0
Creating client ucp endpoint
Sending metadata to server: buffer_size = 12582912, chunk_size = 1048576
Client: Received rkey and remote address from server.
Client: Received rkey and remote address from server.
Received Rkey from server
Connected to 172.16.146.47:9090
deduplication-end: 1744943634186969561 ns
deduplication-start: 1744943632282080865 ns
end: 1744943634225381843 ns
start: 1744943632280765898 ns
t1-end: 1744943632286167782 ns
t1-start: 1744943632281176318 ns
t3-end: 1744943634200243348 ns
t3-start: 1744943632525995304 ns
t1: 4991464 ns
t2: 1904888696 ns
Tuples sent: 2097152
