srun: warning: can't run 1 processes on 3 nodes, setting nnodes to 1
Server is listening on port 8048
Server: client connected
Server received AM: 1048576 12582912
Server: Received chunk size 1048576 and buffer size 12582912
Server: client connected
Server received AM: 1048576 12582912
Server: Received chunk size 1048576 and buffer size 12582912
Server: Both clients are ready, buffer allocated
Client: AM message sent successfully (status = Success)
Client: AM message sent successfully (status = Success)
Client: AM message sent successfully (status = Success)
Client: AM message sent successfully (status = Success)
Server received all data from clients

Offset value: 1813926
end: 1744950892877940463 ns
sort-end: 1744950892877402816 ns
sort-start: 1744950892876793791 ns
t4-end: 1744950892874206833 ns
t4-start: 1744950891125648243 ns
t5-end: 1744950892874337410 ns
t5-start: 1744950891251254561 ns
transfer-end: 1744950891591558317 ns
unique-end: 1744950892877893274 ns
unique-start: 1744950892877723651 ns
t4: 1748558590 ns
t5: 1623082849 ns
t4-t5: 1748689167 ns
Sort time: 609025 ns
Unique time: 169623 ns
t6: 778648 ns
[1744950892.993385] [cdr2638:1327738:0]          rcache.c:701  UCX  WARN  ucp_rcache: destroying inuse region 0xae3c50 [0x1471d7ffe000..0x1471d97fe040] g- rw ref 1 md[0]=self md[1]=tcp md[4]=hfi1_0 md[5]=cma
