srun: warning: can't run 1 processes on 3 nodes, setting nnodes to 1
Starting deduplication
Creating GPU merger 1
Creating GPU merger 2
Creating CPU merger
0
0
Creating client ucp endpoint
Sending metadata to server: buffer_size = 1073741824, chunk_size = 134217728
Client: Received rkey and remote address from server.
Client: Received rkey and remote address from server.
Received Rkey from server
Server listening on port 9090
Accepted connection
deduplication-end: 1744932489440892705 ns
deduplication-start: 1744932246605964903 ns
end: 1744932508839325447 ns
start: 1744932246554161180 ns
t1-end: 1744932246778444484 ns
t1-start: 1744932246554930534 ns
t3-end: 1744932489542923011 ns
t3-start: 1744932286966448595 ns
t1: 223513950 ns
t2: 242834927802 ns
Tuples sent: 155809590
