srun: warning: can't run 1 processes on 3 nodes, setting nnodes to 1
Server is listening on port 8047
Server: client connected
Server received AM: 134217728 1073741824
Server: Received chunk size 134217728 and buffer size 1073741824
Server: client connected
Server received AM: 134217728 1073741824
Server: Received chunk size 134217728 and buffer size 1073741824
Server: Both clients are ready, buffer allocated
Client: AM message sent successfully (status = Success)
Client: AM message sent successfully (status = Success)
Client: AM message sent successfully (status = Success)
Client: AM message sent successfully (status = Success)
Server received all data from clients

Offset value: 200036282
end: 1744932508839170993 ns
sort-end: 1744932508832905828 ns
sort-start: 1744932508811809972 ns
t4-end: 1744932508805785088 ns
t4-start: 1744932282394954428 ns
t5-end: 1744932508809014341 ns
t5-start: 1744932292940970601 ns
transfer-end: 1744932508805783210 ns
unique-end: 1744932508839122002 ns
unique-start: 1744932508835901320 ns
t4: 226410830660 ns
t5: 215868043740 ns
t4-t5: 226414059913 ns
Sort time: 21095856 ns
Unique time: 3220682 ns
t6: 24316538 ns
[1744932510.154471] [cdr2631:1192981:0]          rcache.c:701  UCX  WARN  ucp_rcache: destroying inuse region 0xfb4c50 [0x154cfffff000..0x154d7ffff040] g- rw ref 1 md[0]=self md[1]=tcp md[4]=hfi1_0 md[5]=cma
