srun: warning: can't run 1 processes on 3 nodes, setting nnodes to 1
Starting deduplication
Creating GPU merger 1
Creating GPU merger 2
Creating CPU merger
0
0
Creating client ucp endpoint
Sending metadata to server: buffer_size = 1610612736, chunk_size = 134217728
Client: Received rkey and remote address from server.
Client: Received rkey and remote address from server.
Received Rkey from server
Connected to 172.16.146.68:9090
deduplication-end: 1744957162564179058 ns
deduplication-start: 1744956944034681620 ns
end: 1744957164433393190 ns
start: 1744956944023866253 ns
t1-end: 1744956944078632436 ns
t1-start: 1744956944024093379 ns
t3-end: 1744957162644295043 ns
t3-start: 1744956979418817228 ns
t1: 54539057 ns
t2: 218529497438 ns
Tuples sent: 153215615
