srun: warning: can't run 1 processes on 3 nodes, setting nnodes to 1
Server is listening on port 8047
Server: client connected
Server received AM: 134217728 1610612736
Server: Received chunk size 134217728 and buffer size 1610612736
Server: client connected
Server received AM: 134217728 1610612736
Server: Received chunk size 134217728 and buffer size 1610612736
Server: Both clients are ready, buffer allocated
Client: AM message sent successfully (status = Success)
Client: AM message sent successfully (status = Success)
Client: AM message sent successfully (status = Success)
Client: AM message sent successfully (status = Success)
Server received all data from clients

Offset value: 197120391
end: 1744957164432971149 ns
sort-end: 1744957164426313625 ns
sort-start: 1744957164405566822 ns
t4-end: 1744957164390319885 ns
t4-start: 1744956979051221861 ns
t5-end: 1744957164402731837 ns
t5-start: 1744956979070613059 ns
transfer-end: 1744957164390312811 ns
unique-end: 1744957164432922235 ns
unique-start: 1744957164429654176 ns
t4: 185339098024 ns
t5: 185332118778 ns
t4-t5: 185351509976 ns
Sort time: 20746803 ns
Unique time: 3268059 ns
t6: 24014862 ns
[1744957164.519146] [cdr2630:659095:0]          rcache.c:701  UCX  WARN  ucp_rcache: destroying inuse region 0x2583c60 [0x14ed857fe000..0x14ee457fe040] g- rw ref 1 md[0]=self md[1]=tcp md[4]=hfi1_0 md[5]=cma
