srun: warning: can't run 1 processes on 3 nodes, setting nnodes to 1
Starting deduplication
Creating GPU merger 1
Creating GPU merger 2
Creating CPU merger
0
0
Creating client ucp endpoint
Sending metadata to server: buffer_size = 50331648, chunk_size = 4194304
Client: Received rkey and remote address from server.
Client: Received rkey and remote address from server.
Received Rkey from server
Connected to 172.16.146.47:9090
deduplication-end: 1744941799323461636 ns
deduplication-start: 1744941792095021202 ns
end: 1744941801422559420 ns
start: 1744941792092693566 ns
t1-end: 1744941792102084482 ns
t1-start: 1744941792093672624 ns
t3-end: 1744941799341724685 ns
t3-start: 1744941793008562033 ns
t1: 8411858 ns
t2: 7228440434 ns
Tuples sent: 8388608
