srun: warning: can't run 1 processes on 3 nodes, setting nnodes to 1
Server is listening on port 8034
Server: client connected
Server received AM: 4194304 50331648
Server: Received chunk size 4194304 and buffer size 50331648
Server: client connected
Server received AM: 4194304 50331648
Server: Received chunk size 4194304 and buffer size 50331648
Server: Both clients are ready, buffer allocated
Client: AM message sent successfully (status = Success)
Client: AM message sent successfully (status = Success)
Client: AM message sent successfully (status = Success)
Client: AM message sent successfully (status = Success)
Server received all data from clients

Offset value: 3332369
end: 1744952337789829787 ns
sort-end: 1744952337789147647 ns
sort-start: 1744952337787843137 ns
t4-end: 1744952337785315705 ns
t4-start: 1744952337296650473 ns
t5-end: 1744952337785710608 ns
t5-start: 1744952337297334580 ns
transfer-end: 1744952337315690861 ns
unique-end: 1744952337789779826 ns
unique-start: 1744952337789516644 ns
t4: 488665232 ns
t5: 488376028 ns
t4-t5: 489060135 ns
Sort time: 1304510 ns
Unique time: 263182 ns
t6: 1567692 ns
[1744952337.885922] [cdr2630:651967:0]          rcache.c:701  UCX  WARN  ucp_rcache: destroying inuse region 0x1c1cc60 [0x152db9fff000..0x152dbffff040] g- rw ref 1 md[0]=self md[1]=tcp md[4]=hfi1_0 md[5]=cma
