srun: warning: can't run 1 processes on 3 nodes, setting nnodes to 1
Starting deduplication
Creating GPU merger 1
Creating GPU merger 2
Creating CPU merger
0
0
Creating client ucp endpoint
Sending metadata to server: buffer_size = 1073741824, chunk_size = 134217728
Client: Received rkey and remote address from server.
Client: Received rkey and remote address from server.
Received Rkey from server
Connected to 172.16.146.69:9090
deduplication-end: 1744931162586187003 ns
deduplication-start: 1744931016435601155 ns
end: 1744931178378896320 ns
start: 1744931016383026892 ns
t1-end: 1744931016600973155 ns
t1-start: 1744931016383385659 ns
t3-end: 1744931162646600459 ns
t3-start: 1744931056632072989 ns
t1: 217587496 ns
t2: 146150585848 ns
Tuples sent: 53380998
