srun: warning: can't run 1 processes on 3 nodes, setting nnodes to 1
Starting deduplication
Creating GPU merger 1
Creating GPU merger 2
Creating CPU merger
0
0
Creating client ucp endpoint
Sending metadata to server: buffer_size = 1073741824, chunk_size = 134217728
Client: Received rkey and remote address from server.
Client: Received rkey and remote address from server.
Received Rkey from server
Server listening on port 9090
Accepted connection
deduplication-end: 1744931166153144391 ns
deduplication-start: 1744931016434293878 ns
end: 1744931178378807598 ns
start: 1744931016382981489 ns
t1-end: 1744931016593745388 ns
t1-start: 1744931016383331732 ns
t3-end: 1744931166203089570 ns
t3-start: 1744931056655960623 ns
t1: 210413656 ns
t2: 149718850513 ns
Tuples sent: 53380449
