srun: warning: can't run 1 processes on 3 nodes, setting nnodes to 1
Server is listening on port 8031
Server: client connected
Server received AM: 134217728 1073741824
Server: Received chunk size 134217728 and buffer size 1073741824
Server: client connected
Server received AM: 134217728 1073741824
Server: Received chunk size 134217728 and buffer size 1073741824
Server: Both clients are ready, buffer allocated
Client: AM message sent successfully (status = Success)
Client: AM message sent successfully (status = Success)
Client: AM message sent successfully (status = Success)
Client: AM message sent successfully (status = Success)
Server received all data from clients

Offset value: 53685960
end: 1744931178378611540 ns
sort-end: 1744931178376842372 ns
sort-start: 1744931178369403169 ns
t4-end: 1744931178365014620 ns
t4-start: 1744931056686476776 ns
t5-end: 1744931178367120908 ns
t5-start: 1744931073950655436 ns
transfer-end: 1744931178365012412 ns
unique-end: 1744931178378556948 ns
unique-start: 1744931178377454899 ns
t4: 121678537844 ns
t5: 104416465472 ns
t4-t5: 121680644132 ns
Sort time: 7439203 ns
Unique time: 1102049 ns
t6: 8541252 ns
[1744931179.680354] [cdr2631:1175447:0]          rcache.c:701  UCX  WARN  ucp_rcache: destroying inuse region 0xc1cc50 [0x147aa17fe000..0x147b217fe040] g- rw ref 1 md[0]=self md[1]=tcp md[4]=hfi1_0 md[5]=cma
