srun: warning: can't run 1 processes on 3 nodes, setting nnodes to 1
Starting deduplication
Creating GPU merger 1
Creating GPU merger 2
Creating CPU merger
0
0
Creating client ucp endpoint
Sending metadata to server: buffer_size = 1610612736, chunk_size = 134217728
Client: Received rkey and remote address from server.
Client: Received rkey and remote address from server.
Received Rkey from server
Server listening on port 9090
Accepted connection
deduplication-end: 1744957867302968629 ns
deduplication-start: 1744957647335197547 ns
end: 1744957870391585720 ns
start: 1744957647324490496 ns
t1-end: 1744957647368328720 ns
t1-start: 1744957647324867846 ns
t3-end: 1744957867325591668 ns
t3-start: 1744957682533214833 ns
t1: 43460874 ns
t2: 219967771082 ns
Tuples sent: 169690286
