srun: warning: can't run 1 processes on 3 nodes, setting nnodes to 1
Starting deduplication
Creating GPU merger 1
Creating GPU merger 2
Creating CPU merger
0
0
Creating client ucp endpoint
Sending metadata to server: buffer_size = 33554432, chunk_size = 4194304
Client: Received rkey and remote address from server.
Client: Received rkey and remote address from server.
Received Rkey from server
Server listening on port 9090
Accepted connection
deduplication-end: 1744929955179883911 ns
deduplication-start: 1744929953351968135 ns
end: 1744929955418037206 ns
start: 1744929953349120672 ns
t1-end: 1744929953359525815 ns
t1-start: 1744929953349796228 ns
t3-end: 1744929955183985247 ns
t3-start: 1744929955179942668 ns
t1: 9729587 ns
t2: 1827915776 ns
Tuples sent: 419430
