srun: warning: can't run 1 processes on 3 nodes, setting nnodes to 1
Starting deduplication
Creating GPU merger 1
Creating GPU merger 2
Creating CPU merger
0
0
Creating client ucp endpoint
Sending metadata to server: buffer_size = 33554432, chunk_size = 4194304
Client: Received rkey and remote address from server.
Client: Received rkey and remote address from server.
Received Rkey from server
Connected to 172.16.146.69:9090
deduplication-end: 1744929955090027765 ns
deduplication-start: 1744929953351467966 ns
end: 1744929955418207209 ns
start: 1744929953349205783 ns
t1-end: 1744929953359271273 ns
t1-start: 1744929953349612904 ns
t3-end: 1744929955094498615 ns
t3-start: 1744929955090087037 ns
t1: 9658369 ns
t2: 1738559799 ns
Tuples sent: 419430
