srun: warning: can't run 1 processes on 3 nodes, setting nnodes to 1
Server is listening on port 8010
Server: client connected
Server received AM: 4194304 33554432
Server: Received chunk size 4194304 and buffer size 33554432
Server: client connected
Server received AM: 4194304 33554432
Server: Received chunk size 4194304 and buffer size 33554432
Server: Both clients are ready, buffer allocated
Client: AM message sent successfully (status = Success)
Client: AM message sent successfully (status = Success)
Client: AM message sent successfully (status = Success)
Client: AM message sent successfully (status = Success)
Server received all data from clients

Offset value: 419430
end: 1744929955417826179 ns
sort-end: 1744929955400742050 ns
sort-start: 1744929955400363105 ns
t4-end: 1744929955397073280 ns
t4-start: 1744929955090867478 ns
t5-end: 1744929955397797119 ns
transfer-end: 1744929955397071782 ns
unique-end: 1744929955417773871 ns
unique-start: 1744929955417636846 ns
t4: 306205802 ns
t5: 1744929955397797119 ns
t4-t5: 306929641 ns
Sort time: 378945 ns
Unique time: 137025 ns
t6: 515970 ns
[1744929955.544330] [cdr2631:1173864:0]          rcache.c:701  UCX  WARN  ucp_rcache: destroying inuse region 0x1375c60 [0x14f533fff000..0x14f537fff040] g- rw ref 1 md[0]=self md[1]=tcp md[4]=hfi1_0 md[5]=cma
