srun: warning: can't run 1 processes on 3 nodes, setting nnodes to 1
Server is listening on port 8040
Server: client connected
Server received AM: 1048576 12582912
Server: Received chunk size 1048576 and buffer size 12582912
Server: client connected
Server received AM: 1048576 12582912
Server: Received chunk size 1048576 and buffer size 12582912
Server: Both clients are ready, buffer allocated
Client: AM message sent successfully (status = Success)
Client: AM message sent successfully (status = Success)
Client: AM message sent successfully (status = Success)
Client: AM message sent successfully (status = Success)
Server received all data from clients

Offset value: 1539740
end: 1744956551167433571 ns
sort-end: 1744956551167010914 ns
sort-start: 1744956551166558965 ns
t4-end: 1744956551164646294 ns
t4-start: 1744956550110585742 ns
t5-end: 1744956551164800541 ns
t5-start: 1744956550110853271 ns
transfer-end: 1744956551164644338 ns
unique-end: 1744956551167390080 ns
unique-start: 1744956551167247567 ns
t4: 1054060552 ns
t5: 1053947270 ns
t4-t5: 1054214799 ns
Sort time: 451949 ns
Unique time: 142513 ns
t6: 594462 ns
[1744956551.261150] [cdr2630:658577:0]          rcache.c:701  UCX  WARN  ucp_rcache: destroying inuse region 0x2298c60 [0x153933ffe000..0x1539357fe040] g- rw ref 1 md[0]=self md[1]=tcp md[4]=hfi1_0 md[5]=cma
