srun: warning: can't run 1 processes on 3 nodes, setting nnodes to 1
Starting deduplication
Creating GPU merger 1
Creating GPU merger 2
Creating CPU merger
0
0
Creating client ucp endpoint
Sending metadata to server: buffer_size = 12582912, chunk_size = 1048576
Client: Received rkey and remote address from server.
Client: Received rkey and remote address from server.
Received Rkey from server
Server listening on port 9090
Accepted connection
deduplication-end: 1744954395369841471 ns
deduplication-start: 1744954394751243382 ns
end: 1744954395373470620 ns
start: 1744954394750605213 ns
t1-end: 1744954394752905202 ns
t1-start: 1744954394750926508 ns
t3-end: 1744954395373864808 ns
t3-start: 1744954395369885814 ns
t1: 1978694 ns
t2: 618598089 ns
Tuples sent: 20970
