srun: warning: can't run 1 processes on 3 nodes, setting nnodes to 1
Starting deduplication
Creating GPU merger 1
Creating GPU merger 2
Creating CPU merger
0
0
Creating client ucp endpoint
Sending metadata to server: buffer_size = 536870912, chunk_size = 67108864
Client: Received rkey and remote address from server.
Client: Received rkey and remote address from server.
Received Rkey from server
Connected to 172.16.146.69:9090
deduplication-end: 1744932182532243987 ns
deduplication-start: 1744932061876455655 ns
end: 1744932183641982559 ns
start: 1744932061849631819 ns
t1-end: 1744932061961341690 ns
t1-start: 1744932061849973294 ns
t3-end: 1744932182598443984 ns
t3-start: 1744932082517148516 ns
t1: 111368396 ns
t2: 120655788332 ns
Tuples sent: 77235730
