srun: warning: can't run 1 processes on 3 nodes, setting nnodes to 1
Server is listening on port 8046
Server: client connected
Server received AM: 67108864 536870912
Server: Received chunk size 67108864 and buffer size 536870912
Server: client connected
Server received AM: 67108864 536870912
Server: Received chunk size 67108864 and buffer size 536870912
Server: Both clients are ready, buffer allocated
Client: AM message sent successfully (status = Success)
Client: AM message sent successfully (status = Success)
Client: AM message sent successfully (status = Success)
Client: AM message sent successfully (status = Success)
Server received all data from clients

Offset value: 99269680
end: 1744932183641639604 ns
sort-end: 1744932183639288533 ns
sort-start: 1744932183628791452 ns
t4-end: 1744932183625490561 ns
t4-start: 1744932079003794964 ns
t5-end: 1744932183626687385 ns
t5-start: 1744932080682330609 ns
transfer-end: 1744932183625488766 ns
unique-end: 1744932183641590983 ns
unique-start: 1744932183639966065 ns
t4: 104621695597 ns
t5: 102944356776 ns
t4-t5: 104622892421 ns
Sort time: 10497081 ns
Unique time: 1624918 ns
t6: 12121999 ns
[1744932184.338519] [cdr2631:1186017:0]          rcache.c:701  UCX  WARN  ucp_rcache: destroying inuse region 0x18c0c60 [0x147c2d7fe000..0x147c6d7fe040] g- rw ref 1 md[0]=self md[1]=tcp md[4]=hfi1_0 md[5]=cma
