srun: warning: can't run 1 processes on 3 nodes, setting nnodes to 1
Starting deduplication
Creating GPU merger 1
Creating GPU merger 2
Creating CPU merger
0
0
Creating client ucp endpoint
Sending metadata to server: buffer_size = 12582912, chunk_size = 1048576
Client: Received rkey and remote address from server.
Client: Received rkey and remote address from server.
Received Rkey from server
Server listening on port 9090
Accepted connection
deduplication-end: 1744954702896235828 ns
deduplication-start: 1744954702486081532 ns
end: 1744954702899349836 ns
start: 1744954702485167445 ns
t1-end: 1744954702488128487 ns
t1-start: 1744954702485796082 ns
t3-end: 1744954702899887685 ns
t3-start: 1744954702896281348 ns
t1: 2332405 ns
t2: 410154296 ns
Tuples sent: 104856
