srun: warning: can't run 1 processes on 3 nodes, setting nnodes to 1
Starting deduplication
Creating GPU merger 1
Creating GPU merger 2
Creating CPU merger
0
0
Creating client ucp endpoint
Sending metadata to server: buffer_size = 12582912, chunk_size = 1048576
Client: Received rkey and remote address from server.
Client: Received rkey and remote address from server.
Received Rkey from server
Connected to 172.16.146.68:9090
deduplication-end: 1744954702885898934 ns
deduplication-start: 1744954702486150393 ns
end: 1744954702899487094 ns
start: 1744954702485193811 ns
t1-end: 1744954702486614084 ns
t1-start: 1744954702485871167 ns
t3-end: 1744954702890195915 ns
t3-start: 1744954702885942360 ns
t1: 742917 ns
t2: 399748541 ns
Tuples sent: 104856
