srun: warning: can't run 1 processes on 3 nodes, setting nnodes to 1
Server is listening on port 8008
Server: client connected
Server received AM: 1048576 12582912
Server: Received chunk size 1048576 and buffer size 12582912
Server: client connected
Server received AM: 1048576 12582912
Server: Received chunk size 1048576 and buffer size 12582912
Server: Both clients are ready, buffer allocated
Client: AM message sent successfully (status = Success)
Client: AM message sent successfully (status = Success)
Client: AM message sent successfully (status = Success)
Client: AM message sent successfully (status = Success)
Server received all data from clients

Offset value: 104856
end: 1744954702899103619 ns
sort-end: 1744954702898895492 ns
sort-start: 1744954702898620158 ns
t4-end: 1744954702896835643 ns
t4-start: 1744954702886270055 ns
t5-end: 1744954702897065919 ns
transfer-end: 1744954702896834530 ns
unique-end: 1744954702899053012 ns
unique-start: 1744954702898949146 ns
t4: 10565588 ns
t5: 1744954702897065919 ns
t4-t5: 10795864 ns
Sort time: 275334 ns
Unique time: 103866 ns
t6: 379200 ns
[1744954702.986000] [cdr2630:656277:0]          rcache.c:701  UCX  WARN  ucp_rcache: destroying inuse region 0x1e85c60 [0x1510fc1e6000..0x1510fd9e6040] g- rw ref 1 md[0]=self md[1]=tcp md[4]=hfi1_0 md[5]=cma
