srun: warning: can't run 1 processes on 3 nodes, setting nnodes to 1
Starting deduplication
Creating GPU merger 1
Creating GPU merger 2
Creating CPU merger
0
0
Creating client ucp endpoint
Sending metadata to server: buffer_size = 805306368, chunk_size = 67108864
Client: Received rkey and remote address from server.
Client: Received rkey and remote address from server.
Received Rkey from server
Connected to 172.16.146.78:9090
deduplication-end: 1744949690124760883 ns
deduplication-start: 1744949689930621563 ns
end: 1744949905741384877 ns
start: 1744949689924866840 ns
t1-end: 1744949689946648543 ns
t1-start: 1744949689925204890 ns
t3-end: 1744949690236196063 ns
t3-start: 1744949689959986694 ns
t1: 21443653 ns
t2: 194139320 ns
Tuples sent: 134217728
