srun: warning: can't run 1 processes on 3 nodes, setting nnodes to 1
Starting deduplication
Creating GPU merger 1
Creating GPU merger 2
Creating CPU merger
0
0
Creating client ucp endpoint
Sending metadata to server: buffer_size = 805306368, chunk_size = 67108864
Client: Received rkey and remote address from server.
Client: Received rkey and remote address from server.
Received Rkey from server
Server listening on port 9090
Accepted connection
deduplication-end: 1744942160447345348 ns
deduplication-start: 1744942040240851722 ns
end: 1744942269736682892 ns
start: 1744942040214738713 ns
t1-end: 1744942040333917615 ns
t1-start: 1744942040215159192 ns
t3-end: 1744942160520606341 ns
t3-start: 1744942054872730571 ns
t1: 118758423 ns
t2: 120206493626 ns
Tuples sent: 134217728
