srun: warning: can't run 1 processes on 3 nodes, setting nnodes to 1
Server is listening on port 8021
Server: client connected
Server received AM: 33554432 402653184
Server: Received chunk size 33554432 and buffer size 402653184
Server: client connected
Server received AM: 33554432 402653184
Server: Received chunk size 33554432 and buffer size 402653184
Server: Both clients are ready, buffer allocated
Client: AM message sent successfully (status = Success)
Client: AM message sent successfully (status = Success)
Client: AM message sent successfully (status = Success)
Client: AM message sent successfully (status = Success)
Server received all data from clients

Offset value: 6710886
end: 1744955213328236347 ns
sort-end: 1744955213327659522 ns
sort-start: 1744955213326497738 ns
t4-end: 1744955213320067599 ns
t4-start: 1744955211359877724 ns
t5-end: 1744955213324593355 ns
t5-start: 1744955213320057144 ns
transfer-end: 1744955213320066329 ns
unique-end: 1744955213328191568 ns
unique-start: 1744955213327954106 ns
t4: 1960189875 ns
t5: 4536211 ns
t4-t5: 1964715631 ns
Sort time: 1161784 ns
Unique time: 237462 ns
t6: 1399246 ns
[1744955213.407140] [cdr2630:657194:0]          rcache.c:701  UCX  WARN  ucp_rcache: destroying inuse region 0x19afc60 [0x1490457fe000..0x1490757fe040] g- rw ref 1 md[0]=self md[1]=tcp md[4]=hfi1_0 md[5]=cma
