srun: warning: can't run 1 processes on 3 nodes, setting nnodes to 1
Server is listening on port 8022
Server: client connected
Server received AM: 67108864 536870912
Server: Received chunk size 67108864 and buffer size 536870912
Server: client connected
Server received AM: 67108864 536870912
Server: Received chunk size 67108864 and buffer size 536870912
Server: Both clients are ready, buffer allocated
Client: AM message sent successfully (status = Success)
Client: AM message sent successfully (status = Success)
Client: AM message sent successfully (status = Success)
Client: AM message sent successfully (status = Success)
Server received all data from clients

Offset value: 13421772
end: 1744930515154995452 ns
sort-end: 1744930515154243766 ns
sort-start: 1744930515152221296 ns
t4-end: 1744930515146648417 ns
t4-start: 1744930508589738813 ns
t5-end: 1744930515150194363 ns
t5-start: 1744930512667001231 ns
transfer-end: 1744930515146646670 ns
unique-end: 1744930515154945683 ns
unique-start: 1744930515154578036 ns
t4: 6556909604 ns
t5: 2483193132 ns
t4-t5: 6560455550 ns
Sort time: 2022470 ns
Unique time: 367647 ns
t6: 2390117 ns
[1744930515.850350] [cdr2631:1174769:0]          rcache.c:701  UCX  WARN  ucp_rcache: destroying inuse region 0x224cc60 [0x14ab517fe000..0x14ab917fe040] g- rw ref 1 md[0]=self md[1]=tcp md[4]=hfi1_0 md[5]=cma
