srun: warning: can't run 1 processes on 3 nodes, setting nnodes to 1
Starting deduplication
Creating GPU merger 1
Creating GPU merger 2
Creating CPU merger
0
0
Creating client ucp endpoint
Sending metadata to server: buffer_size = 201326592, chunk_size = 16777216
Client: Received rkey and remote address from server.
Client: Received rkey and remote address from server.
Received Rkey from server
Connected to 172.16.146.68:9090
deduplication-end: 1744955594282060423 ns
deduplication-start: 1744955580439972885 ns
end: 1744955594997888148 ns
start: 1744955580438043703 ns
t1-end: 1744955580459344274 ns
t1-start: 1744955580438388981 ns
t3-end: 1744955594302601411 ns
t3-start: 1744955584593673792 ns
t1: 20955293 ns
t2: 13842087538 ns
Tuples sent: 6665738
