srun: warning: can't run 1 processes on 3 nodes, setting nnodes to 1
Server is listening on port 8028
Server: client connected
Server received AM: 16777216 201326592
Server: Received chunk size 16777216 and buffer size 201326592
Server: client connected
Server received AM: 16777216 201326592
Server: Received chunk size 16777216 and buffer size 201326592
Server: Both clients are ready, buffer allocated
Client: AM message sent successfully (status = Success)
Client: AM message sent successfully (status = Success)
Client: AM message sent successfully (status = Success)
Client: AM message sent successfully (status = Success)
Server received all data from clients

Offset value: 6710575
end: 1744955594997585051 ns
sort-end: 1744955594997003793 ns
sort-start: 1744955594995849942 ns
t4-end: 1744955594992306610 ns
t4-start: 1744955584602013217 ns
t5-end: 1744955594993962341 ns
t5-start: 1744955584605375035 ns
transfer-end: 1744955594992305176 ns
unique-end: 1744955594997539734 ns
unique-start: 1744955594997296444 ns
t4: 10390293393 ns
t5: 10388587306 ns
t4-t5: 10391949124 ns
Sort time: 1153851 ns
Unique time: 243290 ns
t6: 1397141 ns
[1744955595.083163] [cdr2630:657675:0]          rcache.c:701  UCX  WARN  ucp_rcache: destroying inuse region 0x1d84c60 [0x14b2697fe000..0x14b2817fe040] g- rw ref 1 md[0]=self md[1]=tcp md[4]=hfi1_0 md[5]=cma
