srun: warning: can't run 1 processes on 3 nodes, setting nnodes to 1
Starting deduplication
Creating GPU merger 1
Creating GPU merger 2
Creating CPU merger
0
0
Creating client ucp endpoint
Sending metadata to server: buffer_size = 50331648, chunk_size = 4194304
Client: Received rkey and remote address from server.
Client: Received rkey and remote address from server.
Received Rkey from server
Server listening on port 9090
Accepted connection
deduplication-end: 1744952171651907979 ns
deduplication-start: 1744952171638586409 ns
end: 1744952172546693595 ns
start: 1744952171637560242 ns
t1-end: 1744952171641023645 ns
t1-start: 1744952171637812514 ns
t3-end: 1744952171732974973 ns
t3-start: 1744952171640260364 ns
t1: 3211131 ns
t2: 13321570 ns
Tuples sent: 8388608
