srun: warning: can't run 1 processes on 3 nodes, setting nnodes to 1
Server is listening on port 8026
Server: client connected
Server received AM: 4194304 50331648
Server: Received chunk size 4194304 and buffer size 50331648
Server: client connected
Server received AM: 4194304 50331648
Server: Received chunk size 4194304 and buffer size 50331648
Server: Both clients are ready, buffer allocated
Client: AM message sent successfully (status = Success)
Client: AM message sent successfully (status = Success)
Client: AM message sent successfully (status = Success)
Client: AM message sent successfully (status = Success)
Server received all data from clients

Offset value: 1677660
end: 1744952172546416864 ns
sort-end: 1744952172545791413 ns
sort-start: 1744952172544475427 ns
t4-end: 1744952172542051427 ns
t4-start: 1744952171642302331 ns
t5-end: 1744952172542402513 ns
t5-start: 1744952171643209518 ns
transfer-end: 1744952171659406353 ns
unique-end: 1744952172546367958 ns
unique-start: 1744952172546107641 ns
t4: 899749096 ns
t5: 899192995 ns
t4-t5: 900100182 ns
Sort time: 1315986 ns
Unique time: 260317 ns
t6: 1576303 ns
[1744952172.656904] [cdr2630:650835:0]          rcache.c:701  UCX  WARN  ucp_rcache: destroying inuse region 0x13ffc60 [0x14a3df7fe000..0x14a3e57fe040] g- rw ref 1 md[0]=self md[1]=tcp md[4]=hfi1_0 md[5]=cma
