srun: warning: can't run 1 processes on 3 nodes, setting nnodes to 1
Starting deduplication
Creating GPU merger 1
Creating GPU merger 2
Creating CPU merger
0
0
Creating client ucp endpoint
Sending metadata to server: buffer_size = 33554432, chunk_size = 4194304
Client: Received rkey and remote address from server.
Client: Received rkey and remote address from server.
Received Rkey from server
Server listening on port 9090
Accepted connection
deduplication-end: 1744930761400970458 ns
deduplication-start: 1744930758342638020 ns
end: 1744930762547203505 ns
start: 1744930758340094143 ns
t1-end: 1744930758350313318 ns
t1-start: 1744930758340512602 ns
t3-end: 1744930761428962064 ns
t3-start: 1744930759406568409 ns
t1: 9800716 ns
t2: 3058332438 ns
Tuples sent: 1666365
