srun: warning: can't run 1 processes on 3 nodes, setting nnodes to 1
Starting deduplication
Creating GPU merger 1
Creating GPU merger 2
Creating CPU merger
0
0
Creating client ucp endpoint
Sending metadata to server: buffer_size = 33554432, chunk_size = 4194304
Client: Received rkey and remote address from server.
Client: Received rkey and remote address from server.
Received Rkey from server
Connected to 172.16.146.69:9090
deduplication-end: 1744930761383110944 ns
deduplication-start: 1744930758343123447 ns
end: 1744930762547369697 ns
start: 1744930758340075864 ns
t1-end: 1744930758350236006 ns
t1-start: 1744930758340458997 ns
t3-end: 1744930761401365945 ns
t3-start: 1744930759449330210 ns
t1: 9777009 ns
t2: 3039987497 ns
Tuples sent: 1666324
