srun: warning: can't run 1 processes on 3 nodes, setting nnodes to 1
Server is listening on port 8026
Server: client connected
Server received AM: 4194304 33554432
Server: Received chunk size 4194304 and buffer size 33554432
Server: client connected
Server received AM: 4194304 33554432
Server: Received chunk size 4194304 and buffer size 33554432
Server: Both clients are ready, buffer allocated
Client: AM message sent successfully (status = Success)
Client: AM message sent successfully (status = Success)
Client: AM message sent successfully (status = Success)
Client: AM message sent successfully (status = Success)
Server received all data from clients

Offset value: 1677350
end: 1744930762546984746 ns
sort-end: 1744930762546523905 ns
sort-start: 1744930762546009280 ns
t4-end: 1744930762543945524 ns
t4-start: 1744930759408939380 ns
t5-end: 1744930762544063640 ns
t5-start: 1744930759881581134 ns
transfer-end: 1744930762543943402 ns
unique-end: 1744930762546936764 ns
unique-start: 1744930762546787388 ns
t4: 3135006144 ns
t5: 2662482506 ns
t4-t5: 3135124260 ns
Sort time: 514625 ns
Unique time: 149376 ns
t6: 664001 ns
[1744930762.694336] [cdr2631:1175051:0]          rcache.c:701  UCX  WARN  ucp_rcache: destroying inuse region 0xa06c50 [0x1540317fe000..0x1540357fe040] g- rw ref 1 md[0]=self md[1]=tcp md[4]=hfi1_0 md[5]=cma
