srun: warning: can't run 1 processes on 3 nodes, setting nnodes to 1
Starting deduplication
Creating GPU merger 1
Creating GPU merger 2
Creating CPU merger
0
0
Creating client ucp endpoint
Sending metadata to server: buffer_size = 402653184, chunk_size = 33554432
Client: Received rkey and remote address from server.
Client: Received rkey and remote address from server.
Received Rkey from server
Connected to 172.16.146.75:9090
deduplication-end: 1744951892281025355 ns
deduplication-start: 1744951892186966586 ns
end: 1744951892402768789 ns
start: 1744951892183407808 ns
t1-end: 1744951892194705275 ns
t1-start: 1744951892184138002 ns
t3-end: 1744951892380362337 ns
t3-start: 1744951892199103383 ns
t1: 10567273 ns
t2: 94058769 ns
Tuples sent: 67108864
