srun: warning: can't run 1 processes on 3 nodes, setting nnodes to 1
Starting deduplication
Creating GPU merger 1
Creating GPU merger 2
Creating CPU merger
0
0
Creating client ucp endpoint
Sending metadata to server: buffer_size = 402653184, chunk_size = 33554432
Client: Received rkey and remote address from server.
Client: Received rkey and remote address from server.
Received Rkey from server
Server listening on port 9090
Accepted connection
deduplication-end: 1744951892284178264 ns
deduplication-start: 1744951892186585621 ns
end: 1744951892402680150 ns
start: 1744951892183373991 ns
t1-end: 1744951892201214964 ns
t1-start: 1744951892183710234 ns
t3-end: 1744951892385509772 ns
t3-start: 1744951892201315708 ns
t1: 17504730 ns
t2: 97592643 ns
Tuples sent: 67108864
