srun: warning: can't run 1 processes on 3 nodes, setting nnodes to 1
Server is listening on port 8013
Server: client connected
Server received AM: 33554432 402653184
Server: Received chunk size 33554432 and buffer size 402653184
Server: client connected
Server received AM: 33554432 402653184
Server: Received chunk size 33554432 and buffer size 402653184
Server: Both clients are ready, buffer allocated
Client: AM message sent successfully (status = Success)
Client: AM message sent successfully (status = Success)
Client: AM message sent successfully (status = Success)
Client: AM message sent successfully (status = Success)
Server received all data from clients

Offset value: 3355442
end: 1744951892402441506 ns
sort-end: 1744951892400691503 ns
sort-start: 1744951892391266529 ns
t4-end: 1744951892386513148 ns
t4-start: 1744951892212290466 ns
t5-end: 1744951892389241283 ns
t5-start: 1744951892218895516 ns
transfer-end: 1744951892386511492 ns
unique-end: 1744951892402393230 ns
unique-start: 1744951892401307464 ns
t4: 174222682 ns
t5: 170345767 ns
t4-t5: 176950817 ns
Sort time: 9424974 ns
Unique time: 1085766 ns
t6: 10510740 ns
[1744951892.488887] [cdr2630:647134:0]          rcache.c:701  UCX  WARN  ucp_rcache: destroying inuse region 0x1d8ac60 [0x145f557fe000..0x145f857fe040] g- rw ref 1 md[0]=self md[1]=tcp md[4]=hfi1_0 md[5]=cma
