srun: warning: can't run 1 processes on 3 nodes, setting nnodes to 1
Starting deduplication
Creating GPU merger 1
Creating GPU merger 2
Creating CPU merger
0
0
Creating client ucp endpoint
Sending metadata to server: buffer_size = 33554432, chunk_size = 4194304
Client: Received rkey and remote address from server.
Client: Received rkey and remote address from server.
Received Rkey from server
Server listening on port 9090
Accepted connection
deduplication-end: 1744932634910262499 ns
deduplication-start: 1744932628863277651 ns
end: 1744932634946756862 ns
start: 1744932628861132860 ns
t1-end: 1744932628871651589 ns
t1-start: 1744932628861469928 ns
t3-end: 1744932634927195790 ns
t3-start: 1744932630015482835 ns
t1: 10181661 ns
t2: 6046984848 ns
Tuples sent: 5305685
