srun: warning: can't run 1 processes on 3 nodes, setting nnodes to 1
Starting deduplication
Creating GPU merger 1
Creating GPU merger 2
Creating CPU merger
0
0
Creating client ucp endpoint
Sending metadata to server: buffer_size = 33554432, chunk_size = 4194304
Client: Received rkey and remote address from server.
Client: Received rkey and remote address from server.
Received Rkey from server
Connected to 172.16.146.69:9090
deduplication-end: 1744932634731671127 ns
deduplication-start: 1744932628863993906 ns
end: 1744932634946692020 ns
start: 1744932628860990335 ns
t1-end: 1744932628871742329 ns
t1-start: 1744932628861672353 ns
t3-end: 1744932634755408054 ns
t3-start: 1744932629891678335 ns
t1: 10069976 ns
t2: 5867677221 ns
Tuples sent: 5305865
