srun: warning: can't run 1 processes on 3 nodes, setting nnodes to 1
Server is listening on port 8050
Server: client connected
Server received AM: 4194304 33554432
Server: Received chunk size 4194304 and buffer size 33554432
Server: client connected
Server received AM: 4194304 33554432
Server: Received chunk size 4194304 and buffer size 33554432
Server: Both clients are ready, buffer allocated
Client: AM message sent successfully (status = Success)
Client: AM message sent successfully (status = Success)
Client: AM message sent successfully (status = Success)
Client: AM message sent successfully (status = Success)
Server received all data from clients

Offset value: 7256266
end: 1744932634946616749 ns
sort-end: 1744932634946058885 ns
sort-start: 1744932634945128064 ns
t4-end: 1744932634943099211 ns
t4-start: 1744932629893540129 ns
t5-end: 1744932634943267546 ns
t5-start: 1744932629997916743 ns
transfer-end: 1744932634936810848 ns
unique-end: 1744932634946572099 ns
unique-start: 1744932634946349290 ns
t4: 5049559082 ns
t5: 4945350803 ns
t4-t5: 5049727417 ns
Sort time: 930821 ns
Unique time: 222809 ns
t6: 1153630 ns
[1744932635.080538] [cdr2631:1203395:0]          rcache.c:701  UCX  WARN  ucp_rcache: destroying inuse region 0x141bc60 [0x155307fff000..0x15530bfff040] g- rw ref 1 md[0]=self md[1]=tcp md[4]=hfi1_0 md[5]=cma
