srun: warning: can't run 1 processes on 3 nodes, setting nnodes to 1
Starting deduplication
Creating GPU merger 1
Creating GPU merger 2
Creating CPU merger
0
0
Creating client ucp endpoint
Sending metadata to server: buffer_size = 100663296, chunk_size = 8388608
Client: Received rkey and remote address from server.
Client: Received rkey and remote address from server.
Received Rkey from server
Connected to 172.16.146.78:9090
deduplication-end: 1744949530278308586 ns
deduplication-start: 1744949530254138968 ns
end: 1744949538613642201 ns
start: 1744949530252693727 ns
t1-end: 1744949530256158387 ns
t1-start: 1744949530253160067 ns
t3-end: 1744949530387873855 ns
t3-start: 1744949530257205510 ns
t1: 2998320 ns
t2: 24169618 ns
Tuples sent: 16777216
