srun: warning: can't run 1 processes on 3 nodes, setting nnodes to 1
Server is listening on port 8035
Server: client connected
Server received AM: 8388608 100663296
Server: Received chunk size 8388608 and buffer size 100663296
Server: client connected
Server received AM: 8388608 100663296
Server: Received chunk size 8388608 and buffer size 100663296
Server: Both clients are ready, buffer allocated
Client: AM message sent successfully (status = Success)
Client: AM message sent successfully (status = Success)
Client: AM message sent successfully (status = Success)
Client: AM message sent successfully (status = Success)
Server received all data from clients

Offset value: 6665510
end: 1744952355189788778 ns
sort-end: 1744952355188996646 ns
sort-start: 1744952355186576200 ns
t4-end: 1744952355184012430 ns
t4-start: 1744952355153486010 ns
t5-end: 1744952355184699678 ns
t5-start: 1744952355154857677 ns
transfer-end: 1744952355184010575 ns
unique-end: 1744952355189742125 ns
unique-start: 1744952355189349015 ns
t4: 30526420 ns
t5: 29842001 ns
t4-t5: 31213668 ns
Sort time: 2420446 ns
Unique time: 393110 ns
t6: 2813556 ns
[1744952355.268109] [cdr2630:652038:0]          rcache.c:701  UCX  WARN  ucp_rcache: destroying inuse region 0x254cc60 [0x14f5e97fe000..0x14f5f57fe040] g- rw ref 1 md[0]=self md[1]=tcp md[4]=hfi1_0 md[5]=cma
