srun: warning: can't run 1 processes on 3 nodes, setting nnodes to 1
Server is listening on port 8045
Server: client connected
Server received AM: 33554432 402653184
Server: Received chunk size 33554432 and buffer size 402653184
Server: client connected
Server received AM: 33554432 402653184
Server: Received chunk size 33554432 and buffer size 402653184
Server: Both clients are ready, buffer allocated
Client: AM message sent successfully (status = Success)
Client: AM message sent successfully (status = Success)
Client: AM message sent successfully (status = Success)
Client: AM message sent successfully (status = Success)
Server received all data from clients

Offset value: 49282727
end: 1744956746231504755 ns
sort-end: 1744956746228237601 ns
sort-start: 1744956746222813623 ns
t4-end: 1744956746217000150 ns
t4-start: 1744956705476861891 ns
t5-end: 1744956746220105244 ns
t5-start: 1744956705481726864 ns
transfer-end: 1744956746216998770 ns
unique-end: 1744956746231454981 ns
unique-start: 1744956746230571464 ns
t4: 40740138259 ns
t5: 40738378380 ns
t4-t5: 40743243353 ns
Sort time: 5423978 ns
Unique time: 883517 ns
t6: 6307495 ns
[1744956746.316144] [cdr2630:658927:0]          rcache.c:701  UCX  WARN  ucp_rcache: destroying inuse region 0x2157c60 [0x1529f97fe000..0x152a297fe040] g- rw ref 1 md[0]=self md[1]=tcp md[4]=hfi1_0 md[5]=cma
