srun: warning: can't run 1 processes on 3 nodes, setting nnodes to 1
Starting deduplication
Creating GPU merger 1
Creating GPU merger 2
Creating CPU merger
0
0
Creating client ucp endpoint
Sending metadata to server: buffer_size = 12582912, chunk_size = 1048576
Client: Received rkey and remote address from server.
Client: Received rkey and remote address from server.
Received Rkey from server
Connected to 172.16.146.68:9090
deduplication-end: 1744957241017151474 ns
deduplication-start: 1744957239673416888 ns
end: 1744957241034578408 ns
start: 1744957239672869224 ns
t1-end: 1744957239674342450 ns
t1-start: 1744957239673125351 ns
t3-end: 1744957241034630796 ns
t3-start: 1744957239935059829 ns
t1: 1217099 ns
t2: 1343734586 ns
Tuples sent: 1326276
