srun: warning: can't run 1 processes on 3 nodes, setting nnodes to 1
Starting deduplication
Creating GPU merger 1
Creating GPU merger 2
Creating CPU merger
0
0
Creating client ucp endpoint
Sending metadata to server: buffer_size = 12582912, chunk_size = 1048576
Client: Received rkey and remote address from server.
Client: Received rkey and remote address from server.
Received Rkey from server
Server listening on port 9090
Accepted connection
deduplication-end: 1744957240944903947 ns
deduplication-start: 1744957239673255045 ns
end: 1744957241034468310 ns
start: 1744957239672857055 ns
t1-end: 1744957239674343038 ns
t1-start: 1744957239673094897 ns
t3-end: 1744957240967698871 ns
t3-start: 1744957239930554904 ns
t1: 1248141 ns
t2: 1271648902 ns
Tuples sent: 1325399
