srun: warning: can't run 1 processes on 3 nodes, setting nnodes to 1
Server is listening on port 8048
Server: client connected
Server received AM: 1048576 12582912
Server: Received chunk size 1048576 and buffer size 12582912
Server: client connected
Server received AM: 1048576 12582912
Server: Received chunk size 1048576 and buffer size 12582912
Server: Both clients are ready, buffer allocated
Client: AM message sent successfully (status = Success)
Client: AM message sent successfully (status = Success)
Client: AM message sent successfully (status = Success)
Client: AM message sent successfully (status = Success)
Server received all data from clients

Offset value: 1813671
end: 1744957241034043342 ns
sort-end: 1744957241033610210 ns
sort-start: 1744957241033143445 ns
t4-end: 1744957241031356020 ns
t4-start: 1744957239930998254 ns
t5-end: 1744957241031402319 ns
t5-start: 1744957239931250198 ns
transfer-end: 1744957241031354091 ns
unique-end: 1744957241034000897 ns
unique-start: 1744957241033855153 ns
t4: 1100357766 ns
t5: 1100152121 ns
t4-t5: 1100404065 ns
Sort time: 466765 ns
Unique time: 145744 ns
t6: 612509 ns
[1744957241.117108] [cdr2630:659218:0]          rcache.c:701  UCX  WARN  ucp_rcache: destroying inuse region 0x1cbdc60 [0x1535a05ff000..0x1535a1dff040] g- rw ref 1 md[0]=self md[1]=tcp md[4]=hfi1_0 md[5]=cma
