srun: warning: can't run 1 processes on 3 nodes, setting nnodes to 1
Starting deduplication
Creating GPU merger 1
Creating GPU merger 2
Creating CPU merger
0
0
Creating client ucp endpoint
Sending metadata to server: buffer_size = 536870912, chunk_size = 67108864
Client: Received rkey and remote address from server.
Client: Received rkey and remote address from server.
Received Rkey from server
Connected to 172.16.146.69:9090
deduplication-end: 1744932968760517649 ns
deduplication-start: 1744932848966194700 ns
end: 1744932968972970267 ns
start: 1744932848939736473 ns
t1-end: 1744932849059153357 ns
t1-start: 1744932848939982883 ns
t3-end: 1744932968780752453 ns
t3-start: 1744932866946176203 ns
t1: 119170474 ns
t2: 119794322949 ns
Tuples sent: 85649695
