srun: warning: can't run 1 processes on 3 nodes, setting nnodes to 1
Starting deduplication
Creating GPU merger 1
Creating GPU merger 2
Creating CPU merger
0
0
Creating client ucp endpoint
Sending metadata to server: buffer_size = 536870912, chunk_size = 67108864
Client: Received rkey and remote address from server.
Client: Received rkey and remote address from server.
Received Rkey from server
Server listening on port 9090
Accepted connection
deduplication-end: 1744932957802950693 ns
deduplication-start: 1744932848967006151 ns
end: 1744932968972835533 ns
start: 1744932848939973068 ns
t1-end: 1744932849046412505 ns
t1-start: 1744932848940424399 ns
t3-end: 1744932957890293804 ns
t3-start: 1744932866133200135 ns
t1: 105988106 ns
t2: 108835944542 ns
Tuples sent: 85647448
