srun: warning: can't run 1 processes on 3 nodes, setting nnodes to 1
Starting deduplication
Creating GPU merger 1
Creating GPU merger 2
Creating CPU merger
0
0
Creating client ucp endpoint
Sending metadata to server: buffer_size = 201326592, chunk_size = 16777216
Client: Received rkey and remote address from server.
Client: Received rkey and remote address from server.
Received Rkey from server
Server listening on port 9090
Accepted connection
deduplication-end: 1744954789609963664 ns
deduplication-start: 1744954779803826240 ns
end: 1744954789617949947 ns
start: 1744954779800603596 ns
t1-end: 1744954779810023883 ns
t1-start: 1744954779800975243 ns
t3-end: 1744954789615809744 ns
t3-start: 1744954789610015497 ns
t1: 9048640 ns
t2: 9806137424 ns
Tuples sent: 1677720
