srun: warning: can't run 1 processes on 3 nodes, setting nnodes to 1
Starting deduplication
Creating GPU merger 1
Creating GPU merger 2
Creating CPU merger
0
0
Creating client ucp endpoint
Sending metadata to server: buffer_size = 201326592, chunk_size = 16777216
Client: Received rkey and remote address from server.
Client: Received rkey and remote address from server.
Received Rkey from server
Connected to 172.16.146.68:9090
deduplication-end: 1744954788703404774 ns
deduplication-start: 1744954779802222172 ns
end: 1744954789618047585 ns
start: 1744954779800626843 ns
t1-end: 1744954779814297339 ns
t1-start: 1744954779800845866 ns
t3-end: 1744954788709212713 ns
t3-start: 1744954788703453268 ns
t1: 13451473 ns
t2: 8901182602 ns
Tuples sent: 1677720
