srun: warning: can't run 1 processes on 3 nodes, setting nnodes to 1
Server is listening on port 8012
Server: client connected
Server received AM: 16777216 201326592
Server: Received chunk size 16777216 and buffer size 201326592
Server: client connected
Server received AM: 16777216 201326592
Server: Received chunk size 16777216 and buffer size 201326592
Server: Both clients are ready, buffer allocated
Client: AM message sent successfully (status = Success)
Client: AM message sent successfully (status = Success)
Client: AM message sent successfully (status = Success)
Client: AM message sent successfully (status = Success)
Server received all data from clients

Offset value: 1677720
end: 1744954789617788518 ns
sort-end: 1744954789617331621 ns
sort-start: 1744954789616807210 ns
t4-end: 1744954789613714093 ns
t4-start: 1744954788706069075 ns
t5-end: 1744954789614996776 ns
transfer-end: 1744954789613713005 ns
unique-end: 1744954789617742974 ns
unique-start: 1744954789617585930 ns
t4: 907645018 ns
t5: 1744954789614996776 ns
t4-t5: 908927701 ns
Sort time: 524411 ns
Unique time: 157044 ns
t6: 681455 ns
[1744954789.731107] [cdr2630:656543:0]          rcache.c:701  UCX  WARN  ucp_rcache: destroying inuse region 0x871c50 [0x14e7f17fe000..0x14e8097fe040] g- rw ref 1 md[0]=self md[1]=tcp md[4]=hfi1_0 md[5]=cma
