srun: warning: can't run 1 processes on 3 nodes, setting nnodes to 1
Starting deduplication
Creating GPU merger 1
Creating GPU merger 2
Creating CPU merger
0
0
Creating client ucp endpoint
Sending metadata to server: buffer_size = 1610612736, chunk_size = 134217728
Client: Received rkey and remote address from server.
Client: Received rkey and remote address from server.
Received Rkey from server
Server listening on port 9090
Accepted connection
deduplication-end: 1744955466813952719 ns
deduplication-start: 1744955336760702445 ns
end: 1744955466896635555 ns
start: 1744955336749131979 ns
t1-end: 1744955336791561661 ns
t1-start: 1744955336750172070 ns
t3-end: 1744955466859501381 ns
t3-start: 1744955466814060260 ns
t1: 41389591 ns
t2: 130053250274 ns
Tuples sent: 26842350
