srun: warning: can't run 1 processes on 3 nodes, setting nnodes to 1
Server is listening on port 8023
Server: client connected
Server received AM: 134217728 1610612736
Server: Received chunk size 134217728 and buffer size 1610612736
Server: client connected
Server received AM: 134217728 1610612736
Server: Received chunk size 134217728 and buffer size 1610612736
Server: Both clients are ready, buffer allocated
Client: AM message sent successfully (status = Success)
Client: AM message sent successfully (status = Success)
Client: AM message sent successfully (status = Success)
Client: AM message sent successfully (status = Success)
Server received all data from clients

Offset value: 26843546
end: 1744955466896438458 ns
sort-end: 1744955466895381374 ns
sort-start: 1744955466891521519 ns
t4-end: 1744955466871922046 ns
t4-start: 1744955455774017056 ns
t5-end: 1744955466889526793 ns
t5-start: 1744955466871897298 ns
transfer-end: 1744955466871920305 ns
unique-end: 1744955466896391638 ns
unique-start: 1744955466895788207 ns
t4: 11097904990 ns
t5: 17629495 ns
t4-t5: 11115509737 ns
Sort time: 3859855 ns
Unique time: 603431 ns
t6: 4463286 ns
[1744955466.974938] [cdr2630:657326:0]          rcache.c:701  UCX  WARN  ucp_rcache: destroying inuse region 0xa19c50 [0x150a597fe000..0x150b197fe040] g- rw ref 1 md[0]=self md[1]=tcp md[4]=hfi1_0 md[5]=cma
