srun: warning: can't run 1 processes on 3 nodes, setting nnodes to 1
Starting deduplication
Creating GPU merger 1
Creating GPU merger 2
Creating CPU merger
0
0
Creating client ucp endpoint
Sending metadata to server: buffer_size = 805306368, chunk_size = 67108864
Client: Received rkey and remote address from server.
Client: Received rkey and remote address from server.
Received Rkey from server
Connected to 172.16.146.78:9090
deduplication-end: 1744949002820357262 ns
deduplication-start: 1744949002630577030 ns
end: 1744949134282228664 ns
start: 1744949002624791524 ns
t1-end: 1744949002660425439 ns
t1-start: 1744949002625145947 ns
t3-end: 1744949002931246919 ns
t3-start: 1744949002654848691 ns
t1: 35279492 ns
t2: 189780232 ns
Tuples sent: 134217728
