srun: warning: can't run 1 processes on 3 nodes, setting nnodes to 1
Starting deduplication
Creating GPU merger 1
Creating GPU merger 2
Creating CPU merger
0
0
Creating client ucp endpoint
Sending metadata to server: buffer_size = 805306368, chunk_size = 67108864
Client: Received rkey and remote address from server.
Client: Received rkey and remote address from server.
Received Rkey from server
Server listening on port 9090
Accepted connection
deduplication-end: 1744952253176341764 ns
deduplication-start: 1744952252985790202 ns
end: 1744952253370592071 ns
start: 1744952252979948542 ns
t1-end: 1744952253001327632 ns
t1-start: 1744952252980369793 ns
t3-end: 1744952253334863734 ns
t3-start: 1744952253011010416 ns
t1: 20957839 ns
t2: 190551562 ns
Tuples sent: 134217728
