srun: warning: can't run 1 processes on 3 nodes, setting nnodes to 1
Starting deduplication
Creating GPU merger 1
Creating GPU merger 2
Creating CPU merger
0
0
Creating client ucp endpoint
Sending metadata to server: buffer_size = 67108864, chunk_size = 8388608
Client: Received rkey and remote address from server.
Client: Received rkey and remote address from server.
Received Rkey from server
Connected to 172.16.146.69:9090
deduplication-end: 1744929677658729930 ns
deduplication-start: 1744929674848369379 ns
end: 1744929677837366243 ns
start: 1744929674843767161 ns
t1-end: 1744929674857993016 ns
t1-start: 1744929674844167121 ns
t3-end: 1744929677663092888 ns
t3-start: 1744929677658808459 ns
t1: 13825895 ns
t2: 2810360551 ns
Tuples sent: 167772
