srun: warning: can't run 1 processes on 3 nodes, setting nnodes to 1
Server is listening on port 8003
Server: client connected
Server: client connected
Server received AM: 8388608 67108864
Server: Received chunk size 8388608 and buffer size 67108864
Server received AM: 8388608 67108864
Server: Received chunk size 8388608 and buffer size 67108864
Server: Both clients are ready, buffer allocated
Client: AM message sent successfully (status = Success)
Client: AM message sent successfully (status = Success)
Client: AM message sent successfully (status = Success)
Client: AM message sent successfully (status = Success)
Server received all data from clients

Offset value: 167772
end: 1744929677836985051 ns
sort-end: 1744929677836548194 ns
sort-start: 1744929677836250993 ns
t4-end: 1744929677834017968 ns
t4-start: 1744929677659207612 ns
t5-end: 1744929677834420789 ns
transfer-end: 1744929677834016478 ns
unique-end: 1744929677836931093 ns
unique-start: 1744929677836812724 ns
t4: 174810356 ns
t5: 1744929677834420789 ns
t4-t5: 175213177 ns
Sort time: 297201 ns
Unique time: 118369 ns
t6: 415570 ns
[1744929678.016345] [cdr2631:1173379:0]          rcache.c:701  UCX  WARN  ucp_rcache: destroying inuse region 0xd2c140 [0x14d2c7fff000..0x14d2cffff040] g- rw ref 1 md[0]=self md[1]=tcp md[4]=hfi1_0 md[5]=cma
