srun: warning: can't run 1 processes on 3 nodes, setting nnodes to 1
Starting deduplication
Creating GPU merger 1
Creating GPU merger 2
Creating CPU merger
0
0
Creating client ucp endpoint
Sending metadata to server: buffer_size = 100663296, chunk_size = 8388608
Client: Received rkey and remote address from server.
Client: Received rkey and remote address from server.
Received Rkey from server
Connected to 172.16.146.68:9090
deduplication-end: 1744954760764643871 ns
deduplication-start: 1744954756851137799 ns
end: 1744954761211068168 ns
start: 1744954756850020782 ns
t1-end: 1744954756853397180 ns
t1-start: 1744954756850248890 ns
t3-end: 1744954760769804276 ns
t3-start: 1744954760764713428 ns
t1: 3148290 ns
t2: 3913506072 ns
Tuples sent: 838860
