srun: warning: can't run 1 processes on 3 nodes, setting nnodes to 1
Starting deduplication
Creating GPU merger 1
Creating GPU merger 2
Creating CPU merger
0
0
Creating client ucp endpoint
Sending metadata to server: buffer_size = 100663296, chunk_size = 8388608
Client: Received rkey and remote address from server.
Client: Received rkey and remote address from server.
Received Rkey from server
Server listening on port 9090
Accepted connection
deduplication-end: 1744954761205344325 ns
deduplication-start: 1744954756851101530 ns
end: 1744954761210941749 ns
start: 1744954756849964945 ns
t1-end: 1744954756854912443 ns
t1-start: 1744954756850351480 ns
t3-end: 1744954761209933746 ns
t3-start: 1744954761205392465 ns
t1: 4560963 ns
t2: 4354242795 ns
Tuples sent: 838860
