srun: warning: can't run 1 processes on 3 nodes, setting nnodes to 1
Server is listening on port 8011
Server: client connected
Server received AM: 8388608 100663296
Server: Received chunk size 8388608 and buffer size 100663296
Server: client connected
Server received AM: 8388608 100663296
Server: Received chunk size 8388608 and buffer size 100663296
Server: Both clients are ready, buffer allocated
Client: AM message sent successfully (status = Success)
Client: AM message sent successfully (status = Success)
Client: AM message sent successfully (status = Success)
Client: AM message sent successfully (status = Success)
Server received all data from clients

Offset value: 838860
end: 1744954761210693367 ns
sort-end: 1744954761210262560 ns
sort-start: 1744954761209870828 ns
t4-end: 1744954761207295883 ns
t4-start: 1744954760766664985 ns
t5-end: 1744954761208027795 ns
transfer-end: 1744954761207294785 ns
unique-end: 1744954761210648765 ns
unique-start: 1744954761210508090 ns
t4: 440630898 ns
t5: 1744954761208027795 ns
t4-t5: 441362810 ns
Sort time: 391732 ns
Unique time: 140675 ns
t6: 532407 ns
[1744954761.304929] [cdr2630:656477:0]          rcache.c:701  UCX  WARN  ucp_rcache: destroying inuse region 0x192ac60 [0x14b053fff000..0x14b05ffff040] g- rw ref 1 md[0]=self md[1]=tcp md[4]=hfi1_0 md[5]=cma
