srun: warning: can't run 1 processes on 3 nodes, setting nnodes to 1
Starting deduplication
Creating GPU merger 1
Creating GPU merger 2
Creating CPU merger
0
0
Creating client ucp endpoint
Sending metadata to server: buffer_size = 100663296, chunk_size = 8388608
Client: Received rkey and remote address from server.
Client: Received rkey and remote address from server.
Received Rkey from server
Connected to 172.16.146.68:9090
deduplication-end: 1744955134970560729 ns
deduplication-start: 1744955129809489913 ns
end: 1744955135099133380 ns
start: 1744955129808039965 ns
t1-end: 1744955129812171685 ns
t1-start: 1744955129808691612 ns
t3-end: 1744955134976545353 ns
t3-start: 1744955134970667153 ns
t1: 3480073 ns
t2: 5161070816 ns
Tuples sent: 1677645
