srun: warning: can't run 1 processes on 3 nodes, setting nnodes to 1
Server is listening on port 8019
Server: client connected
Server received AM: 8388608 100663296
Server: Received chunk size 8388608 and buffer size 100663296
Server: client connected
Server received AM: 8388608 100663296
Server: Received chunk size 8388608 and buffer size 100663296
Server: Both clients are ready, buffer allocated
Client: AM message sent successfully (status = Success)
Client: AM message sent successfully (status = Success)
Client: AM message sent successfully (status = Success)
Client: AM message sent successfully (status = Success)
Server received all data from clients

Offset value: 1677720
end: 1744955135098871244 ns
sort-end: 1744955135098348195 ns
sort-start: 1744955135097854357 ns
t4-end: 1744955135094540568 ns
t4-start: 1744955134973419134 ns
t5-end: 1744955135095869475 ns
t5-start: 1744955135094525039 ns
transfer-end: 1744955135094527398 ns
unique-end: 1744955135098822792 ns
unique-start: 1744955135098675687 ns
t4: 121121434 ns
t5: 1344436 ns
t4-t5: 122450341 ns
Sort time: 493838 ns
Unique time: 147105 ns
t6: 640943 ns
[1744955135.174971] [cdr2630:657048:0]          rcache.c:701  UCX  WARN  ucp_rcache: destroying inuse region 0x19aec60 [0x15542bfff000..0x155437fff040] g- rw ref 1 md[0]=self md[1]=tcp md[4]=hfi1_0 md[5]=cma
