srun: warning: can't run 1 processes on 3 nodes, setting nnodes to 1
Server is listening on port 8034
Server: client connected
Server received AM: 4194304 33554432
Server: Received chunk size 4194304 and buffer size 33554432
Server: client connected
Server received AM: 4194304 33554432
Server: Received chunk size 4194304 and buffer size 33554432
Server: Both clients are ready, buffer allocated
Client: AM message sent successfully (status = Success)
Client: AM message sent successfully (status = Success)
Client: AM message sent successfully (status = Success)
Client: AM message sent successfully (status = Success)
Server received all data from clients

Offset value: 3333112
end: 1744931255512844358 ns
sort-end: 1744931255512319989 ns
sort-start: 1744931255511638543 ns
t4-end: 1744931255509230328 ns
t4-start: 1744931251731419131 ns
t5-end: 1744931255509587979 ns
t5-start: 1744931251939590000 ns
transfer-end: 1744931255509228699 ns
unique-end: 1744931255512796095 ns
unique-start: 1744931255512607046 ns
t4: 3777811197 ns
t5: 3569997979 ns
t4-t5: 3778168848 ns
Sort time: 681446 ns
Unique time: 189049 ns
t6: 870495 ns
[1744931255.647331] [cdr2631:1175694:0]          rcache.c:701  UCX  WARN  ucp_rcache: destroying inuse region 0x82fc50 [0x14c2d7fff000..0x14c2dbfff040] g- rw ref 1 md[0]=self md[1]=tcp md[4]=hfi1_0 md[5]=cma
