srun: warning: can't run 1 processes on 3 nodes, setting nnodes to 1
Starting deduplication
Creating GPU merger 1
Creating GPU merger 2
Creating CPU merger
0
0
Creating client ucp endpoint
Sending metadata to server: buffer_size = 25165824, chunk_size = 2097152
Client: Received rkey and remote address from server.
Client: Received rkey and remote address from server.
Received Rkey from server
Connected to 172.16.146.75:9090
deduplication-end: 1744951819315693601 ns
deduplication-start: 1744951819309544541 ns
end: 1744951819325050013 ns
start: 1744951819308469787 ns
t1-end: 1744951819310293311 ns
t1-start: 1744951819309196781 ns
t3-end: 1744951819459745597 ns
t3-start: 1744951819310310118 ns
t1: 1096530 ns
t2: 6149060 ns
Tuples sent: 4194304
