srun: warning: can't run 1 processes on 3 nodes, setting nnodes to 1
Starting deduplication
Creating GPU merger 1
Creating GPU merger 2
Creating CPU merger
0
0
Creating client ucp endpoint
Sending metadata to server: buffer_size = 25165824, chunk_size = 2097152
Client: Received rkey and remote address from server.
Client: Received rkey and remote address from server.
Received Rkey from server
Server listening on port 9090
Accepted connection
deduplication-end: 1744938942556730333 ns
deduplication-start: 1744938939041185440 ns
end: 1744938942631895785 ns
start: 1744938939039161238 ns
t1-end: 1744938939047405546 ns
t1-start: 1744938939039941563 ns
t3-end: 1744938942579373226 ns
t3-start: 1744938939490071122 ns
t1: 7463983 ns
t2: 3515544893 ns
Tuples sent: 4194304
