srun: warning: can't run 1 processes on 3 nodes, setting nnodes to 1
Server is listening on port 8009
Server: client connected
Server received AM: 2097152 25165824
Server: Received chunk size 2097152 and buffer size 25165824
Server: client connected
Server received AM: 2097152 25165824
Server: Received chunk size 2097152 and buffer size 25165824
Server: Both clients are ready, buffer allocated
Client: AM message sent successfully (status = Success)
Client: AM message sent successfully (status = Success)
Client: AM message sent successfully (status = Success)
Client: AM message sent successfully (status = Success)
Server received all data from clients

Offset value: 209714
end: 1744951819324746137 ns
sort-end: 1744951819324220826 ns
sort-start: 1744951819323405798 ns
t4-end: 1744951819321292870 ns
t4-start: 1744951819311433127 ns
t5-end: 1744951819321470448 ns
t5-start: 1744951819311879481 ns
transfer-end: 1744951819321291686 ns
unique-end: 1744951819324699743 ns
unique-start: 1744951819324511401 ns
t4: 9859743 ns
t5: 9590967 ns
t4-t5: 10037321 ns
Sort time: 815028 ns
Unique time: 188342 ns
t6: 1003370 ns
[1744951819.431890] [cdr2630:644832:0]          rcache.c:701  UCX  WARN  ucp_rcache: destroying inuse region 0x22c2c60 [0x147e4a7fe000..0x147e4d7fe040] g- rw ref 1 md[0]=self md[1]=tcp md[4]=hfi1_0 md[5]=cma
