srun: warning: can't run 1 processes on 3 nodes, setting nnodes to 1
Starting deduplication
Creating GPU merger 1
Creating GPU merger 2
Creating CPU merger
0
0
Creating client ucp endpoint
Sending metadata to server: buffer_size = 50331648, chunk_size = 4194304
Client: Received rkey and remote address from server.
Client: Received rkey and remote address from server.
Received Rkey from server
Connected to 172.16.146.47:9090
deduplication-end: 1744943678174263438 ns
deduplication-start: 1744943670870293420 ns
end: 1744943680118594451 ns
start: 1744943670866890177 ns
t1-end: 1744943670877370141 ns
t1-start: 1744943670867815187 ns
t3-end: 1744943678193590446 ns
t3-start: 1744943671730108127 ns
t1: 9554954 ns
t2: 7303970018 ns
Tuples sent: 8388608
