srun: warning: can't run 1 processes on 3 nodes, setting nnodes to 1
Starting deduplication
Creating GPU merger 1
Creating GPU merger 2
Creating CPU merger
0
0
Creating client ucp endpoint
Sending metadata to server: buffer_size = 50331648, chunk_size = 4194304
Client: Received rkey and remote address from server.
Client: Received rkey and remote address from server.
Received Rkey from server
Server listening on port 9090
Accepted connection
deduplication-end: 1744952674725841642 ns
deduplication-start: 1744952674712054737 ns
end: 1744952674737228285 ns
start: 1744952674710875476 ns
t1-end: 1744952674713160690 ns
t1-start: 1744952674711117505 ns
t3-end: 1744952674817064421 ns
t3-start: 1744952674713723861 ns
t1: 2043185 ns
t2: 13786905 ns
Tuples sent: 8388608
