srun: warning: can't run 1 processes on 3 nodes, setting nnodes to 1
Server is listening on port 8050
Server: client connected
Server received AM: 4194304 50331648
Server: Received chunk size 4194304 and buffer size 50331648
Server: client connected
Server received AM: 4194304 50331648
Server: Received chunk size 4194304 and buffer size 50331648
Server: Both clients are ready, buffer allocated
Client: AM message sent successfully (status = Success)
Client: AM message sent successfully (status = Success)
Client: AM message sent successfully (status = Success)
Client: AM message sent successfully (status = Success)
Server received all data from clients

Offset value: 7258961
end: 1744943680118188150 ns
sort-end: 1744943680117574639 ns
sort-start: 1744943680116266600 ns
t4-end: 1744943680114023358 ns
t4-start: 1744943671731719993 ns
t5-end: 1744943680114373313 ns
t5-start: 1744943671949980272 ns
transfer-end: 1744943680114021690 ns
unique-end: 1744943680118142820 ns
unique-start: 1744943680117877895 ns
t4: 8382303365 ns
t5: 8164393041 ns
t4-t5: 8382653320 ns
Sort time: 1308039 ns
Unique time: 264925 ns
t6: 1572964 ns
[1744943680.246967] [cdr2596:512679:0]          rcache.c:701  UCX  WARN  ucp_rcache: destroying inuse region 0x74fc50 [0x146c0b7fe000..0x146c117fe040] g- rw ref 1 md[0]=self md[1]=tcp md[4]=hfi1_0 md[5]=cma
