srun: warning: can't run 1 processes on 3 nodes, setting nnodes to 1
Starting deduplication
Creating GPU merger 1
Creating GPU merger 2
Creating CPU merger
0
0
Creating client ucp endpoint
Sending metadata to server: buffer_size = 1610612736, chunk_size = 134217728
Client: Received rkey and remote address from server.
Client: Received rkey and remote address from server.
Received Rkey from server
Connected to 172.16.146.78:9090
deduplication-end: 1744946453526128147 ns
deduplication-start: 1744946453142824299 ns
end: 1744946954248095877 ns
start: 1744946453131263955 ns
t1-end: 1744946453173516052 ns
t1-start: 1744946453132379444 ns
t3-end: 1744946453670289742 ns
t3-start: 1744946453192380471 ns
t1: 41136608 ns
t2: 383303848 ns
Tuples sent: 268435456
