srun: warning: can't run 1 processes on 3 nodes, setting nnodes to 1
Starting deduplication
Creating GPU merger 1
Creating GPU merger 2
Creating CPU merger
0
0
Creating client ucp endpoint
Sending metadata to server: buffer_size = 1610612736, chunk_size = 134217728
Client: Received rkey and remote address from server.
Client: Received rkey and remote address from server.
Received Rkey from server
Server listening on port 9090
Accepted connection
deduplication-end: 1744951782422569400 ns
deduplication-start: 1744951782024065209 ns
end: 1744951782700645341 ns
start: 1744951782013130634 ns
t1-end: 1744951782056594905 ns
t1-start: 1744951782013485302 ns
t3-end: 1744951782613286583 ns
t3-start: 1744951782073291302 ns
t1: 43109603 ns
t2: 398504191 ns
Tuples sent: 268435456
