srun: warning: can't run 1 processes on 3 nodes, setting nnodes to 1
Server is listening on port 8007
Server: client connected
Server received AM: 134217728 1610612736
Server: Received chunk size 134217728 and buffer size 1610612736
Server: client connected
Server received AM: 134217728 1610612736
Server: Received chunk size 134217728 and buffer size 1610612736
Server: Both clients are ready, buffer allocated
Client: AM message sent successfully (status = Success)
Client: AM message sent successfully (status = Success)
Client: AM message sent successfully (status = Success)
Client: AM message sent successfully (status = Success)
Server received all data from clients

Offset value: 2684354
end: 1744938903234587142 ns
sort-end: 1744938903197141829 ns
sort-start: 1744938903159613785 ns
t4-end: 1744938903145415285 ns
t4-start: 1744938640165857748 ns
t5-end: 1744938903156673227 ns
t5-start: 1744938656648815059 ns
transfer-end: 1744938864216529475 ns
unique-end: 1744938903234532092 ns
unique-start: 1744938903230646128 ns
t4: 262979557537 ns
t5: 246507858168 ns
t4-t5: 262990815479 ns
Sort time: 37528044 ns
Unique time: 3885964 ns
t6: 41414008 ns
[1744938903.325865] [cdr2596:358054:0]          rcache.c:701  UCX  WARN  ucp_rcache: destroying inuse region 0x1bbbc60 [0x14bbfd7fe000..0x14bcbd7fe040] g- rw ref 1 md[0]=self md[1]=tcp md[4]=hfi1_0 md[5]=cma
