srun: warning: can't run 1 processes on 3 nodes, setting nnodes to 1
Starting deduplication
Creating GPU merger 1
Creating GPU merger 2
Creating CPU merger
0
0
Creating client ucp endpoint
Sending metadata to server: buffer_size = 402653184, chunk_size = 33554432
Client: Received rkey and remote address from server.
Client: Received rkey and remote address from server.
Received Rkey from server
Server listening on port 9090
Accepted connection
deduplication-end: 1744957440367017206 ns
deduplication-start: 1744957389358254790 ns
end: 1744957440408228330 ns
start: 1744957389354543307 ns
t1-end: 1744957389366288548 ns
t1-start: 1744957389355570436 ns
t3-end: 1744957440400968993 ns
t3-start: 1744957397755528698 ns
t1: 10718112 ns
t2: 51008762416 ns
Tuples sent: 42415328
