srun: warning: can't run 1 processes on 3 nodes, setting nnodes to 1
Starting deduplication
Creating GPU merger 1
Creating GPU merger 2
Creating CPU merger
0
0
Creating client ucp endpoint
Sending metadata to server: buffer_size = 402653184, chunk_size = 33554432
Client: Received rkey and remote address from server.
Client: Received rkey and remote address from server.
Received Rkey from server
Connected to 172.16.146.68:9090
deduplication-end: 1744957439992641376 ns
deduplication-start: 1744957389357586809 ns
end: 1744957440408347918 ns
start: 1744957389354608902 ns
t1-end: 1744957389366649922 ns
t1-start: 1744957389354865799 ns
t3-end: 1744957440009258322 ns
t3-start: 1744957397693136556 ns
t1: 11784123 ns
t2: 50635054567 ns
Tuples sent: 42420239
