srun: warning: can't run 1 processes on 3 nodes, setting nnodes to 1
Server is listening on port 8053
Server: client connected
Server: client connected
Server received AM: 33554432 402653184
Server: Received chunk size 33554432 and buffer size 402653184
Server received AM: 33554432 402653184
Server: Received chunk size 33554432 and buffer size 402653184
Server: Both clients are ready, buffer allocated
Client: AM message sent successfully (status = Success)
Client: AM message sent successfully (status = Success)
Client: AM message sent successfully (status = Success)
Client: AM message sent successfully (status = Success)
Server received all data from clients

Offset value: 58023429
end: 1744957440407861320 ns
sort-end: 1744957440406362486 ns
sort-start: 1744957440400490264 ns
t4-end: 1744957440398084905 ns
t4-start: 1744957397709360916 ns
t5-end: 1744957440398453155 ns
t5-start: 1744957397714212704 ns
transfer-end: 1744957440398083260 ns
unique-end: 1744957440407809476 ns
unique-start: 1744957440406846507 ns
t4: 42688723989 ns
t5: 42684240451 ns
t4-t5: 42689092239 ns
Sort time: 5872222 ns
Unique time: 962969 ns
t6: 6835191 ns
[1744957440.482158] [cdr2630:659546:0]          rcache.c:701  UCX  WARN  ucp_rcache: destroying inuse region 0x191b200 [0x153e33fff000..0x153e63fff040] g- rw ref 1 md[0]=self md[1]=tcp md[4]=hfi1_0 md[5]=cma
