srun: warning: can't run 1 processes on 3 nodes, setting nnodes to 1
Starting deduplication
Creating GPU merger 1
Creating GPU merger 2
Creating CPU merger
0
0
Creating client ucp endpoint
Sending metadata to server: buffer_size = 268435456, chunk_size = 33554432
Client: Received rkey and remote address from server.
Client: Received rkey and remote address from server.
Received Rkey from server
Connected to 172.16.146.69:9090
deduplication-end: 1744931397643236488 ns
deduplication-start: 1744931358680183240 ns
end: 1744931403954708171 ns
start: 1744931358666457442 ns
t1-end: 1744931358720968772 ns
t1-start: 1744931358666799897 ns
t3-end: 1744931397671492785 ns
t3-start: 1744931367597157059 ns
t1: 54168875 ns
t2: 38963053248 ns
Tuples sent: 24682962
