srun: warning: can't run 1 processes on 3 nodes, setting nnodes to 1
Starting deduplication
Creating GPU merger 1
Creating GPU merger 2
Creating CPU merger
0
0
Creating client ucp endpoint
Sending metadata to server: buffer_size = 25165824, chunk_size = 2097152
Client: Received rkey and remote address from server.
Client: Received rkey and remote address from server.
Received Rkey from server
Server listening on port 9090
Accepted connection
deduplication-end: 1744952657785611819 ns
deduplication-start: 1744952657779522874 ns
end: 1744952657804583221 ns
start: 1744952657778415488 ns
t1-end: 1744952657781379801 ns
t1-start: 1744952657779199203 ns
t3-end: 1744952657917009700 ns
t3-start: 1744952657780350765 ns
t1: 2180598 ns
t2: 6088945 ns
Tuples sent: 4194304
