srun: warning: can't run 1 processes on 3 nodes, setting nnodes to 1
Server is listening on port 8049
Server: client connected
Server received AM: 2097152 25165824
Server: Received chunk size 2097152 and buffer size 25165824
Server: client connected
Server received AM: 2097152 25165824
Server: Received chunk size 2097152 and buffer size 25165824
Server: Both clients are ready, buffer allocated
Client: AM message sent successfully (status = Success)
Client: AM message sent successfully (status = Success)
Client: AM message sent successfully (status = Success)
Client: AM message sent successfully (status = Success)
Server received all data from clients

Offset value: 3626837
end: 1744950911369442583 ns
sort-end: 1744950911368898557 ns
sort-start: 1744950911368093972 ns
t4-end: 1744950911365511777 ns
t4-start: 1744950909153663184 ns
t5-end: 1744950911365691656 ns
t5-start: 1744950909338520011 ns
transfer-end: 1744950910414866857 ns
unique-end: 1744950911369395838 ns
unique-start: 1744950911369200141 ns
t4: 2211848593 ns
t5: 2027171645 ns
t4-t5: 2212028472 ns
Sort time: 804585 ns
Unique time: 195697 ns
t6: 1000282 ns
[1744950911.449572] [cdr2638:1327806:0]          rcache.c:701  UCX  WARN  ucp_rcache: destroying inuse region 0x1fefc60 [0x14665a7fe000..0x14665d7fe040] g- rw ref 1 md[0]=self md[1]=tcp md[4]=hfi1_0 md[5]=cma
