srun: warning: can't run 1 processes on 3 nodes, setting nnodes to 1
Starting deduplication
Creating GPU merger 1
Creating GPU merger 2
Creating CPU merger
0
0
Creating client ucp endpoint
Sending metadata to server: buffer_size = 50331648, chunk_size = 4194304
Client: Received rkey and remote address from server.
Client: Received rkey and remote address from server.
Received Rkey from server
Server listening on port 9090
Accepted connection
deduplication-end: 1744957283581402834 ns
deduplication-start: 1744957277829569615 ns
end: 1744957283597093961 ns
start: 1744957277828798946 ns
t1-end: 1744957277837989993 ns
t1-start: 1744957277829079055 ns
t3-end: 1744957283597196567 ns
t3-start: 1744957278846455641 ns
t1: 8910938 ns
t2: 5751833219 ns
Tuples sent: 5303288
