srun: warning: can't run 1 processes on 3 nodes, setting nnodes to 1
Starting deduplication
Creating GPU merger 1
Creating GPU merger 2
Creating CPU merger
0
0
Creating client ucp endpoint
Sending metadata to server: buffer_size = 50331648, chunk_size = 4194304
Client: Received rkey and remote address from server.
Client: Received rkey and remote address from server.
Received Rkey from server
Connected to 172.16.146.68:9090
deduplication-end: 1744957283196794406 ns
deduplication-start: 1744957277829671363 ns
end: 1744957283597162067 ns
start: 1744957277828862078 ns
t1-end: 1744957277831667720 ns
t1-start: 1744957277829112353 ns
t3-end: 1744957283215179143 ns
t3-start: 1744957278825313138 ns
t1: 2555367 ns
t2: 5367123043 ns
Tuples sent: 5302621
