srun: warning: can't run 1 processes on 3 nodes, setting nnodes to 1
Server is listening on port 8050
Server: client connected
Server received AM: 4194304 50331648
Server: Received chunk size 4194304 and buffer size 50331648
Server: client connected
Server received AM: 4194304 50331648
Server: Received chunk size 4194304 and buffer size 50331648
Server: Both clients are ready, buffer allocated
Client: AM message sent successfully (status = Success)
Client: AM message sent successfully (status = Success)
Client: AM message sent successfully (status = Success)
Client: AM message sent successfully (status = Success)
Server received all data from clients

Offset value: 7253830
end: 1744957283596749994 ns
sort-end: 1744957283596195288 ns
sort-start: 1744957283595259732 ns
t4-end: 1744957283593258789 ns
t4-start: 1744957278826897810 ns
t5-end: 1744957283593331076 ns
t5-start: 1744957278827842364 ns
transfer-end: 1744957283593257530 ns
unique-end: 1744957283596703167 ns
unique-start: 1744957283596479384 ns
t4: 4766360979 ns
t5: 4765488712 ns
t4-t5: 4766433266 ns
Sort time: 935556 ns
Unique time: 223783 ns
t6: 1159339 ns
[1744957283.691148] [cdr2630:659347:0]          rcache.c:701  UCX  WARN  ucp_rcache: destroying inuse region 0xd22c50 [0x14fec37fe000..0x14fec97fe040] g- rw ref 1 md[0]=self md[1]=tcp md[4]=hfi1_0 md[5]=cma
