srun: warning: can't run 1 processes on 3 nodes, setting nnodes to 1
Starting deduplication
Creating GPU merger 1
Creating GPU merger 2
Creating CPU merger
0
0
Creating client ucp endpoint
Sending metadata to server: buffer_size = 805306368, chunk_size = 67108864
Client: Received rkey and remote address from server.
Client: Received rkey and remote address from server.
Received Rkey from server
Server listening on port 9090
Accepted connection
deduplication-end: 1744955746366633635 ns
deduplication-start: 1744955676900132391 ns
end: 1744955746426076396 ns
start: 1744955676894347966 ns
t1-end: 1744955676920702574 ns
t1-start: 1744955676894650472 ns
t3-end: 1744955746407626049 ns
t3-start: 1744955696938296398 ns
t1: 26052102 ns
t2: 69466501244 ns
Tuples sent: 26661724
