srun: warning: can't run 1 processes on 3 nodes, setting nnodes to 1
Server is listening on port 8030
Server: client connected
Server received AM: 67108864 805306368
Server: Received chunk size 67108864 and buffer size 805306368
Server: client connected
Server received AM: 67108864 805306368
Server: Received chunk size 67108864 and buffer size 805306368
Server: Both clients are ready, buffer allocated
Client: AM message sent successfully (status = Success)
Client: AM message sent successfully (status = Success)
Client: AM message sent successfully (status = Success)
Client: AM message sent successfully (status = Success)
Server received all data from clients

Offset value: 26842344
end: 1744955746425762452 ns
sort-end: 1744955746424717109 ns
sort-start: 1744955746420900556 ns
t4-end: 1744955746412417329 ns
t4-start: 1744955695896326977 ns
t5-end: 1744955746418900020 ns
t5-start: 1744955695909569046 ns
transfer-end: 1744955746412415917 ns
unique-end: 1744955746425714571 ns
unique-start: 1744955746425109449 ns
t4: 50516090352 ns
t5: 50509330974 ns
t4-t5: 50522573043 ns
Sort time: 3816553 ns
Unique time: 605122 ns
t6: 4421675 ns
[1744955746.493986] [cdr2630:657811:0]          rcache.c:701  UCX  WARN  ucp_rcache: destroying inuse region 0x24bcc60 [0x1474717fe000..0x1474d17fe040] g- rw ref 1 md[0]=self md[1]=tcp md[4]=hfi1_0 md[5]=cma
