srun: warning: can't run 1 processes on 3 nodes, setting nnodes to 1
Starting deduplication
Creating GPU merger 1
Creating GPU merger 2
Creating CPU merger
0
0
Creating client ucp endpoint
Sending metadata to server: buffer_size = 12582912, chunk_size = 1048576
Client: Received rkey and remote address from server.
Client: Received rkey and remote address from server.
Received Rkey from server
Server listening on port 9090
Accepted connection
deduplication-end: 1744950250162127305 ns
deduplication-start: 1744950250158273581 ns
end: 1744950251144522697 ns
start: 1744950250157511023 ns
t1-end: 1744950250159206891 ns
t1-start: 1744950250157887635 ns
t3-end: 1744950250266617805 ns
t3-start: 1744950250158922557 ns
t1: 1319256 ns
t2: 3853724 ns
Tuples sent: 2097152
