srun: warning: can't run 1 processes on 3 nodes, setting nnodes to 1
Starting deduplication
Creating GPU merger 1
Creating GPU merger 2
Creating CPU merger
0
0
Creating client ucp endpoint
Sending metadata to server: buffer_size = 12582912, chunk_size = 1048576
Client: Received rkey and remote address from server.
Client: Received rkey and remote address from server.
Received Rkey from server
Connected to 172.16.146.78:9090
deduplication-end: 1744950250162092554 ns
deduplication-start: 1744950250158272806 ns
end: 1744950251144618325 ns
start: 1744950250157535088 ns
t1-end: 1744950250158637665 ns
t1-start: 1744950250157983381 ns
t3-end: 1744950250265861495 ns
t3-start: 1744950250158910015 ns
t1: 654284 ns
t2: 3819748 ns
Tuples sent: 2097152
