srun: warning: can't run 1 processes on 3 nodes, setting nnodes to 1
Server is listening on port 8040
Server: client connected
Server received AM: 1048576 12582912
Server: Received chunk size 1048576 and buffer size 12582912
Server: client connected
Server received AM: 1048576 12582912
Server: Received chunk size 1048576 and buffer size 12582912
Server: Both clients are ready, buffer allocated
Client: AM message sent successfully (status = Success)
Client: AM message sent successfully (status = Success)
Client: AM message sent successfully (status = Success)
Client: AM message sent successfully (status = Success)
Server received all data from clients

Offset value: 1540122
end: 1744950251144358431 ns
sort-end: 1744950251143882165 ns
sort-start: 1744950251143323903 ns
t4-end: 1744950251141407586 ns
t4-start: 1744950250159664575 ns
t5-end: 1744950251141502486 ns
t5-start: 1744950250240394594 ns
transfer-end: 1744950250755268162 ns
unique-end: 1744950251144313264 ns
unique-start: 1744950251144157697 ns
t4: 981743011 ns
t5: 901107892 ns
t4-t5: 981837911 ns
Sort time: 558262 ns
Unique time: 155567 ns
t6: 713829 ns
[1744950251.237619] [cdr2638:1327096:0]          rcache.c:701  UCX  WARN  ucp_rcache: destroying inuse region 0x2466c60 [0x14fb5e7ff000..0x14fb5ffff040] g- rw ref 1 md[0]=self md[1]=tcp md[4]=hfi1_0 md[5]=cma
