srun: warning: can't run 1 processes on 3 nodes, setting nnodes to 1
Starting deduplication
Creating GPU merger 1
Creating GPU merger 2
Creating CPU merger
0
0
Creating client ucp endpoint
Sending metadata to server: buffer_size = 8388608, chunk_size = 1048576
Client: Received rkey and remote address from server.
Client: Received rkey and remote address from server.
Received Rkey from server
Server listening on port 9090
Accepted connection
deduplication-end: 1744929919463092038 ns
deduplication-start: 1744929919049045107 ns
end: 1744929919509022227 ns
start: 1744929919047719894 ns
t1-end: 1744929919053427906 ns
t1-start: 1744929919048046748 ns
t3-end: 1744929919466577749 ns
t3-start: 1744929919463138898 ns
t1: 5381158 ns
t2: 414046931 ns
Tuples sent: 104856
