srun: warning: can't run 1 processes on 3 nodes, setting nnodes to 1
Starting deduplication
Creating GPU merger 1
Creating GPU merger 2
Creating CPU merger
0
0
Creating client ucp endpoint
Sending metadata to server: buffer_size = 8388608, chunk_size = 1048576
Client: Received rkey and remote address from server.
Client: Received rkey and remote address from server.
Received Rkey from server
Connected to 172.16.146.69:9090
deduplication-end: 1744929919446685530 ns
deduplication-start: 1744929919049172918 ns
end: 1744929919509153389 ns
start: 1744929919047797989 ns
t1-end: 1744929919053530548 ns
t1-start: 1744929919048241674 ns
t3-end: 1744929919450184530 ns
t3-start: 1744929919446744792 ns
t1: 5288874 ns
t2: 397512612 ns
Tuples sent: 104856
