srun: warning: can't run 1 processes on 3 nodes, setting nnodes to 1
Server is listening on port 8008
Server: client connected
Server received AM: 1048576 8388608
Server: Received chunk size 1048576 and buffer size 8388608
Server: client connected
Server received AM: 1048576 8388608
Server: Received chunk size 1048576 and buffer size 8388608
Server: Both clients are ready, buffer allocated
Client: AM message sent successfully (status = Success)
Client: AM message sent successfully (status = Success)
Client: AM message sent successfully (status = Success)
Client: AM message sent successfully (status = Success)
Server received all data from clients

Offset value: 104856
end: 1744929919508811051 ns
sort-end: 1744929919508583418 ns
sort-start: 1744929919508307740 ns
t4-end: 1744929919506203962 ns
t4-start: 1744929919446952605 ns
t5-end: 1744929919506541052 ns
transfer-end: 1744929919506202541 ns
unique-end: 1744929919508748763 ns
unique-start: 1744929919508641885 ns
t4: 59251357 ns
t5: 1744929919506541052 ns
t4-t5: 59588447 ns
Sort time: 275678 ns
Unique time: 106878 ns
t6: 382556 ns
[1744929919.609344] [cdr2631:1173736:0]          rcache.c:701  UCX  WARN  ucp_rcache: destroying inuse region 0x792c50 [0x1469aefff000..0x1469affff040] g- rw ref 1 md[0]=self md[1]=tcp md[4]=hfi1_0 md[5]=cma
