srun: warning: can't run 1 processes on 3 nodes, setting nnodes to 1
Starting deduplication
Creating GPU merger 1
Creating GPU merger 2
Creating CPU merger
0
0
Creating client ucp endpoint
Sending metadata to server: buffer_size = 33554432, chunk_size = 4194304
Client: Received rkey and remote address from server.
Client: Received rkey and remote address from server.
Received Rkey from server
Connected to 172.16.146.69:9090
deduplication-end: 1744930322900658022 ns
deduplication-start: 1744930320544425283 ns
end: 1744930323421767286 ns
start: 1744930320541874858 ns
t1-end: 1744930320552114097 ns
t1-start: 1744930320542358244 ns
t3-end: 1744930322905286432 ns
t3-start: 1744930322900737953 ns
t1: 9755853 ns
t2: 2356232739 ns
Tuples sent: 838831
