srun: warning: can't run 1 processes on 3 nodes, setting nnodes to 1
Starting deduplication
Creating GPU merger 1
Creating GPU merger 2
Creating CPU merger
0
0
Creating client ucp endpoint
Sending metadata to server: buffer_size = 33554432, chunk_size = 4194304
Client: Received rkey and remote address from server.
Client: Received rkey and remote address from server.
Received Rkey from server
Server listening on port 9090
Accepted connection
deduplication-end: 1744930322903313370 ns
deduplication-start: 1744930320544660629 ns
end: 1744930323421581076 ns
start: 1744930320541808768 ns
t1-end: 1744930320554331243 ns
t1-start: 1744930320542570543 ns
t3-end: 1744930322907939381 ns
t3-start: 1744930322903381715 ns
t1: 11760700 ns
t2: 2358652741 ns
Tuples sent: 838825
