srun: warning: can't run 1 processes on 3 nodes, setting nnodes to 1
Server is listening on port 8018
Server: client connected
Server received AM: 4194304 33554432
Server: Received chunk size 4194304 and buffer size 33554432
Server: client connected
Server received AM: 4194304 33554432
Server: Received chunk size 4194304 and buffer size 33554432
Server: Both clients are ready, buffer allocated
Client: AM message sent successfully (status = Success)
Client: AM message sent successfully (status = Success)
Client: AM message sent successfully (status = Success)
Client: AM message sent successfully (status = Success)
Server received all data from clients

Offset value: 838860
end: 1744930323421242349 ns
sort-end: 1744930323420791864 ns
sort-start: 1744930323420401616 ns
t4-end: 1744930323418235650 ns
t4-start: 1744930322901985163 ns
t5-end: 1744930323418491119 ns
t5-start: 1744930323224291112 ns
transfer-end: 1744930323418233927 ns
unique-end: 1744930323421196321 ns
unique-start: 1744930323421061536 ns
t4: 516250487 ns
t5: 194200007 ns
t4-t5: 516505956 ns
Sort time: 390248 ns
Unique time: 134785 ns
t6: 525033 ns
[1744930323.546335] [cdr2631:1174496:0]          rcache.c:701  UCX  WARN  ucp_rcache: destroying inuse region 0x20fac60 [0x148b17fff000..0x148b1bfff040] g- rw ref 1 md[0]=self md[1]=tcp md[4]=hfi1_0 md[5]=cma
