srun: warning: can't run 1 processes on 3 nodes, setting nnodes to 1
Starting deduplication
Creating GPU merger 1
Creating GPU merger 2
Creating CPU merger
0
0
Creating client ucp endpoint
Sending metadata to server: buffer_size = 25165824, chunk_size = 2097152
Client: Received rkey and remote address from server.
Client: Received rkey and remote address from server.
Received Rkey from server
Server listening on port 9090
Accepted connection
deduplication-end: 1744954721108994403 ns
deduplication-start: 1744954720253856415 ns
end: 1744954721112736893 ns
start: 1744954720252781836 ns
t1-end: 1744954720255539153 ns
t1-start: 1744954720253514819 ns
t3-end: 1744954721113034147 ns
t3-start: 1744954721109043111 ns
t1: 2024334 ns
t2: 855137988 ns
Tuples sent: 209714
