srun: warning: can't run 1 processes on 3 nodes, setting nnodes to 1
Starting deduplication
Creating GPU merger 1
Creating GPU merger 2
Creating CPU merger
0
0
Creating client ucp endpoint
Sending metadata to server: buffer_size = 402653184, chunk_size = 33554432
Client: Received rkey and remote address from server.
Client: Received rkey and remote address from server.
Received Rkey from server
Connected to 172.16.146.78:9090
deduplication-end: 1744948892944991859 ns
deduplication-start: 1744948892850296218 ns
end: 1744948976663044039 ns
start: 1744948892846789484 ns
t1-end: 1744948892858086232 ns
t1-start: 1744948892847534144 ns
t3-end: 1744948893009400729 ns
t3-start: 1744948892862475397 ns
t1: 10552088 ns
t2: 94695641 ns
Tuples sent: 67108864
