srun: warning: can't run 1 processes on 3 nodes, setting nnodes to 1
Starting deduplication
Creating GPU merger 1
Creating GPU merger 2
Creating CPU merger
0
0
Creating client ucp endpoint
Sending metadata to server: buffer_size = 402653184, chunk_size = 33554432
Client: Received rkey and remote address from server.
Client: Received rkey and remote address from server.
Received Rkey from server
Server listening on port 9090
Accepted connection
deduplication-end: 1744941267258945242 ns
deduplication-start: 1744941191578390721 ns
end: 1744941273971336111 ns
start: 1744941191565306150 ns
t1-end: 1744941191630412649 ns
t1-start: 1744941191565718334 ns
t3-end: 1744941267301554946 ns
t3-start: 1744941200741816186 ns
t1: 64694315 ns
t2: 75680554521 ns
Tuples sent: 67108864
