srun: warning: can't run 1 processes on 3 nodes, setting nnodes to 1
Server is listening on port 8029
Server: client connected
Server received AM: 33554432 402653184
Server: Received chunk size 33554432 and buffer size 402653184
Server: client connected
Server received AM: 33554432 402653184
Server: Received chunk size 33554432 and buffer size 402653184
Server: Both clients are ready, buffer allocated
Client: AM message sent successfully (status = Success)
Client: AM message sent successfully (status = Success)
Client: AM message sent successfully (status = Success)
Client: AM message sent successfully (status = Success)
Server received all data from clients

Offset value: 13421172
end: 1744952228437607047 ns
sort-end: 1744952228435797722 ns
sort-start: 1744952228426422902 ns
t4-end: 1744952228421688883 ns
t4-start: 1744952228304844726 ns
t5-end: 1744952228424418127 ns
t5-start: 1744952228311523207 ns
transfer-end: 1744952228421687523 ns
unique-end: 1744952228437554085 ns
unique-start: 1744952228436399094 ns
t4: 116844157 ns
t5: 112894920 ns
t4-t5: 119573401 ns
Sort time: 9374820 ns
Unique time: 1154991 ns
t6: 10529811 ns
[1744952228.540144] [cdr2630:651362:0]          rcache.c:701  UCX  WARN  ucp_rcache: destroying inuse region 0x2175c60 [0x14a8997fe000..0x14a8c97fe040] g- rw ref 1 md[0]=self md[1]=tcp md[4]=hfi1_0 md[5]=cma
