srun: warning: can't run 1 processes on 3 nodes, setting nnodes to 1
Starting deduplication
Creating GPU merger 1
Creating GPU merger 2
Creating CPU merger
0
0
Creating client ucp endpoint
Sending metadata to server: buffer_size = 8388608, chunk_size = 1048576
Client: Received rkey and remote address from server.
Client: Received rkey and remote address from server.
Received Rkey from server
Connected to 172.16.146.69:9090
deduplication-end: 1744929622998237996 ns
deduplication-start: 1744929622663897843 ns
end: 1744929623003890776 ns
start: 1744929622661374433 ns
t1-end: 1744929622668027841 ns
t1-start: 1744929622661849714 ns
t3-end: 1744929623001774494 ns
t3-start: 1744929622998279382 ns
t1: 6178127 ns
t2: 334340153 ns
Tuples sent: 20970
