srun: warning: can't run 1 processes on 3 nodes, setting nnodes to 1
Starting deduplication
Creating GPU merger 1
Creating GPU merger 2
Creating CPU merger
0
0
Creating client ucp endpoint
Sending metadata to server: buffer_size = 8388608, chunk_size = 1048576
Client: Received rkey and remote address from server.
Client: Received rkey and remote address from server.
Received Rkey from server
Server listening on port 9090
Accepted connection
deduplication-end: 1744929622995771942 ns
deduplication-start: 1744929622662931830 ns
end: 1744929623003731790 ns
start: 1744929622661300091 ns
t1-end: 1744929622667580013 ns
t1-start: 1744929622661918793 ns
t3-end: 1744929622999558810 ns
t3-start: 1744929622995806491 ns
t1: 5661220 ns
t2: 332840112 ns
Tuples sent: 20970
