srun: warning: can't run 1 processes on 3 nodes, setting nnodes to 1
Server is listening on port 8000
Server: client connected
Server received AM: 1048576 8388608
Server: Received chunk size 1048576 and buffer size 8388608
Server: client connected
Server received AM: 1048576 8388608
Server: Received chunk size 1048576 and buffer size 8388608
Server: Both clients are ready, buffer allocated
Client: AM message sent successfully (status = Success)
Client: AM message sent successfully (status = Success)
Client: AM message sent successfully (status = Success)
Client: AM message sent successfully (status = Success)
Server received all data from clients

Offset value: 20970
end: 1744929623003421569 ns
sort-end: 1744929623003157636 ns
sort-start: 1744929623002845844 ns
t4-end: 1744929623000536900 ns
t4-start: 1744929622995956838 ns
t5-end: 1744929623000726656 ns
transfer-end: 1744929623000535411 ns
unique-end: 1744929623003367682 ns
unique-start: 1744929623003242541 ns
t4: 4580062 ns
t5: 1744929623000726656 ns
t4-t5: 4769818 ns
Sort time: 311792 ns
Unique time: 125141 ns
t6: 436933 ns
[1744929623.097329] [cdr2631:1173181:0]          rcache.c:701  UCX  WARN  ucp_rcache: destroying inuse region 0x1b8dc60 [0x14a1a87fe000..0x14a1a97fe040] g- rw ref 1 md[0]=self md[1]=tcp md[4]=hfi1_0 md[5]=cma
