srun: warning: can't run 1 processes on 3 nodes, setting nnodes to 1
Starting deduplication
Creating GPU merger 1
Creating GPU merger 2
Creating CPU merger
0
0
Creating client ucp endpoint
Sending metadata to server: buffer_size = 805306368, chunk_size = 67108864
Client: Received rkey and remote address from server.
Client: Received rkey and remote address from server.
Received Rkey from server
Connected to 172.16.146.68:9090
deduplication-end: 1744956264033643507 ns
deduplication-start: 1744956181583803568 ns
end: 1744956267789387084 ns
start: 1744956181577823972 ns
t1-end: 1744956181614830969 ns
t1-start: 1744956181578520700 ns
t3-end: 1744956264090133268 ns
t3-start: 1744956198176822189 ns
t1: 36310269 ns
t2: 82449839939 ns
Tuples sent: 49279434
