srun: warning: can't run 1 processes on 3 nodes, setting nnodes to 1
Starting deduplication
Creating GPU merger 1
Creating GPU merger 2
Creating CPU merger
0
0
Creating client ucp endpoint
Sending metadata to server: buffer_size = 805306368, chunk_size = 67108864
Client: Received rkey and remote address from server.
Client: Received rkey and remote address from server.
Received Rkey from server
Server listening on port 9090
Accepted connection
deduplication-end: 1744956267696025119 ns
deduplication-start: 1744956181583481789 ns
end: 1744956267789309930 ns
start: 1744956181577816125 ns
t1-end: 1744956181599777247 ns
t1-start: 1744956181578097419 ns
t3-end: 1744956267759016121 ns
t3-start: 1744956198579366510 ns
t1: 21679828 ns
t2: 86112543330 ns
Tuples sent: 49276317
