srun: warning: can't run 1 processes on 3 nodes, setting nnodes to 1
Server is listening on port 8038
Server: client connected
Server received AM: 67108864 805306368
Server: Received chunk size 67108864 and buffer size 805306368
Server: client connected
Server received AM: 67108864 805306368
Server: Received chunk size 67108864 and buffer size 805306368
Server: Both clients are ready, buffer allocated
Client: AM message sent successfully (status = Success)
Client: AM message sent successfully (status = Success)
Client: AM message sent successfully (status = Success)
Client: AM message sent successfully (status = Success)
Server received all data from clients

Offset value: 53325092
end: 1744956267789003313 ns
sort-end: 1744956267787386535 ns
sort-start: 1744956267780563411 ns
t4-end: 1744956267768242705 ns
t4-start: 1744956198210352934 ns
t5-end: 1744956267778520228 ns
t5-start: 1744956198223546842 ns
transfer-end: 1744956267768241385 ns
unique-end: 1744956267788954321 ns
unique-start: 1744956267787916034 ns
t4: 69557889771 ns
t5: 69554973386 ns
t4-t5: 69568167294 ns
Sort time: 6823124 ns
Unique time: 1038287 ns
t6: 7861411 ns
[1744956267.876121] [cdr2630:658424:0]          rcache.c:701  UCX  WARN  ucp_rcache: destroying inuse region 0x12d1c60 [0x15432ffff000..0x15438ffff040] g- rw ref 1 md[0]=self md[1]=tcp md[4]=hfi1_0 md[5]=cma
