srun: warning: can't run 1 processes on 3 nodes, setting nnodes to 1
Starting deduplication
Creating GPU merger 1
Creating GPU merger 2
Creating CPU merger
0
0
Creating client ucp endpoint
Sending metadata to server: buffer_size = 100663296, chunk_size = 8388608
Client: Received rkey and remote address from server.
Client: Received rkey and remote address from server.
Received Rkey from server
Connected to 172.16.146.78:9090
deduplication-end: 1744947804130924010 ns
deduplication-start: 1744947804106985808 ns
end: 1744947817309447873 ns
start: 1744947804105768903 ns
t1-end: 1744947804109085533 ns
t1-start: 1744947804106142200 ns
t3-end: 1744947804228865114 ns
t3-start: 1744947804110026357 ns
t1: 2943333 ns
t2: 23938202 ns
Tuples sent: 16777216
