srun: warning: can't run 1 processes on 3 nodes, setting nnodes to 1
Starting deduplication
Creating GPU merger 1
Creating GPU merger 2
Creating CPU merger
0
0
Creating client ucp endpoint
Sending metadata to server: buffer_size = 100663296, chunk_size = 8388608
Client: Received rkey and remote address from server.
Client: Received rkey and remote address from server.
Received Rkey from server
Server listening on port 9090
Accepted connection
deduplication-end: 1744947804130896535 ns
deduplication-start: 1744947804107138479 ns
end: 1744947817309399646 ns
start: 1744947804105761771 ns
t1-end: 1744947804109147349 ns
t1-start: 1744947804106423562 ns
t3-end: 1744947804230628539 ns
t3-start: 1744947804110202402 ns
t1: 2723787 ns
t2: 23758056 ns
Tuples sent: 16777216
