srun: warning: can't run 1 processes on 3 nodes, setting nnodes to 1
Server is listening on port 8019
Server: client connected
Server received AM: 8388608 100663296
Server: Received chunk size 8388608 and buffer size 100663296
Server: client connected
Server received AM: 8388608 100663296
Server: Received chunk size 8388608 and buffer size 100663296
Server: Both clients are ready, buffer allocated
Client: AM message sent successfully (status = Success)
Client: AM message sent successfully (status = Success)
Client: AM message sent successfully (status = Success)
Client: AM message sent successfully (status = Success)
Server received all data from clients

Offset value: 1677720
end: 1744939787272519620 ns
sort-end: 1744939787271713426 ns
sort-start: 1744939787269344015 ns
t4-end: 1744939787266544288 ns
t4-start: 1744939755939292650 ns
t5-end: 1744939787267240315 ns
t5-start: 1744939756894211124 ns
transfer-end: 1744939785821446649 ns
unique-end: 1744939787272460011 ns
unique-start: 1744939787272084089 ns
t4: 31327251638 ns
t5: 30373029191 ns
t4-t5: 31327947665 ns
Sort time: 2369411 ns
Unique time: 375922 ns
t6: 2745333 ns
[1744939787.351815] [cdr2596:359250:0]          rcache.c:701  UCX  WARN  ucp_rcache: destroying inuse region 0xcdac50 [0x14e897fff000..0x14e8a3fff040] g- rw ref 1 md[0]=self md[1]=tcp md[4]=hfi1_0 md[5]=cma
