srun: warning: can't run 1 processes on 3 nodes, setting nnodes to 1
Starting deduplication
Creating GPU merger 1
Creating GPU merger 2
Creating CPU merger
0
0
Creating client ucp endpoint
Sending metadata to server: buffer_size = 25165824, chunk_size = 2097152
Client: Received rkey and remote address from server.
Client: Received rkey and remote address from server.
Received Rkey from server
Connected to 172.16.146.47:9090
deduplication-end: 1744941771166894044 ns
deduplication-start: 1744941767858263425 ns
end: 1744941774405162314 ns
start: 1744941767855139063 ns
t1-end: 1744941767865277298 ns
t1-start: 1744941767856035088 ns
t3-end: 1744941771179405715 ns
t3-start: 1744941768286066556 ns
t1: 9242210 ns
t2: 3308630619 ns
Tuples sent: 4194304
