srun: warning: can't run 1 processes on 3 nodes, setting nnodes to 1
Starting deduplication
Creating GPU merger 1
Creating GPU merger 2
Creating CPU merger
0
0
Creating client ucp endpoint
Sending metadata to server: buffer_size = 25165824, chunk_size = 2097152
Client: Received rkey and remote address from server.
Client: Received rkey and remote address from server.
Received Rkey from server
Server listening on port 9090
Accepted connection
deduplication-end: 1744949483396341317 ns
deduplication-start: 1744949483389197859 ns
end: 1744949486919558301 ns
start: 1744949483388394727 ns
t1-end: 1744949483389956726 ns
t1-start: 1744949483388792343 ns
t3-end: 1744949483491556260 ns
t3-start: 1744949483390038340 ns
t1: 1164383 ns
t2: 7143458 ns
Tuples sent: 4194304
