srun: warning: can't run 1 processes on 3 nodes, setting nnodes to 1
Server is listening on port 8033
Server: client connected
Server received AM: 2097152 25165824
Server: Received chunk size 2097152 and buffer size 25165824
Server: client connected
Server received AM: 2097152 25165824
Server: Received chunk size 2097152 and buffer size 25165824
Server: Both clients are ready, buffer allocated
Client: AM message sent successfully (status = Success)
Client: AM message sent successfully (status = Success)
Client: AM message sent successfully (status = Success)
Client: AM message sent successfully (status = Success)
Server received all data from clients

Offset value: 1666327
end: 1744952320282517196 ns
sort-end: 1744952320282023993 ns
sort-start: 1744952320281280099 ns
t4-end: 1744952320279335155 ns
t4-start: 1744952320270833087 ns
t5-end: 1744952320279513408 ns
t5-start: 1744952320271318393 ns
transfer-end: 1744952320279333622 ns
unique-end: 1744952320282474073 ns
unique-start: 1744952320282293304 ns
t4: 8502068 ns
t5: 8195015 ns
t4-t5: 8680321 ns
Sort time: 743894 ns
Unique time: 180769 ns
t6: 924663 ns
[1744952320.355131] [cdr2630:651902:0]          rcache.c:701  UCX  WARN  ucp_rcache: destroying inuse region 0xb81c50 [0x154dc27fe000..0x154dc57fe040] g- rw ref 1 md[0]=self md[1]=tcp md[4]=hfi1_0 md[5]=cma
