srun: warning: can't run 1 processes on 3 nodes, setting nnodes to 1
Server is listening on port 8015
Server: client connected
Server received AM: 134217728 1073741824
Server: Received chunk size 134217728 and buffer size 1073741824
Server: client connected
Server received AM: 134217728 1073741824
Server: Received chunk size 134217728 and buffer size 1073741824
Server: Both clients are ready, buffer allocated
Client: AM message sent successfully (status = Success)
Client: AM message sent successfully (status = Success)
Client: AM message sent successfully (status = Success)
Client: AM message sent successfully (status = Success)
Server received all data from clients

Offset value: 13421772
end: 1744930264678012717 ns
sort-end: 1744930264675459354 ns
sort-start: 1744930264673364831 ns
t4-end: 1744930264661779516 ns
t4-start: 1744930256825987540 ns
t5-end: 1744930264670824854 ns
transfer-end: 1744930264661778025 ns
unique-end: 1744930264677970287 ns
unique-start: 1744930264677590382 ns
t4: 7835791976 ns
t5: 1744930264670824854 ns
t4-t5: 7844837314 ns
Sort time: 2094523 ns
Unique time: 379905 ns
t6: 2474428 ns
[1744930265.958333] [cdr2631:1174220:0]          rcache.c:701  UCX  WARN  ucp_rcache: destroying inuse region 0x7bfc50 [0x14ecb7fff000..0x14ed37fff040] g- rw ref 1 md[0]=self md[1]=tcp md[4]=hfi1_0 md[5]=cma
