srun: warning: can't run 1 processes on 3 nodes, setting nnodes to 1
Starting deduplication
Creating GPU merger 1
Creating GPU merger 2
Creating CPU merger
0
0
Creating client ucp endpoint
Sending metadata to server: buffer_size = 25165824, chunk_size = 2097152
Client: Received rkey and remote address from server.
Client: Received rkey and remote address from server.
Received Rkey from server
Connected to 172.16.146.47:9090
deduplication-end: 1744938121942851383 ns
deduplication-start: 1744938117621877189 ns
end: 1744938122073392440 ns
start: 1744938117619017024 ns
t1-end: 1744938117628104913 ns
t1-start: 1744938117619875700 ns
t3-end: 1744938121963925140 ns
t3-start: 1744938118170600705 ns
t1: 8229213 ns
t2: 4320974194 ns
Tuples sent: 4194304
