srun: warning: can't run 1 processes on 3 nodes, setting nnodes to 1
Starting deduplication
Creating GPU merger 1
Creating GPU merger 2
Creating CPU merger
0
0
Creating client ucp endpoint
Sending metadata to server: buffer_size = 25165824, chunk_size = 2097152
Client: Received rkey and remote address from server.
Client: Received rkey and remote address from server.
Received Rkey from server
Server listening on port 9090
Accepted connection
deduplication-end: 1744951646316294991 ns
deduplication-start: 1744951646310162929 ns
end: 1744951646376490079 ns
start: 1744951646309006964 ns
t1-end: 1744951646311660531 ns
t1-start: 1744951646309317364 ns
t3-end: 1744951646447923404 ns
t3-start: 1744951646310914288 ns
t1: 2343167 ns
t2: 6132062 ns
Tuples sent: 4194304
