srun: warning: can't run 1 processes on 3 nodes, setting nnodes to 1
Server is listening on port 8001
Server: client connected
Server received AM: 2097152 25165824
Server: Received chunk size 2097152 and buffer size 25165824
Server: client connected
Server received AM: 2097152 25165824
Server: Received chunk size 2097152 and buffer size 25165824
Server: Both clients are ready, buffer allocated
Client: AM message sent successfully (status = Success)
Client: AM message sent successfully (status = Success)
Client: AM message sent successfully (status = Success)
Client: AM message sent successfully (status = Success)
Server received all data from clients

Offset value: 41942
end: 1744945816796898697 ns
sort-end: 1744945816796394335 ns
sort-start: 1744945816795587877 ns
t4-end: 1744945816793474628 ns
t4-start: 1744945814495357424 ns
t5-end: 1744945816793655479 ns
t5-start: 1744945814692298477 ns
transfer-end: 1744945815608676094 ns
unique-end: 1744945816796851885 ns
unique-start: 1744945816796674336 ns
t4: 2298117204 ns
t5: 2101357002 ns
t4-t5: 2298298055 ns
Sort time: 806458 ns
Unique time: 177549 ns
t6: 984007 ns
[1744945816.883518] [cdr2638:1321980:0]          rcache.c:701  UCX  WARN  ucp_rcache: destroying inuse region 0x1bd1c60 [0x154274fff000..0x154277fff040] g- rw ref 1 md[0]=self md[1]=tcp md[4]=hfi1_0 md[5]=cma
