srun: warning: can't run 1 processes on 3 nodes, setting nnodes to 1
Starting deduplication
Creating GPU merger 1
Creating GPU merger 2
Creating CPU merger
0
0
Creating client ucp endpoint
Sending metadata to server: buffer_size = 16777216, chunk_size = 2097152
Client: Received rkey and remote address from server.
Client: Received rkey and remote address from server.
Received Rkey from server
Server listening on port 9090
Accepted connection
deduplication-end: 1744931845202903578 ns
deduplication-start: 1744931842302776528 ns
end: 1744931845288794734 ns
start: 1744931842301007639 ns
t1-end: 1744931842320063800 ns
t1-start: 1744931842301277727 ns
t3-end: 1744931845223131629 ns
t3-start: 1744931842922093271 ns
t1: 18786073 ns
t2: 2900127050 ns
Tuples sent: 2394728
