srun: warning: can't run 1 processes on 3 nodes, setting nnodes to 1
Starting deduplication
Creating GPU merger 1
Creating GPU merger 2
Creating CPU merger
0
0
Creating client ucp endpoint
Sending metadata to server: buffer_size = 16777216, chunk_size = 2097152
Client: Received rkey and remote address from server.
Client: Received rkey and remote address from server.
Received Rkey from server
Connected to 172.16.146.69:9090
deduplication-end: 1744931844897324335 ns
deduplication-start: 1744931842302747794 ns
end: 1744931845288928970 ns
start: 1744931842301057330 ns
t1-end: 1744931842310136320 ns
t1-start: 1744931842301827309 ns
t3-end: 1744931844918940979 ns
t3-start: 1744931842826324344 ns
t1: 8309011 ns
t2: 2594576541 ns
Tuples sent: 2395071
