srun: warning: can't run 1 processes on 3 nodes, setting nnodes to 1
Starting deduplication
Creating GPU merger 1
Creating GPU merger 2
Creating CPU merger
0
0
Creating client ucp endpoint
Sending metadata to server: buffer_size = 201326592, chunk_size = 16777216
Client: Received rkey and remote address from server.
Client: Received rkey and remote address from server.
Received Rkey from server
Server listening on port 9090
Accepted connection
deduplication-end: 1744955165673115247 ns
deduplication-start: 1744955153701719605 ns
end: 1744955165687421090 ns
start: 1744955153699713619 ns
t1-end: 1744955153709150929 ns
t1-start: 1744955153700351115 ns
t3-end: 1744955165682872432 ns
t3-start: 1744955165673187942 ns
t1: 8799814 ns
t2: 11971395642 ns
Tuples sent: 3355300
