srun: warning: can't run 1 processes on 3 nodes, setting nnodes to 1
Server is listening on port 8020
Server: client connected
Server received AM: 16777216 201326592
Server: Received chunk size 16777216 and buffer size 201326592
Server: client connected
Server received AM: 16777216 201326592
Server: Received chunk size 16777216 and buffer size 201326592
Server: Both clients are ready, buffer allocated
Client: AM message sent successfully (status = Success)
Client: AM message sent successfully (status = Success)
Client: AM message sent successfully (status = Success)
Client: AM message sent successfully (status = Success)
Server received all data from clients

Offset value: 3355442
end: 1744955165687218882 ns
sort-end: 1744955165686718486 ns
sort-start: 1744955165685985126 ns
t4-end: 1744955165681757900 ns
t4-start: 1744955164727775515 ns
t5-end: 1744955165684077384 ns
t5-start: 1744955165681739811 ns
transfer-end: 1744955165681739998 ns
unique-end: 1744955165687172794 ns
unique-start: 1744955165686994727 ns
t4: 953982385 ns
t5: 2337573 ns
t4-t5: 956301869 ns
Sort time: 733360 ns
Unique time: 178067 ns
t6: 911427 ns
[1744955165.756113] [cdr2630:657113:0]          rcache.c:701  UCX  WARN  ucp_rcache: destroying inuse region 0xe28c50 [0x14ad357fe000..0x14ad4d7fe040] g- rw ref 1 md[0]=self md[1]=tcp md[4]=hfi1_0 md[5]=cma
