srun: warning: can't run 1 processes on 3 nodes, setting nnodes to 1
Starting deduplication
Creating GPU merger 1
Creating GPU merger 2
Creating CPU merger
0
0
Creating client ucp endpoint
Sending metadata to server: buffer_size = 536870912, chunk_size = 67108864
Client: Received rkey and remote address from server.
Client: Received rkey and remote address from server.
Received Rkey from server
Connected to 172.16.146.69:9090
deduplication-end: 1744929791891057561 ns
deduplication-start: 1744929760036480411 ns
end: 1744929793300074896 ns
start: 1744929760009965935 ns
t1-end: 1744929760116708193 ns
t1-start: 1744929760010198099 ns
t3-end: 1744929791896489192 ns
t3-start: 1744929791891114735 ns
t1: 106510094 ns
t2: 31854577150 ns
Tuples sent: 1342176
