srun: warning: can't run 1 processes on 3 nodes, setting nnodes to 1
Starting deduplication
Creating GPU merger 1
Creating GPU merger 2
Creating CPU merger
0
0
Creating client ucp endpoint
Sending metadata to server: buffer_size = 536870912, chunk_size = 67108864
Client: Received rkey and remote address from server.
Client: Received rkey and remote address from server.
Received Rkey from server
Server listening on port 9090
Accepted connection
deduplication-end: 1744929793003463499 ns
deduplication-start: 1744929760036244114 ns
end: 1744929793299927958 ns
start: 1744929760009931372 ns
t1-end: 1744929760114977450 ns
t1-start: 1744929760010341428 ns
t3-end: 1744929793009418612 ns
t3-start: 1744929793003536148 ns
t1: 104636022 ns
t2: 32967219385 ns
Tuples sent: 1342176
