srun: warning: can't run 1 processes on 3 nodes, setting nnodes to 1
Server is listening on port 8006
Server: client connected
Server received AM: 67108864 536870912
Server: Received chunk size 67108864 and buffer size 536870912
Server: client connected
Server received AM: 67108864 536870912
Server: Received chunk size 67108864 and buffer size 536870912
Server: Both clients are ready, buffer allocated
Client: AM message sent successfully (status = Success)
Client: AM message sent successfully (status = Success)
Client: AM message sent successfully (status = Success)
Client: AM message sent successfully (status = Success)
Server received all data from clients

Offset value: 1342176
end: 1744929793299668733 ns
sort-end: 1744929793299211845 ns
sort-start: 1744929793298738129 ns
t4-end: 1744929793295538190 ns
t4-start: 1744929791893303744 ns
t5-end: 1744929793296758626 ns
transfer-end: 1744929793295536691 ns
unique-end: 1744929793299618947 ns
unique-start: 1744929793299477595 ns
t4: 1402234446 ns
t5: 1744929793296758626 ns
t4-t5: 1403454882 ns
Sort time: 473716 ns
Unique time: 141352 ns
t6: 615068 ns
[1744929793.989339] [cdr2631:1173594:0]          rcache.c:701  UCX  WARN  ucp_rcache: destroying inuse region 0x1017c50 [0x146d857fe000..0x146dc57fe040] g- rw ref 1 md[0]=self md[1]=tcp md[4]=hfi1_0 md[5]=cma
