srun: warning: can't run 1 processes on 3 nodes, setting nnodes to 1
Starting deduplication
Creating GPU merger 1
Creating GPU merger 2
Creating CPU merger
0
0
Creating client ucp endpoint
Sending metadata to server: buffer_size = 12582912, chunk_size = 1048576
Client: Received rkey and remote address from server.
Client: Received rkey and remote address from server.
Received Rkey from server
Connected to 172.16.146.75:9090
deduplication-end: 1744951801558141754 ns
deduplication-start: 1744951801554404216 ns
end: 1744951801589368638 ns
start: 1744951801553841612 ns
t1-end: 1744951801555318891 ns
t1-start: 1744951801554156241 ns
t3-end: 1744951801698530634 ns
t3-start: 1744951801555046823 ns
t1: 1162650 ns
t2: 3737538 ns
Tuples sent: 2097152
