srun: warning: can't run 1 processes on 3 nodes, setting nnodes to 1
Starting deduplication
Creating GPU merger 1
Creating GPU merger 2
Creating CPU merger
0
0
Creating client ucp endpoint
Sending metadata to server: buffer_size = 12582912, chunk_size = 1048576
Client: Received rkey and remote address from server.
Client: Received rkey and remote address from server.
Received Rkey from server
Server listening on port 9090
Accepted connection
deduplication-end: 1744938922677338636 ns
deduplication-start: 1744938920430221752 ns
end: 1744938922756171544 ns
start: 1744938920428804187 ns
t1-end: 1744938920433480045 ns
t1-start: 1744938920429172473 ns
t3-end: 1744938922688565496 ns
t3-start: 1744938920725815188 ns
t1: 4307572 ns
t2: 2247116884 ns
Tuples sent: 2097152
