srun: warning: can't run 1 processes on 3 nodes, setting nnodes to 1
Starting deduplication
Creating GPU merger 1
Creating GPU merger 2
Creating CPU merger
0
0
Creating client ucp endpoint
Sending metadata to server: buffer_size = 536870912, chunk_size = 67108864
Client: Received rkey and remote address from server.
Client: Received rkey and remote address from server.
Received Rkey from server
Server listening on port 9090
Accepted connection
deduplication-end: 1744930122420585284 ns
deduplication-start: 1744930074847696523 ns
end: 1744930123115730404 ns
start: 1744930074821363990 ns
t1-end: 1744930074926338762 ns
t1-start: 1744930074821728698 ns
t3-end: 1744930122434857429 ns
t3-start: 1744930122420657173 ns
t1: 104610064 ns
t2: 47572888761 ns
Tuples sent: 6710886
