srun: warning: can't run 1 processes on 3 nodes, setting nnodes to 1
Server is listening on port 8014
Server: client connected
Server received AM: 67108864 536870912
Server: Received chunk size 67108864 and buffer size 536870912
Server: client connected
Server received AM: 67108864 536870912
Server: Received chunk size 67108864 and buffer size 536870912
Server: Both clients are ready, buffer allocated
Client: AM message sent successfully (status = Success)
Client: AM message sent successfully (status = Success)
Client: AM message sent successfully (status = Success)
Client: AM message sent successfully (status = Success)
Server received all data from clients

Offset value: 6710886
end: 1744930123115479324 ns
sort-end: 1744930123114888316 ns
sort-start: 1744930123113751823 ns
t4-end: 1744930123107159058 ns
t4-start: 1744930121159414371 ns
t5-end: 1744930123111774701 ns
transfer-end: 1744930123107157540 ns
unique-end: 1744930123115433412 ns
unique-start: 1744930123115197452 ns
t4: 1947744687 ns
t5: 1744930123111774701 ns
t4-t5: 1952360330 ns
Sort time: 1136493 ns
Unique time: 235960 ns
t6: 1372453 ns
[1744930123.791341] [cdr2631:1174150:0]          rcache.c:701  UCX  WARN  ucp_rcache: destroying inuse region 0x1b7dc60 [0x152733fff000..0x152773fff040] g- rw ref 1 md[0]=self md[1]=tcp md[4]=hfi1_0 md[5]=cma
