srun: warning: can't run 1 processes on 3 nodes, setting nnodes to 1
Server is listening on port 8048
Server: client connected
Server received AM: 1048576 8388608
Server: Received chunk size 1048576 and buffer size 8388608
Server: client connected
Server received AM: 1048576 8388608
Server: Received chunk size 1048576 and buffer size 8388608
Server: Both clients are ready, buffer allocated
Client: AM message sent successfully (status = Success)
Client: AM message sent successfully (status = Success)
Client: AM message sent successfully (status = Success)
Client: AM message sent successfully (status = Success)
Server received all data from clients

Offset value: 1814353
end: 1744932591831790644 ns
sort-end: 1744932591831329114 ns
sort-start: 1744932591830858911 ns
t4-end: 1744932591829008818 ns
t4-start: 1744932590684461262 ns
t5-end: 1744932591829057709 ns
t5-start: 1744932590753209093 ns
transfer-end: 1744932591827515966 ns
unique-end: 1744932591831747159 ns
unique-start: 1744932591831593527 ns
t4: 1144547556 ns
t5: 1075848616 ns
t4-t5: 1144596447 ns
Sort time: 470203 ns
Unique time: 153632 ns
t6: 623835 ns
[1744932591.928430] [cdr2631:1203243:0]          rcache.c:701  UCX  WARN  ucp_rcache: destroying inuse region 0x1421c60 [0x153392fff000..0x153393fff040] g- rw ref 1 md[0]=self md[1]=tcp md[4]=hfi1_0 md[5]=cma
