srun: warning: can't run 1 processes on 3 nodes, setting nnodes to 1
Starting deduplication
Creating GPU merger 1
Creating GPU merger 2
Creating CPU merger
0
0
Creating client ucp endpoint
Sending metadata to server: buffer_size = 805306368, chunk_size = 67108864
Client: Received rkey and remote address from server.
Client: Received rkey and remote address from server.
Received Rkey from server
Connected to 172.16.146.75:9090
deduplication-end: 1744952084312908695 ns
deduplication-start: 1744952084121783028 ns
end: 1744952084435329529 ns
start: 1744952084115983971 ns
t1-end: 1744952084142330754 ns
t1-start: 1744952084116316193 ns
t3-end: 1744952084386176479 ns
t3-start: 1744952084147627131 ns
t1: 26014561 ns
t2: 191125667 ns
Tuples sent: 134217728
