srun: warning: can't run 1 processes on 3 nodes, setting nnodes to 1
Starting deduplication
Creating GPU merger 1
Creating GPU merger 2
Creating CPU merger
0
0
Creating client ucp endpoint
Sending metadata to server: buffer_size = 805306368, chunk_size = 67108864
Client: Received rkey and remote address from server.
Client: Received rkey and remote address from server.
Received Rkey from server
Server listening on port 9090
Accepted connection
deduplication-end: 1744952084329310299 ns
deduplication-start: 1744952084121714649 ns
end: 1744952084435231772 ns
start: 1744952084115970495 ns
t1-end: 1744952084139074539 ns
t1-start: 1744952084116242586 ns
t3-end: 1744952084399018556 ns
t3-start: 1744952084151039048 ns
t1: 22831953 ns
t2: 207595650 ns
Tuples sent: 134217728
