srun: warning: can't run 1 processes on 3 nodes, setting nnodes to 1
Server is listening on port 8022
Server: client connected
Server received AM: 67108864 805306368
Server: Received chunk size 67108864 and buffer size 805306368
Server: client connected
Server received AM: 67108864 805306368
Server: Received chunk size 67108864 and buffer size 805306368
Server: Both clients are ready, buffer allocated
Client: AM message sent successfully (status = Success)
Client: AM message sent successfully (status = Success)
Client: AM message sent successfully (status = Success)
Client: AM message sent successfully (status = Success)
Server received all data from clients

Offset value: 13421772
end: 1744952084434955053 ns
sort-end: 1744952084431863800 ns
sort-start: 1744952084413045427 ns
t4-end: 1744952084405650298 ns
t4-start: 1744952084175302004 ns
t5-end: 1744952084411099139 ns
t5-start: 1744952084188425721 ns
transfer-end: 1744952084405648893 ns
unique-end: 1744952084434907954 ns
unique-start: 1744952084432797717 ns
t4: 230348294 ns
t5: 222673418 ns
t4-t5: 235797135 ns
Sort time: 18818373 ns
Unique time: 2110237 ns
t6: 20928610 ns
[1744952084.500928] [cdr2630:650210:0]          rcache.c:701  UCX  WARN  ucp_rcache: destroying inuse region 0x1c85c60 [0x14b66ffff000..0x14b6cffff040] g- rw ref 1 md[0]=self md[1]=tcp md[4]=hfi1_0 md[5]=cma
