srun: warning: can't run 1 processes on 3 nodes, setting nnodes to 1
Starting deduplication
Creating GPU merger 1
Creating GPU merger 2
Creating CPU merger
0
0
Creating client ucp endpoint
Sending metadata to server: buffer_size = 12582912, chunk_size = 1048576
Client: Received rkey and remote address from server.
Client: Received rkey and remote address from server.
Received Rkey from server
Server listening on port 9090
Accepted connection
deduplication-end: 1744952303836326456 ns
deduplication-start: 1744952303832130742 ns
end: 1744952303866000483 ns
start: 1744952303831694030 ns
t1-end: 1744952303833394523 ns
t1-start: 1744952303831950348 ns
t3-end: 1744952303928928955 ns
t3-start: 1744952303833087171 ns
t1: 1444175 ns
t2: 4195714 ns
Tuples sent: 2097152
