srun: warning: can't run 1 processes on 3 nodes, setting nnodes to 1
Server is listening on port 8032
Server: client connected
Server received AM: 1048576 12582912
Server: Received chunk size 1048576 and buffer size 12582912
Server: client connected
Server received AM: 1048576 12582912
Server: Received chunk size 1048576 and buffer size 12582912
Server: Both clients are ready, buffer allocated
Client: AM message sent successfully (status = Success)
Client: AM message sent successfully (status = Success)
Client: AM message sent successfully (status = Success)
Client: AM message sent successfully (status = Success)
Server received all data from clients

Offset value: 833362
end: 1744952303865712509 ns
sort-end: 1744952303865255900 ns
sort-start: 1744952303864735935 ns
t4-end: 1744952303862823071 ns
t4-start: 1744952303833649813 ns
t5-end: 1744952303862915570 ns
t5-start: 1744952303833920762 ns
transfer-end: 1744952303862821476 ns
unique-end: 1744952303865669636 ns
unique-start: 1744952303865511934 ns
t4: 29173258 ns
t5: 28994808 ns
t4-t5: 29265757 ns
Sort time: 519965 ns
Unique time: 157702 ns
t6: 677667 ns
[1744952303.937943] [cdr2630:651836:0]          rcache.c:701  UCX  WARN  ucp_rcache: destroying inuse region 0x2255c60 [0x15236e7ff000..0x15236ffff040] g- rw ref 1 md[0]=self md[1]=tcp md[4]=hfi1_0 md[5]=cma
