srun: warning: can't run 1 processes on 3 nodes, setting nnodes to 1
Server is listening on port 8040
Server: client connected
Server received AM: 1048576 8388608
Server: Received chunk size 1048576 and buffer size 8388608
Server: client connected
Server received AM: 1048576 8388608
Server: Received chunk size 1048576 and buffer size 8388608
Server: Both clients are ready, buffer allocated
Client: AM message sent successfully (status = Success)
Client: AM message sent successfully (status = Success)
Client: AM message sent successfully (status = Success)
Client: AM message sent successfully (status = Success)
Server received all data from clients

Offset value: 1540577
end: 1744931825687418205 ns
sort-end: 1744931825686890803 ns
sort-start: 1744931825686452254 ns
t4-end: 1744931825684255214 ns
t4-start: 1744931824585927674 ns
t5-end: 1744931825684329782 ns
t5-start: 1744931824643354450 ns
transfer-end: 1744931825684253226 ns
unique-end: 1744931825687368502 ns
unique-start: 1744931825687226809 ns
t4: 1098327540 ns
t5: 1040975332 ns
t4-t5: 1098402108 ns
Sort time: 438549 ns
Unique time: 141693 ns
t6: 580242 ns
[1744931825.800451] [cdr2631:1177209:0]          rcache.c:701  UCX  WARN  ucp_rcache: destroying inuse region 0x17d2c60 [0x147b484cc000..0x147b494cc040] g- rw ref 1 md[0]=self md[1]=tcp md[4]=hfi1_0 md[5]=cma
