srun: warning: can't run 1 processes on 3 nodes, setting nnodes to 1
Starting deduplication
Creating GPU merger 1
Creating GPU merger 2
Creating CPU merger
0
0
Creating client ucp endpoint
Sending metadata to server: buffer_size = 1610612736, chunk_size = 134217728
Client: Received rkey and remote address from server.
Client: Received rkey and remote address from server.
Received Rkey from server
Server listening on port 9090
Accepted connection
deduplication-end: 1744944297935413188 ns
deduplication-start: 1744944066536674732 ns
end: 1744944331847070589 ns
start: 1744944066482619942 ns
t1-end: 1744944066739784671 ns
t1-start: 1744944066482898878 ns
t3-end: 1744944298040564130 ns
t3-start: 1744944093957566222 ns
t1: 256885793 ns
t2: 231398738456 ns
Tuples sent: 268435456
