srun: warning: can't run 1 processes on 3 nodes, setting nnodes to 1
Starting deduplication
Creating GPU merger 1
Creating GPU merger 2
Creating CPU merger
0
0
Creating client ucp endpoint
Sending metadata to server: buffer_size = 1610612736, chunk_size = 134217728
Client: Received rkey and remote address from server.
Client: Received rkey and remote address from server.
Received Rkey from server
Connected to 172.16.146.78:9090
deduplication-end: 1744951202562681964 ns
deduplication-start: 1744951202183517618 ns
end: 1744951372343541534 ns
start: 1744951202172625028 ns
t1-end: 1744951202214269224 ns
t1-start: 1744951202173091017 ns
t3-end: 1744951202785541187 ns
t3-start: 1744951202232557745 ns
t1: 41178207 ns
t2: 379164346 ns
Tuples sent: 268435456
