srun: warning: can't run 1 processes on 3 nodes, setting nnodes to 1
Server is listening on port 8055
Server: client connected
Server received AM: 134217728 1610612736
Server: Received chunk size 134217728 and buffer size 1610612736
Server: client connected
Server received AM: 134217728 1610612736
Server: Received chunk size 134217728 and buffer size 1610612736
Server: Both clients are ready, buffer allocated
Client: AM message sent successfully (status = Success)
Client: AM message sent successfully (status = Success)
Client: AM message sent successfully (status = Success)
Client: AM message sent successfully (status = Success)
Server received all data from clients

Offset value: 232104606
end: 1744951372343107836 ns
sort-end: 1744951372331498601 ns
sort-start: 1744951372293315407 ns
t4-end: 1744951372279551900 ns
t4-start: 1744951202297931576 ns
t5-end: 1744951372290474134 ns
t5-start: 1744951212885308619 ns
transfer-end: 1744951224842193711 ns
unique-end: 1744951372343047316 ns
unique-start: 1744951372338008815 ns
t4: 169981620324 ns
t5: 159405165515 ns
t4-t5: 169992542558 ns
Sort time: 38183194 ns
Unique time: 5038501 ns
t6: 43221695 ns
[1744951372.437440] [cdr2638:1329003:0]          rcache.c:701  UCX  WARN  ucp_rcache: destroying inuse region 0x24bac60 [0x1487f3fff000..0x1488b3fff040] g- rw ref 1 md[0]=self md[1]=tcp md[4]=hfi1_0 md[5]=cma
