srun: warning: can't run 1 processes on 3 nodes, setting nnodes to 1
Starting deduplication
Creating GPU merger 1
Creating GPU merger 2
Creating CPU merger
0
0
Creating client ucp endpoint
Sending metadata to server: buffer_size = 100663296, chunk_size = 8388608
Client: Received rkey and remote address from server.
Client: Received rkey and remote address from server.
Received Rkey from server
Connected to 172.16.146.68:9090
deduplication-end: 1744956045081550557 ns
deduplication-start: 1744956036804565042 ns
end: 1744956045462634372 ns
start: 1744956036803545539 ns
t1-end: 1744956036807112302 ns
t1-start: 1744956036803775156 ns
t3-end: 1744956045107339974 ns
t3-start: 1744956038834891949 ns
t1: 3337146 ns
t2: 8276985515 ns
Tuples sent: 6161036
