srun: warning: can't run 1 processes on 3 nodes, setting nnodes to 1
Starting deduplication
Creating GPU merger 1
Creating GPU merger 2
Creating CPU merger
0
0
Creating client ucp endpoint
Sending metadata to server: buffer_size = 100663296, chunk_size = 8388608
Client: Received rkey and remote address from server.
Client: Received rkey and remote address from server.
Received Rkey from server
Server listening on port 9090
Accepted connection
deduplication-end: 1744956045436156188 ns
deduplication-start: 1744956036804768782 ns
end: 1744956045462563189 ns
start: 1744956036803503561 ns
t1-end: 1744956036806879711 ns
t1-start: 1744956036803918880 ns
t3-end: 1744956045459003776 ns
t3-start: 1744956038868581260 ns
t1: 2960831 ns
t2: 8631387406 ns
Tuples sent: 6159872
