srun: warning: can't run 1 processes on 3 nodes, setting nnodes to 1
Server is listening on port 8035
Server: client connected
Server received AM: 8388608 100663296
Server: Received chunk size 8388608 and buffer size 100663296
Server: client connected
Server received AM: 8388608 100663296
Server: Received chunk size 8388608 and buffer size 100663296
Server: Both clients are ready, buffer allocated
Client: AM message sent successfully (status = Success)
Client: AM message sent successfully (status = Success)
Client: AM message sent successfully (status = Success)
Client: AM message sent successfully (status = Success)
Server received all data from clients

Offset value: 6665591
end: 1744956045462346570 ns
sort-end: 1744956045461777738 ns
sort-start: 1744956045460739275 ns
t4-end: 1744956045457577518 ns
t4-start: 1744956038838060652 ns
t5-end: 1744956045458864266 ns
t5-start: 1744956038839871149 ns
transfer-end: 1744956045457576076 ns
unique-end: 1744956045462301103 ns
unique-start: 1744956045462063337 ns
t4: 6619516866 ns
t5: 6618993117 ns
t4-t5: 6620803614 ns
Sort time: 1038463 ns
Unique time: 237766 ns
t6: 1276229 ns
[1744956045.532925] [cdr2630:658193:0]          rcache.c:701  UCX  WARN  ucp_rcache: destroying inuse region 0xd8bc50 [0x14a3c57fe000..0x14a3d17fe040] g- rw ref 1 md[0]=self md[1]=tcp md[4]=hfi1_0 md[5]=cma
