srun: warning: can't run 1 processes on 3 nodes, setting nnodes to 1
Starting deduplication
Creating GPU merger 1
Creating GPU merger 2
Creating CPU merger
0
0
Creating client ucp endpoint
Sending metadata to server: buffer_size = 12582912, chunk_size = 1048576
Client: Received rkey and remote address from server.
Client: Received rkey and remote address from server.
Received Rkey from server
Server listening on port 9090
Accepted connection
deduplication-end: 1744938101062257216 ns
deduplication-start: 1744938099287076383 ns
end: 1744938101201703621 ns
start: 1744938099285264925 ns
t1-end: 1744938099291058084 ns
t1-start: 1744938099286058690 ns
t3-end: 1744938101086942112 ns
t3-start: 1744938099518312258 ns
t1: 4999394 ns
t2: 1775180833 ns
Tuples sent: 2097152
