srun: warning: can't run 1 processes on 3 nodes, setting nnodes to 1
Starting deduplication
Creating GPU merger 1
Creating GPU merger 2
Creating CPU merger
0
0
Creating client ucp endpoint
Sending metadata to server: buffer_size = 12582912, chunk_size = 1048576
Client: Received rkey and remote address from server.
Client: Received rkey and remote address from server.
Received Rkey from server
Connected to 172.16.146.75:9090
deduplication-end: 1744951629741984564 ns
deduplication-start: 1744951629738171747 ns
end: 1744951629767010966 ns
start: 1744951629737091087 ns
t1-end: 1744951629738565004 ns
t1-start: 1744951629737935382 ns
t3-end: 1744951629883641138 ns
t3-start: 1744951629738873814 ns
t1: 629622 ns
t2: 3812817 ns
Tuples sent: 2097152
