srun: warning: can't run 1 processes on 3 nodes, setting nnodes to 1
Server is listening on port 8000
Server: client connected
Server received AM: 1048576 12582912
Server: Received chunk size 1048576 and buffer size 12582912
Server: client connected
Server received AM: 1048576 12582912
Server: Received chunk size 1048576 and buffer size 12582912
Server: Both clients are ready, buffer allocated
Client: AM message sent successfully (status = Success)
Client: AM message sent successfully (status = Success)
Client: AM message sent successfully (status = Success)
Client: AM message sent successfully (status = Success)
Server received all data from clients

Offset value: 20970
end: 1744951629766578812 ns
sort-end: 1744951629766065172 ns
sort-start: 1744951629765442897 ns
t4-end: 1744951629762780026 ns
t4-start: 1744951629739480451 ns
t5-end: 1744951629762873837 ns
t5-start: 1744951629739784278 ns
transfer-end: 1744951629762777848 ns
unique-end: 1744951629766529492 ns
unique-start: 1744951629766370257 ns
t4: 23299575 ns
t5: 23089559 ns
t4-t5: 23393386 ns
Sort time: 622275 ns
Unique time: 159235 ns
t6: 781510 ns
[1744951629.833903] [cdr2630:638893:0]          rcache.c:701  UCX  WARN  ucp_rcache: destroying inuse region 0x113ac60 [0x1473ac5ff000..0x1473addff040] g- rw ref 1 md[0]=self md[1]=tcp md[4]=hfi1_0 md[5]=cma
