srun: warning: can't run 1 processes on 3 nodes, setting nnodes to 1
Server is listening on port 8014
Server: client connected
Server received AM: 67108864 805306368
Server: Received chunk size 67108864 and buffer size 805306368
Server: client connected
Server received AM: 67108864 805306368
Server: Received chunk size 67108864 and buffer size 805306368
Server: Both clients are ready, buffer allocated
Client: AM message sent successfully (status = Success)
Client: AM message sent successfully (status = Success)
Client: AM message sent successfully (status = Success)
Client: AM message sent successfully (status = Success)
Server received all data from clients

Offset value: 6710886
end: 1744954909096868272 ns
sort-end: 1744954909096287746 ns
sort-start: 1744954909095146096 ns
t4-end: 1744954909088629024 ns
t4-start: 1744954905303283253 ns
t5-end: 1744954909093196954 ns
transfer-end: 1744954909088627882 ns
unique-end: 1744954909096823428 ns
unique-start: 1744954909096575063 ns
t4: 3785345771 ns
t5: 1744954909093196954 ns
t4-t5: 3789913701 ns
Sort time: 1141650 ns
Unique time: 248365 ns
t6: 1390015 ns
[1744954909.187174] [cdr2630:656689:0]          rcache.c:701  UCX  WARN  ucp_rcache: destroying inuse region 0xa38c50 [0x1551657fe000..0x1551c57fe040] g- rw ref 1 md[0]=self md[1]=tcp md[4]=hfi1_0 md[5]=cma
