srun: warning: can't run 1 processes on 3 nodes, setting nnodes to 1
Starting deduplication
Creating GPU merger 1
Creating GPU merger 2
Creating CPU merger
0
0
Creating client ucp endpoint
Sending metadata to server: buffer_size = 805306368, chunk_size = 67108864
Client: Received rkey and remote address from server.
Client: Received rkey and remote address from server.
Received Rkey from server
Connected to 172.16.146.47:9090
deduplication-end: 1744943098124018777 ns
deduplication-start: 1744942979632375195 ns
end: 1744943134728540236 ns
start: 1744942979606346961 ns
t1-end: 1744942979709829941 ns
t1-start: 1744942979606616132 ns
t3-end: 1744943098174628724 ns
t3-start: 1744942995655178451 ns
t1: 103213809 ns
t2: 118491643582 ns
Tuples sent: 134217728
