srun: warning: can't run 1 processes on 3 nodes, setting nnodes to 1
Server is listening on port 8046
Server: client connected
Server received AM: 67108864 805306368
Server: Received chunk size 67108864 and buffer size 805306368
Server: client connected
Server received AM: 67108864 805306368
Server: Received chunk size 67108864 and buffer size 805306368
Server: Both clients are ready, buffer allocated
Client: AM message sent successfully (status = Success)
Client: AM message sent successfully (status = Success)
Client: AM message sent successfully (status = Success)
Client: AM message sent successfully (status = Success)
Server received all data from clients

Offset value: 98557627
end: 1744952590048504991 ns
sort-end: 1744952590045072243 ns
sort-start: 1744952590026349701 ns
t4-end: 1744952590018974421 ns
t4-start: 1744952589695323459 ns
t5-end: 1744952590024422098 ns
t5-start: 1744952589708510740 ns
transfer-end: 1744952590018972869 ns
unique-end: 1744952590048459596 ns
unique-start: 1744952590046007030 ns
t4: 323650962 ns
t5: 315911358 ns
t4-t5: 329098639 ns
Sort time: 18722542 ns
Unique time: 2452566 ns
t6: 21175108 ns
[1744952590.120035] [cdr2630:653151:0]          rcache.c:701  UCX  WARN  ucp_rcache: destroying inuse region 0x1705c60 [0x14ad1d7fe000..0x14ad7d7fe040] g- rw ref 1 md[0]=self md[1]=tcp md[4]=hfi1_0 md[5]=cma
