srun: warning: can't run 1 processes on 3 nodes, setting nnodes to 1
Starting deduplication
Creating GPU merger 1
Creating GPU merger 2
Creating CPU merger
0
0
Creating client ucp endpoint
Sending metadata to server: buffer_size = 1610612736, chunk_size = 134217728
Client: Received rkey and remote address from server.
Client: Received rkey and remote address from server.
Received Rkey from server
Connected to 172.16.146.68:9090
deduplication-end: 1744956498812244352 ns
deduplication-start: 1744956316772662402 ns
end: 1744956498998019878 ns
start: 1744956316761979770 ns
t1-end: 1744956316803520139 ns
t1-start: 1744956316762248575 ns
t3-end: 1744956498912698665 ns
t3-start: 1744956354133371933 ns
t1: 41271564 ns
t2: 182039581950 ns
Tuples sent: 98559441
