srun: warning: can't run 1 processes on 3 nodes, setting nnodes to 1
Server is listening on port 8039
Server: client connected
Server received AM: 134217728 1610612736
Server: Received chunk size 134217728 and buffer size 1610612736
Server: client connected
Server received AM: 134217728 1610612736
Server: Received chunk size 134217728 and buffer size 1610612736
Server: Both clients are ready, buffer allocated
Client: AM message sent successfully (status = Success)
Client: AM message sent successfully (status = Success)
Client: AM message sent successfully (status = Success)
Client: AM message sent successfully (status = Success)
Server received all data from clients

Offset value: 106649653
end: 1744956498997586828 ns
sort-end: 1744956498970992410 ns
sort-start: 1744956498957541788 ns
t4-end: 1744956498934075279 ns
t4-start: 1744956353605983383 ns
t5-end: 1744956498954694150 ns
t5-start: 1744956353625396073 ns
transfer-end: 1744956498934069275 ns
unique-end: 1744956498997537675 ns
unique-start: 1744956498995582516 ns
t4: 145328091896 ns
t5: 145329298077 ns
t4-t5: 145348710767 ns
Sort time: 13450622 ns
Unique time: 1955159 ns
t6: 15405781 ns
[1744956499.101967] [cdr2630:658493:0]          rcache.c:701  UCX  WARN  ucp_rcache: destroying inuse region 0x10e5c60 [0x1543a7fff000..0x154467fff040] g- rw ref 1 md[0]=self md[1]=tcp md[4]=hfi1_0 md[5]=cma
