srun: warning: can't run 1 processes on 3 nodes, setting nnodes to 1
Starting deduplication
Creating GPU merger 1
Creating GPU merger 2
Creating CPU merger
0
0
Creating client ucp endpoint
Sending metadata to server: buffer_size = 805306368, chunk_size = 67108864
Client: Received rkey and remote address from server.
Client: Received rkey and remote address from server.
Received Rkey from server
Connected to 172.16.146.68:9090
deduplication-end: 1744955294300812798 ns
deduplication-start: 1744955239766538847 ns
end: 1744955297883870089 ns
start: 1744955239760864631 ns
t1-end: 1744955239782843245 ns
t1-start: 1744955239761136286 ns
t3-end: 1744955294331493333 ns
t3-start: 1744955294300882584 ns
t1: 21706959 ns
t2: 54534273951 ns
Tuples sent: 13421181
