srun: warning: can't run 1 processes on 3 nodes, setting nnodes to 1
Server is listening on port 8022
Server: client connected
Server received AM: 67108864 805306368
Server: Received chunk size 67108864 and buffer size 805306368
Server: client connected
Server received AM: 67108864 805306368
Server: Received chunk size 67108864 and buffer size 805306368
Server: Both clients are ready, buffer allocated
Client: AM message sent successfully (status = Success)
Client: AM message sent successfully (status = Success)
Client: AM message sent successfully (status = Success)
Client: AM message sent successfully (status = Success)
Server received all data from clients

Offset value: 13421772
end: 1744955297883439290 ns
sort-end: 1744955297882700778 ns
sort-start: 1744955297880674060 ns
t4-end: 1744955297869842994 ns
t4-start: 1744955294328329455 ns
t5-end: 1744955297878724895 ns
t5-start: 1744955297869832255 ns
transfer-end: 1744955297869841762 ns
unique-end: 1744955297883394291 ns
unique-start: 1744955297883035244 ns
t4: 3541513539 ns
t5: 8892640 ns
t4-t5: 3550395440 ns
Sort time: 2026718 ns
Unique time: 359047 ns
t6: 2385765 ns
[1744955297.976064] [cdr2630:657258:0]          rcache.c:701  UCX  WARN  ucp_rcache: destroying inuse region 0x1bf8c60 [0x14b5ebfff000..0x14b64bfff040] g- rw ref 1 md[0]=self md[1]=tcp md[4]=hfi1_0 md[5]=cma
