srun: warning: can't run 1 processes on 3 nodes, setting nnodes to 1
Starting deduplication
Creating GPU merger 1
Creating GPU merger 2
Creating CPU merger
0
0
Creating client ucp endpoint
Sending metadata to server: buffer_size = 201326592, chunk_size = 16777216
Client: Received rkey and remote address from server.
Client: Received rkey and remote address from server.
Received Rkey from server
Server listening on port 9090
Accepted connection
deduplication-end: 1744956084473370483 ns
deduplication-start: 1744956066359144930 ns
end: 1744956084508748127 ns
start: 1744956066357472161 ns
t1-end: 1744956066363336098 ns
t1-start: 1744956066357762038 ns
t3-end: 1744956084501372659 ns
t3-start: 1744956070293099981 ns
t1: 5574060 ns
t2: 18114225553 ns
Tuples sent: 12318860
