srun: warning: can't run 1 processes on 3 nodes, setting nnodes to 1
Server is listening on port 8036
Server: client connected
Server received AM: 16777216 201326592
Server: Received chunk size 16777216 and buffer size 201326592
Server: client connected
Server received AM: 16777216 201326592
Server: Received chunk size 16777216 and buffer size 201326592
Server: Both clients are ready, buffer allocated
Client: AM message sent successfully (status = Success)
Client: AM message sent successfully (status = Success)
Client: AM message sent successfully (status = Success)
Client: AM message sent successfully (status = Success)
Server received all data from clients

Offset value: 13330671
end: 1744956084508510892 ns
sort-end: 1744956084507797638 ns
sort-start: 1744956084505906379 ns
t4-end: 1744956084501350219 ns
t4-start: 1744956070302471119 ns
t5-end: 1744956084503945582 ns
t5-start: 1744956070304919269 ns
transfer-end: 1744956084501348729 ns
unique-end: 1744956084508461641 ns
unique-start: 1744956084508110726 ns
t4: 14198879100 ns
t5: 14199026313 ns
t4-t5: 14201474463 ns
Sort time: 1891259 ns
Unique time: 350915 ns
t6: 2242174 ns
[1744956084.577014] [cdr2630:658276:0]          rcache.c:701  UCX  WARN  ucp_rcache: destroying inuse region 0x67ec50 [0x1537a57fe000..0x1537bd7fe040] g- rw ref 1 md[0]=self md[1]=tcp md[4]=hfi1_0 md[5]=cma
