srun: warning: can't run 1 processes on 3 nodes, setting nnodes to 1
Starting deduplication
Creating GPU merger 1
Creating GPU merger 2
Creating CPU merger
0
0
Creating client ucp endpoint
Sending metadata to server: buffer_size = 201326592, chunk_size = 16777216
Client: Received rkey and remote address from server.
Client: Received rkey and remote address from server.
Received Rkey from server
Server listening on port 9090
Accepted connection
deduplication-end: 1744949556794115105 ns
deduplication-start: 1744949556743922807 ns
end: 1744949576438749403 ns
start: 1744949556742180859 ns
t1-end: 1744949556751770419 ns
t1-start: 1744949556742548128 ns
t3-end: 1744949556880583038 ns
t3-start: 1744949556750056989 ns
t1: 9222291 ns
t2: 50192298 ns
Tuples sent: 33554432
