srun: warning: can't run 1 processes on 3 nodes, setting nnodes to 1
Server is listening on port 8036
Server: client connected
Server received AM: 16777216 201326592
Server: Received chunk size 16777216 and buffer size 201326592
Server: client connected
Server received AM: 16777216 201326592
Server: Received chunk size 16777216 and buffer size 201326592
Server: Both clients are ready, buffer allocated
Client: AM message sent successfully (status = Success)
Client: AM message sent successfully (status = Success)
Client: AM message sent successfully (status = Success)
Client: AM message sent successfully (status = Success)
Server received all data from clients

Offset value: 13331353
end: 1744952375369193765 ns
sort-end: 1744952375368024607 ns
sort-start: 1744952375363259590 ns
t4-end: 1744952375359846284 ns
t4-start: 1744952375300328969 ns
t5-end: 1744952375361217227 ns
t5-start: 1744952375303716626 ns
transfer-end: 1744952375359844873 ns
unique-end: 1744952375369139479 ns
unique-start: 1744952375368470336 ns
t4: 59517315 ns
t5: 57500601 ns
t4-t5: 60888258 ns
Sort time: 4765017 ns
Unique time: 669143 ns
t6: 5434160 ns
[1744952375.463153] [cdr2630:652107:0]          rcache.c:701  UCX  WARN  ucp_rcache: destroying inuse region 0xd37c50 [0x14d9557fe000..0x14d96d7fe040] g- rw ref 1 md[0]=self md[1]=tcp md[4]=hfi1_0 md[5]=cma
