srun: warning: can't run 1 processes on 3 nodes, setting nnodes to 1
Starting deduplication
Creating GPU merger 1
Creating GPU merger 2
Creating CPU merger
0
0
Creating client ucp endpoint
Sending metadata to server: buffer_size = 50331648, chunk_size = 4194304
Client: Received rkey and remote address from server.
Client: Received rkey and remote address from server.
Received Rkey from server
Connected to 172.16.146.75:9090
deduplication-end: 1744952000989812537 ns
deduplication-start: 1744952000977438900 ns
end: 1744952001000234323 ns
start: 1744952000976408657 ns
t1-end: 1744952000978972848 ns
t1-start: 1744952000976807053 ns
t3-end: 1744952001111740495 ns
t3-start: 1744952000979061452 ns
t1: 2165795 ns
t2: 12373637 ns
Tuples sent: 8388608
