srun: warning: can't run 1 processes on 3 nodes, setting nnodes to 1
Starting deduplication
Creating GPU merger 1
Creating GPU merger 2
Creating CPU merger
0
0
Creating client ucp endpoint
Sending metadata to server: buffer_size = 50331648, chunk_size = 4194304
Client: Received rkey and remote address from server.
Client: Received rkey and remote address from server.
Received Rkey from server
Server listening on port 9090
Accepted connection
deduplication-end: 1744947779554611844 ns
deduplication-start: 1744947779542654850 ns
end: 1744947786126744139 ns
start: 1744947779541676698 ns
t1-end: 1744947779545290694 ns
t1-start: 1744947779542086239 ns
t3-end: 1744947779664665595 ns
t3-start: 1744947779544183823 ns
t1: 3204455 ns
t2: 11956994 ns
Tuples sent: 8388608
