srun: warning: can't run 1 processes on 3 nodes, setting nnodes to 1
Server is listening on port 8018
Server: client connected
Server received AM: 4194304 50331648
Server: Received chunk size 4194304 and buffer size 50331648
Server: client connected
Server received AM: 4194304 50331648
Server: Received chunk size 4194304 and buffer size 50331648
Server: Both clients are ready, buffer allocated
Client: AM message sent successfully (status = Success)
Client: AM message sent successfully (status = Success)
Client: AM message sent successfully (status = Success)
Client: AM message sent successfully (status = Success)
Server received all data from clients

Offset value: 838860
end: 1744952000999907421 ns
sort-end: 1744952000999305652 ns
sort-start: 1744952000998005173 ns
t4-end: 1744952000995730988 ns
t4-start: 1744952000981131987 ns
t5-end: 1744952000996080225 ns
t5-start: 1744952000982064335 ns
transfer-end: 1744952000995729533 ns
unique-end: 1744952000999859904 ns
unique-start: 1744952000999610391 ns
t4: 14599001 ns
t5: 14015890 ns
t4-t5: 14948238 ns
Sort time: 1300479 ns
Unique time: 249513 ns
t6: 1549992 ns
[1744952001.075113] [cdr2630:649945:0]          rcache.c:701  UCX  WARN  ucp_rcache: destroying inuse region 0xf14c50 [0x153e777fe000..0x153e7d7fe040] g- rw ref 1 md[0]=self md[1]=tcp md[4]=hfi1_0 md[5]=cma
