srun: warning: can't run 1 processes on 3 nodes, setting nnodes to 1
Starting deduplication
Creating GPU merger 1
Creating GPU merger 2
Creating CPU merger
0
0
Creating client ucp endpoint
Sending metadata to server: buffer_size = 25165824, chunk_size = 2097152
Client: Received rkey and remote address from server.
Client: Received rkey and remote address from server.
Received Rkey from server
Connected to 172.16.146.78:9090
deduplication-end: 1744947758428916570 ns
deduplication-start: 1744947758421815615 ns
end: 1744947761389999932 ns
start: 1744947758420618305 ns
t1-end: 1744947758422378451 ns
t1-start: 1744947758421433727 ns
t3-end: 1744947758524912707 ns
t3-start: 1744947758422667371 ns
t1: 944724 ns
t2: 7100955 ns
Tuples sent: 4194304
