srun: warning: can't run 1 processes on 3 nodes, setting nnodes to 1
Server is listening on port 8017
Server: client connected
Server received AM: 2097152 25165824
Server: Received chunk size 2097152 and buffer size 25165824
Server: client connected
Server received AM: 2097152 25165824
Server: Received chunk size 2097152 and buffer size 25165824
Server: Both clients are ready, buffer allocated
Client: AM message sent successfully (status = Success)
Client: AM message sent successfully (status = Success)
Client: AM message sent successfully (status = Success)
Client: AM message sent successfully (status = Success)
Server received all data from clients

Offset value: 419430
end: 1744939710699941670 ns
sort-end: 1744939710699408952 ns
sort-start: 1744939710698596292 ns
t4-end: 1744939710696385451 ns
t4-start: 1744939707226913734 ns
t5-end: 1744939710696563486 ns
t5-start: 1744939707381919086 ns
transfer-end: 1744939710696383585 ns
unique-end: 1744939710699890993 ns
unique-start: 1744939710699707060 ns
t4: 3469471717 ns
t5: 3314644400 ns
t4-t5: 3469649752 ns
Sort time: 812660 ns
Unique time: 183933 ns
t6: 996593 ns
[1744939710.759792] [cdr2596:359117:0]          rcache.c:701  UCX  WARN  ucp_rcache: destroying inuse region 0x13a4c60 [0x15060e7fe000..0x1506117fe040] g- rw ref 1 md[0]=self md[1]=tcp md[4]=hfi1_0 md[5]=cma
