srun: warning: can't run 1 processes on 3 nodes, setting nnodes to 1
Starting deduplication
Creating GPU merger 1
Creating GPU merger 2
Creating CPU merger
0
0
Creating client ucp endpoint
Sending metadata to server: buffer_size = 16777216, chunk_size = 2097152
Client: Received rkey and remote address from server.
Client: Received rkey and remote address from server.
Received Rkey from server
Server listening on port 9090
Accepted connection
deduplication-end: 1744931233591478911 ns
deduplication-start: 1744931231433205268 ns
end: 1744931233808837454 ns
start: 1744931231431015568 ns
t1-end: 1744931231439687840 ns
t1-start: 1744931231431732411 ns
t3-end: 1744931233605291834 ns
t3-start: 1744931232053504461 ns
t1: 7955429 ns
t2: 2158273643 ns
Tuples sent: 1539749
