srun: warning: can't run 1 processes on 3 nodes, setting nnodes to 1
Starting deduplication
Creating GPU merger 1
Creating GPU merger 2
Creating CPU merger
0
0
Creating client ucp endpoint
Sending metadata to server: buffer_size = 16777216, chunk_size = 2097152
Client: Received rkey and remote address from server.
Client: Received rkey and remote address from server.
Received Rkey from server
Connected to 172.16.146.69:9090
deduplication-end: 1744931233367244254 ns
deduplication-start: 1744931231433199592 ns
end: 1744931233808978060 ns
start: 1744931231431078588 ns
t1-end: 1744931231440831866 ns
t1-start: 1744931231431353568 ns
t3-end: 1744931233382532711 ns
t3-start: 1744931231956332309 ns
t1: 9478298 ns
t2: 1934044662 ns
Tuples sent: 1539670
