srun: warning: can't run 1 processes on 3 nodes, setting nnodes to 1
Starting deduplication
Creating GPU merger 1
Creating GPU merger 2
Creating CPU merger
0
0
Creating client ucp endpoint
Sending metadata to server: buffer_size = 201326592, chunk_size = 16777216
Client: Received rkey and remote address from server.
Client: Received rkey and remote address from server.
Received Rkey from server
Server listening on port 9090
Accepted connection
deduplication-end: 1744945895233460993 ns
deduplication-start: 1744945895186562004 ns
end: 1744945916544513743 ns
start: 1744945895184570678 ns
t1-end: 1744945895191924714 ns
t1-start: 1744945895185072177 ns
t3-end: 1744945895314397360 ns
t3-start: 1744945895192677994 ns
t1: 6852537 ns
t2: 46898989 ns
Tuples sent: 33554432
