srun: warning: can't run 1 processes on 3 nodes, setting nnodes to 1
Starting deduplication
Creating GPU merger 1
Creating GPU merger 2
Creating CPU merger
0
0
Creating client ucp endpoint
Sending metadata to server: buffer_size = 201326592, chunk_size = 16777216
Client: Received rkey and remote address from server.
Client: Received rkey and remote address from server.
Received Rkey from server
Connected to 172.16.146.75:9090
deduplication-end: 1744951700305308593 ns
deduplication-start: 1744951700257678096 ns
end: 1744951700360258022 ns
start: 1744951700255900600 ns
t1-end: 1744951700265393962 ns
t1-start: 1744951700256218940 ns
t3-end: 1744951700393354914 ns
t3-start: 1744951700263675004 ns
t1: 9175022 ns
t2: 47630497 ns
Tuples sent: 33554432
