srun: warning: can't run 1 processes on 3 nodes, setting nnodes to 1
Server is listening on port 8004
Server: client connected
Server received AM: 16777216 201326592
Server: Received chunk size 16777216 and buffer size 201326592
Server: client connected
Server received AM: 16777216 201326592
Server: Received chunk size 16777216 and buffer size 201326592
Server: Both clients are ready, buffer allocated
Client: AM message sent successfully (status = Success)
Client: AM message sent successfully (status = Success)
Client: AM message sent successfully (status = Success)
Client: AM message sent successfully (status = Success)
Server received all data from clients

Offset value: 335544
end: 1744951700359934079 ns
sort-end: 1744951700358454700 ns
sort-start: 1744951700353711918 ns
t4-end: 1744951700350304897 ns
t4-start: 1744951700271149804 ns
t5-end: 1744951700351673239 ns
t5-start: 1744951700274463265 ns
transfer-end: 1744951700350303439 ns
unique-end: 1744951700359887657 ns
unique-start: 1744951700359296281 ns
t4: 79155093 ns
t5: 77209974 ns
t4-t5: 80523435 ns
Sort time: 4742782 ns
Unique time: 591376 ns
t6: 5334158 ns
[1744951700.446884] [cdr2630:641218:0]          rcache.c:701  UCX  WARN  ucp_rcache: destroying inuse region 0x23b0c60 [0x1520417fe000..0x1520597fe040] g- rw ref 1 md[0]=self md[1]=tcp md[4]=hfi1_0 md[5]=cma
