srun: warning: can't run 1 processes on 3 nodes, setting nnodes to 1
Starting deduplication
Creating GPU merger 1
Creating GPU merger 2
Creating CPU merger
0
0
Creating client ucp endpoint
Sending metadata to server: buffer_size = 134217728, chunk_size = 16777216
Client: Received rkey and remote address from server.
Client: Received rkey and remote address from server.
Received Rkey from server
Server listening on port 9090
Accepted connection
deduplication-end: 1744930004158633566 ns
deduplication-start: 1744929994797152442 ns
end: 1744930005087534001 ns
start: 1744929994789358418 ns
t1-end: 1744929994818260349 ns
t1-start: 1744929994789692338 ns
t3-end: 1744930004165069711 ns
t3-start: 1744930004158698704 ns
t1: 28568011 ns
t2: 9361481124 ns
Tuples sent: 1677720
