srun: warning: can't run 1 processes on 3 nodes, setting nnodes to 1
Starting deduplication
Creating GPU merger 1
Creating GPU merger 2
Creating CPU merger
0
0
Creating client ucp endpoint
Sending metadata to server: buffer_size = 134217728, chunk_size = 16777216
Client: Received rkey and remote address from server.
Client: Received rkey and remote address from server.
Received Rkey from server
Connected to 172.16.146.69:9090
deduplication-end: 1744930003847301286 ns
deduplication-start: 1744929994796651943 ns
end: 1744930005087690773 ns
start: 1744929994789443094 ns
t1-end: 1744929994817268658 ns
t1-start: 1744929994789730636 ns
t3-end: 1744930003853791054 ns
t3-start: 1744930003847364911 ns
t1: 27538022 ns
t2: 9050649343 ns
Tuples sent: 1677720
