srun: warning: can't run 1 processes on 3 nodes, setting nnodes to 1
Starting deduplication
Creating GPU merger 1
Creating GPU merger 2
Creating CPU merger
0
0
Creating client ucp endpoint
Sending metadata to server: buffer_size = 25165824, chunk_size = 2097152
Client: Received rkey and remote address from server.
Client: Received rkey and remote address from server.
Received Rkey from server
Connected to 172.16.146.75:9090
deduplication-end: 1744952487812571924 ns
deduplication-start: 1744952487806329023 ns
end: 1744952487869523888 ns
start: 1744952487805079145 ns
t1-end: 1744952487806922195 ns
t1-start: 1744952487805925871 ns
t3-end: 1744952487916711561 ns
t3-start: 1744952487807099129 ns
t1: 996324 ns
t2: 6242901 ns
Tuples sent: 4194304
