srun: warning: can't run 1 processes on 3 nodes, setting nnodes to 1
Starting deduplication
Creating GPU merger 1
Creating GPU merger 2
Creating CPU merger
0
0
Creating client ucp endpoint
Sending metadata to server: buffer_size = 25165824, chunk_size = 2097152
Client: Received rkey and remote address from server.
Client: Received rkey and remote address from server.
Received Rkey from server
Server listening on port 9090
Accepted connection
deduplication-end: 1744952487811979339 ns
deduplication-start: 1744952487805987396 ns
end: 1744952487869480327 ns
start: 1744952487805039642 ns
t1-end: 1744952487807523781 ns
t1-start: 1744952487805650211 ns
t3-end: 1744952487923114444 ns
t3-start: 1744952487806732560 ns
t1: 1873570 ns
t2: 5991943 ns
Tuples sent: 4194304
