srun: warning: can't run 1 processes on 3 nodes, setting nnodes to 1
Server is listening on port 8041
Server: client connected
Server received AM: 2097152 25165824
Server: Received chunk size 2097152 and buffer size 25165824
Server: client connected
Server received AM: 2097152 25165824
Server: Received chunk size 2097152 and buffer size 25165824
Server: Both clients are ready, buffer allocated
Client: AM message sent successfully (status = Success)
Client: AM message sent successfully (status = Success)
Client: AM message sent successfully (status = Success)
Client: AM message sent successfully (status = Success)
Server received all data from clients

Offset value: 3079829
end: 1744952487869225692 ns
sort-end: 1744952487868699890 ns
sort-start: 1744952487867942640 ns
t4-end: 1744952487865880511 ns
t4-start: 1744952487808002376 ns
t5-end: 1744952487866098440 ns
t5-start: 1744952487808384567 ns
transfer-end: 1744952487816722543 ns
unique-end: 1744952487869176910 ns
unique-start: 1744952487868988400 ns
t4: 57878135 ns
t5: 57713873 ns
t4-t5: 58096064 ns
Sort time: 757250 ns
Unique time: 188510 ns
t6: 945760 ns
[1744952487.950936] [cdr2630:652770:0]          rcache.c:701  UCX  WARN  ucp_rcache: destroying inuse region 0x191ec60 [0x14db7cfff000..0x14db7ffff040] g- rw ref 1 md[0]=self md[1]=tcp md[4]=hfi1_0 md[5]=cma
