srun: warning: can't run 1 processes on 3 nodes, setting nnodes to 1
Starting deduplication
Creating GPU merger 1
Creating GPU merger 2
Creating CPU merger
0
0
Creating client ucp endpoint
Sending metadata to server: buffer_size = 100663296, chunk_size = 8388608
Client: Received rkey and remote address from server.
Client: Received rkey and remote address from server.
Received Rkey from server
Server listening on port 9090
Accepted connection
deduplication-end: 1744955560302021206 ns
deduplication-start: 1744955553480195416 ns
end: 1744955560335411263 ns
start: 1744955553478586875 ns
t1-end: 1744955553483435238 ns
t1-start: 1744955553479077960 ns
t3-end: 1744955560333302403 ns
t3-start: 1744955555610919046 ns
t1: 4357278 ns
t2: 6821825790 ns
Tuples sent: 3332887
