srun: warning: can't run 1 processes on 3 nodes, setting nnodes to 1
Starting deduplication
Creating GPU merger 1
Creating GPU merger 2
Creating CPU merger
0
0
Creating client ucp endpoint
Sending metadata to server: buffer_size = 100663296, chunk_size = 8388608
Client: Received rkey and remote address from server.
Client: Received rkey and remote address from server.
Received Rkey from server
Connected to 172.16.146.68:9090
deduplication-end: 1744955559903158955 ns
deduplication-start: 1744955553480234803 ns
end: 1744955560335593360 ns
start: 1744955553478622710 ns
t1-end: 1744955553482942108 ns
t1-start: 1744955553478880524 ns
t3-end: 1744955559925106958 ns
t3-start: 1744955555582608630 ns
t1: 4061584 ns
t2: 6422924152 ns
Tuples sent: 3332742
