srun: warning: can't run 1 processes on 3 nodes, setting nnodes to 1
Server is listening on port 8027
Server: client connected
Server received AM: 8388608 100663296
Server: Received chunk size 8388608 and buffer size 100663296
Server: client connected
Server received AM: 8388608 100663296
Server: Received chunk size 8388608 and buffer size 100663296
Server: Both clients are ready, buffer allocated
Client: AM message sent successfully (status = Success)
Client: AM message sent successfully (status = Success)
Client: AM message sent successfully (status = Success)
Client: AM message sent successfully (status = Success)
Server received all data from clients

Offset value: 3355290
end: 1744955560335234704 ns
sort-end: 1744955560334737010 ns
sort-start: 1744955560334012845 ns
t4-end: 1744955560331296318 ns
t4-start: 1744955555585831824 ns
t5-end: 1744955560332148463 ns
t5-start: 1744955555587643870 ns
transfer-end: 1744955560331295215 ns
unique-end: 1744955560335188757 ns
unique-start: 1744955560335009191 ns
t4: 4745464494 ns
t5: 4744504593 ns
t4-t5: 4746316639 ns
Sort time: 724165 ns
Unique time: 179566 ns
t6: 903731 ns
[1744955560.401998] [cdr2630:657607:0]          rcache.c:701  UCX  WARN  ucp_rcache: destroying inuse region 0x1856c60 [0x14d1197fe000..0x14d1257fe040] g- rw ref 1 md[0]=self md[1]=tcp md[4]=hfi1_0 md[5]=cma
