srun: warning: can't run 1 processes on 3 nodes, setting nnodes to 1
Starting deduplication
Creating GPU merger 1
Creating GPU merger 2
Creating CPU merger
0
0
Creating client ucp endpoint
Sending metadata to server: buffer_size = 100663296, chunk_size = 8388608
Client: Received rkey and remote address from server.
Client: Received rkey and remote address from server.
Received Rkey from server
Server listening on port 9090
Accepted connection
deduplication-end: 1744952189682411466 ns
deduplication-start: 1744952189658364343 ns
end: 1744952189699342985 ns
start: 1744952189657284970 ns
t1-end: 1744952189662255668 ns
t1-start: 1744952189657533625 ns
t3-end: 1744952189773921923 ns
t3-start: 1744952189661504927 ns
t1: 4722043 ns
t2: 24047123 ns
Tuples sent: 16777216
