srun: warning: can't run 1 processes on 3 nodes, setting nnodes to 1
Server is listening on port 8027
Server: client connected
Server received AM: 8388608 100663296
Server: Received chunk size 8388608 and buffer size 100663296
Server: client connected
Server received AM: 8388608 100663296
Server: Received chunk size 8388608 and buffer size 100663296
Server: Both clients are ready, buffer allocated
Client: AM message sent successfully (status = Success)
Client: AM message sent successfully (status = Success)
Client: AM message sent successfully (status = Success)
Client: AM message sent successfully (status = Success)
Server received all data from clients

Offset value: 3355279
end: 1744941113787252188 ns
sort-end: 1744941113786448096 ns
sort-start: 1744941113784084159 ns
t4-end: 1744941113781265456 ns
t4-start: 1744941095763171138 ns
t5-end: 1744941113781955815 ns
t5-start: 1744941095970772350 ns
transfer-end: 1744941113781263621 ns
unique-end: 1744941113787201596 ns
unique-start: 1744941113786822523 ns
t4: 18018094318 ns
t5: 17811183465 ns
t4-t5: 18018784677 ns
Sort time: 2363937 ns
Unique time: 379073 ns
t6: 2743010 ns
[1744941113.862802] [cdr2596:359971:0]          rcache.c:701  UCX  WARN  ucp_rcache: destroying inuse region 0x15c6c60 [0x145a5ffff000..0x145a6bfff040] g- rw ref 1 md[0]=self md[1]=tcp md[4]=hfi1_0 md[5]=cma
