srun: warning: can't run 1 processes on 3 nodes, setting nnodes to 1
Starting deduplication
Creating GPU merger 1
Creating GPU merger 2
Creating CPU merger
0
0
Creating client ucp endpoint
Sending metadata to server: buffer_size = 805306368, chunk_size = 67108864
Client: Received rkey and remote address from server.
Client: Received rkey and remote address from server.
Received Rkey from server
Connected to 172.16.146.68:9090
deduplication-end: 1744956885242205211 ns
deduplication-start: 1744956782251109923 ns
end: 1744956885302210982 ns
start: 1744956782245433062 ns
t1-end: 1744956782273081689 ns
t1-start: 1744956782245681178 ns
t3-end: 1744956885276512910 ns
t3-start: 1744956800761295463 ns
t1: 27400511 ns
t2: 102991095288 ns
Tuples sent: 76612541
