srun: warning: can't run 1 processes on 3 nodes, setting nnodes to 1
Starting deduplication
Creating GPU merger 1
Creating GPU merger 2
Creating CPU merger
0
0
Creating client ucp endpoint
Sending metadata to server: buffer_size = 805306368, chunk_size = 67108864
Client: Received rkey and remote address from server.
Client: Received rkey and remote address from server.
Received Rkey from server
Server listening on port 9090
Accepted connection
deduplication-end: 1744956880852618313 ns
deduplication-start: 1744956782250860507 ns
end: 1744956885302116031 ns
start: 1744956782245451180 ns
t1-end: 1744956782277404302 ns
t1-start: 1744956782245686018 ns
t3-end: 1744956880921665352 ns
t3-start: 1744956798258115735 ns
t1: 31718284 ns
t2: 98601757806 ns
Tuples sent: 76611452
