srun: warning: can't run 1 processes on 3 nodes, setting nnodes to 1
Starting deduplication
Creating GPU merger 1
Creating GPU merger 2
Creating CPU merger
0
0
Creating client ucp endpoint
Sending metadata to server: buffer_size = 1610612736, chunk_size = 134217728
Client: Received rkey and remote address from server.
Client: Received rkey and remote address from server.
Received Rkey from server
Server listening on port 9090
Accepted connection
deduplication-end: 1744952118156985270 ns
deduplication-start: 1744952117726487009 ns
end: 1744952121511388559 ns
start: 1744952117715362932 ns
t1-end: 1744952117757510205 ns
t1-start: 1744952117715722176 ns
t3-end: 1744952118269184686 ns
t3-start: 1744952117775373389 ns
t1: 41788029 ns
t2: 430498261 ns
Tuples sent: 268435456
