srun: warning: can't run 1 processes on 3 nodes, setting nnodes to 1
Starting deduplication
Creating GPU merger 1
Creating GPU merger 2
Creating CPU merger
0
0
Creating client ucp endpoint
Sending metadata to server: buffer_size = 1610612736, chunk_size = 134217728
Client: Received rkey and remote address from server.
Client: Received rkey and remote address from server.
Received Rkey from server
Connected to 172.16.146.47:9090
deduplication-end: 1744940628665243260 ns
deduplication-start: 1744940370710160871 ns
end: 1744941007472147841 ns
start: 1744940370660368647 ns
t1-end: 1744940370867244865 ns
t1-start: 1744940370660656978 ns
t3-end: 1744940628978008033 ns
t3-start: 1744940403420177265 ns
t1: 206587887 ns
t2: 257955082389 ns
Tuples sent: 268435456
