srun: warning: can't run 1 processes on 3 nodes, setting nnodes to 1
Server is listening on port 8023
Server: client connected
Server received AM: 134217728 1610612736
Server: Received chunk size 134217728 and buffer size 1610612736
Server: client connected
Server received AM: 134217728 1610612736
Server: Received chunk size 134217728 and buffer size 1610612736
Server: Both clients are ready, buffer allocated
Client: AM message sent successfully (status = Success)
Client: AM message sent successfully (status = Success)
Client: AM message sent successfully (status = Success)
Client: AM message sent successfully (status = Success)
Server received all data from clients

Offset value: 26843546
end: 1744948751590580358 ns
sort-end: 1744948751583177312 ns
sort-start: 1744948751543380856 ns
t4-end: 1744948751496591858 ns
t4-start: 1744948130020499577 ns
t5-end: 1744948751507544534 ns
t5-start: 1744948160976343025 ns
transfer-end: 1744948202927747572 ns
unique-end: 1744948751590529489 ns
unique-start: 1744948751586187834 ns
t4: 621476092281 ns
t5: 590531201509 ns
t4-t5: 621487044957 ns
Sort time: 39796456 ns
Unique time: 4341655 ns
t6: 44138111 ns
[1744948751.666379] [cdr2638:1324384:0]          rcache.c:701  UCX  WARN  ucp_rcache: destroying inuse region 0xf17c50 [0x152d5bfff000..0x152e1bfff040] g- rw ref 1 md[0]=self md[1]=tcp md[4]=hfi1_0 md[5]=cma
