srun: warning: can't run 1 processes on 3 nodes, setting nnodes to 1
Starting deduplication
Creating GPU merger 1
Creating GPU merger 2
Creating CPU merger
0
0
Creating client ucp endpoint
Sending metadata to server: buffer_size = 1073741824, chunk_size = 134217728
Client: Received rkey and remote address from server.
Client: Received rkey and remote address from server.
Received Rkey from server
Server listening on port 9090
Accepted connection
deduplication-end: 1744931767821389433 ns
deduplication-start: 1744931578219482198 ns
end: 1744931770990464375 ns
start: 1744931578167218083 ns
t1-end: 1744931578377002608 ns
t1-start: 1744931578167977349 ns
t3-end: 1744931767910813569 ns
t3-start: 1744931620251494038 ns
t1: 209025259 ns
t2: 189601907235 ns
Tuples sent: 99266675
