srun: warning: can't run 1 processes on 3 nodes, setting nnodes to 1
Starting deduplication
Creating GPU merger 1
Creating GPU merger 2
Creating CPU merger
0
0
Creating client ucp endpoint
Sending metadata to server: buffer_size = 1073741824, chunk_size = 134217728
Client: Received rkey and remote address from server.
Client: Received rkey and remote address from server.
Received Rkey from server
Connected to 172.16.146.69:9090
deduplication-end: 1744931757479241250 ns
deduplication-start: 1744931578219584905 ns
end: 1744931770990527883 ns
start: 1744931578167267099 ns
t1-end: 1744931578379658119 ns
t1-start: 1744931578167561381 ns
t3-end: 1744931757575199084 ns
t3-start: 1744931614944343802 ns
t1: 212096738 ns
t2: 179259656345 ns
Tuples sent: 99269410
