srun: warning: can't run 1 processes on 3 nodes, setting nnodes to 1
Starting deduplication
Creating GPU merger 1
Creating GPU merger 2
Creating CPU merger
0
0
Creating client ucp endpoint
Sending metadata to server: buffer_size = 50331648, chunk_size = 4194304
Client: Received rkey and remote address from server.
Client: Received rkey and remote address from server.
Received Rkey from server
Connected to 172.16.146.68:9090
deduplication-end: 1744955112308701720 ns
deduplication-start: 1744955110068938118 ns
end: 1744955112490371817 ns
start: 1744955110067719030 ns
t1-end: 1744955110070745400 ns
t1-start: 1744955110068405215 ns
t3-end: 1744955112313277079 ns
t3-start: 1744955112308756633 ns
t1: 2340185 ns
t2: 2239763602 ns
Tuples sent: 838833
