srun: warning: can't run 1 processes on 3 nodes, setting nnodes to 1
Server is listening on port 8018
Server: client connected
Server: client connected
Server received AM: 4194304 50331648
Server: Received chunk size 4194304 and buffer size 50331648
Server received AM: 4194304 50331648
Server: Received chunk size 4194304 and buffer size 50331648
Server: Both clients are ready, buffer allocated
Client: AM message sent successfully (status = Success)
Client: AM message sent successfully (status = Success)
Client: AM message sent successfully (status = Success)
Client: AM message sent successfully (status = Success)
Server received all data from clients

Offset value: 838860
end: 1744955112490102686 ns
sort-end: 1744955112489670348 ns
sort-start: 1744955112489278429 ns
t4-end: 1744955112486805922 ns
t4-start: 1744955112310131595 ns
t5-end: 1744955112487477433 ns
t5-start: 1744955112486784598 ns
transfer-end: 1744955112486784828 ns
unique-end: 1744955112490054798 ns
unique-start: 1744955112489918859 ns
t4: 176674327 ns
t5: 692835 ns
t4-t5: 177345838 ns
Sort time: 391919 ns
Unique time: 135939 ns
t6: 527858 ns
[1744955112.562174] [cdr2630:656977:0]          rcache.c:701  UCX  WARN  ucp_rcache: destroying inuse region 0x1b34210 [0x15158b7fe000..0x1515917fe040] g- rw ref 1 md[0]=self md[1]=tcp md[4]=hfi1_0 md[5]=cma
