srun: warning: can't run 1 processes on 3 nodes, setting nnodes to 1
Starting deduplication
Creating GPU merger 1
Creating GPU merger 2
Creating CPU merger
0
0
Creating client ucp endpoint
Sending metadata to server: buffer_size = 536870912, chunk_size = 67108864
Client: Received rkey and remote address from server.
Client: Received rkey and remote address from server.
Received Rkey from server
Server listening on port 9090
Accepted connection
deduplication-end: 1744930975655407217 ns
deduplication-start: 1744930907373401456 ns
end: 1744930976725953193 ns
start: 1744930907347803870 ns
t1-end: 1744930907462474152 ns
t1-start: 1744930907348121247 ns
t3-end: 1744930975729186300 ns
t3-start: 1744930926823830758 ns
t1: 114352905 ns
t2: 68282005761 ns
Tuples sent: 26676524
