srun: warning: can't run 1 processes on 3 nodes, setting nnodes to 1
Server is listening on port 8030
Server: client connected
Server received AM: 67108864 536870912
Server: Received chunk size 67108864 and buffer size 536870912
Server: client connected
Server received AM: 67108864 536870912
Server: Received chunk size 67108864 and buffer size 536870912
Server: Both clients are ready, buffer allocated
Client: AM message sent successfully (status = Success)
Client: AM message sent successfully (status = Success)
Client: AM message sent successfully (status = Success)
Client: AM message sent successfully (status = Success)
Server received all data from clients

Offset value: 26842715
end: 1744930976725747833 ns
sort-end: 1744930976724693866 ns
sort-start: 1744930976720887425 ns
t4-end: 1744930976717757456 ns
t4-start: 1744930926610104591 ns
t5-end: 1744930976718819997 ns
t5-start: 1744930939664386499 ns
transfer-end: 1744930975726036062 ns
unique-end: 1744930976725700590 ns
unique-start: 1744930976725092852 ns
t4: 50107652865 ns
t5: 37054433498 ns
t4-t5: 50108715406 ns
Sort time: 3806441 ns
Unique time: 607738 ns
t6: 4414179 ns
[1744930977.402341] [cdr2631:1175381:0]          rcache.c:701  UCX  WARN  ucp_rcache: destroying inuse region 0x256dc60 [0x14b5b7fff000..0x14b5f7fff040] g- rw ref 1 md[0]=self md[1]=tcp md[4]=hfi1_0 md[5]=cma
