srun: warning: can't run 1 processes on 3 nodes, setting nnodes to 1
Starting deduplication
Creating GPU merger 1
Creating GPU merger 2
Creating CPU merger
0
0
Creating client ucp endpoint
Sending metadata to server: buffer_size = 402653184, chunk_size = 33554432
Client: Received rkey and remote address from server.
Client: Received rkey and remote address from server.
Received Rkey from server
Server listening on port 9090
Accepted connection
deduplication-end: 1744952395729463213 ns
deduplication-start: 1744952395633629526 ns
end: 1744952395791665104 ns
start: 1744952395630371016 ns
t1-end: 1744952395643241770 ns
t1-start: 1744952395630843505 ns
t3-end: 1744952395794964351 ns
t3-start: 1744952395647972992 ns
t1: 12398265 ns
t2: 95833687 ns
Tuples sent: 67108864
