srun: warning: can't run 1 processes on 3 nodes, setting nnodes to 1
Server is listening on port 8037
Server: client connected
Server received AM: 33554432 402653184
Server: Received chunk size 33554432 and buffer size 402653184
Server: client connected
Server received AM: 33554432 402653184
Server: Received chunk size 33554432 and buffer size 402653184
Server: Both clients are ready, buffer allocated
Client: AM message sent successfully (status = Success)
Client: AM message sent successfully (status = Success)
Client: AM message sent successfully (status = Success)
Client: AM message sent successfully (status = Success)
Server received all data from clients

Offset value: 26662388
end: 1744949665433605520 ns
sort-end: 1744949665431643725 ns
sort-start: 1744949665422106997 ns
t4-end: 1744949665417037080 ns
t4-start: 1744949596803130893 ns
t5-end: 1744949665419887008 ns
t5-start: 1744949600961291977 ns
transfer-end: 1744949606020768835 ns
unique-end: 1744949665433555648 ns
unique-start: 1744949665432332300 ns
t4: 68613906187 ns
t5: 64458595031 ns
t4-t5: 68616756115 ns
Sort time: 9536728 ns
Unique time: 1223348 ns
t6: 10760076 ns
[1744949665.523409] [cdr2638:1326831:0]          rcache.c:701  UCX  WARN  ucp_rcache: destroying inuse region 0xcd9c50 [0x15422ffff000..0x15425ffff040] g- rw ref 1 md[0]=self md[1]=tcp md[4]=hfi1_0 md[5]=cma
