srun: warning: can't run 1 processes on 3 nodes, setting nnodes to 1
Starting deduplication
Creating GPU merger 1
Creating GPU merger 2
Creating CPU merger
0
0
Creating client ucp endpoint
Sending metadata to server: buffer_size = 50331648, chunk_size = 4194304
Client: Received rkey and remote address from server.
Client: Received rkey and remote address from server.
Received Rkey from server
Connected to 172.16.146.75:9090
deduplication-end: 1744951663148117111 ns
deduplication-start: 1744951663134707569 ns
end: 1744951663159198717 ns
start: 1744951663133254881 ns
t1-end: 1744951663135776165 ns
t1-start: 1744951663134068836 ns
t3-end: 1744951663256686596 ns
t3-start: 1744951663136310232 ns
t1: 1707329 ns
t2: 13409542 ns
Tuples sent: 8388608
