srun: warning: can't run 1 processes on 3 nodes, setting nnodes to 1
Starting deduplication
Creating GPU merger 1
Creating GPU merger 2
Creating CPU merger
0
0
Creating client ucp endpoint
Sending metadata to server: buffer_size = 50331648, chunk_size = 4194304
Client: Received rkey and remote address from server.
Client: Received rkey and remote address from server.
Received Rkey from server
Server listening on port 9090
Accepted connection
deduplication-end: 1744951663147283313 ns
deduplication-start: 1744951663134319754 ns
end: 1744951663159100447 ns
start: 1744951663133211931 ns
t1-end: 1744951663136374751 ns
t1-start: 1744951663133482387 ns
t3-end: 1744951663251922779 ns
t3-start: 1744951663135968788 ns
t1: 2892364 ns
t2: 12963559 ns
Tuples sent: 8388608
