srun: warning: can't run 1 processes on 3 nodes, setting nnodes to 1
Starting deduplication
Creating GPU merger 1
Creating GPU merger 2
Creating CPU merger
0
0
Creating client ucp endpoint
Sending metadata to server: buffer_size = 50331648, chunk_size = 4194304
Client: Received rkey and remote address from server.
Client: Received rkey and remote address from server.
Received Rkey from server
Connected to 172.16.146.68:9090
deduplication-end: 1744956594199466941 ns
deduplication-start: 1744956589067454044 ns
end: 1744956594219693678 ns
start: 1744956589066743079 ns
t1-end: 1744956589068746722 ns
t1-start: 1744956589066976078 ns
t3-end: 1744956594218299717 ns
t3-start: 1744956590054995287 ns
t1: 1770644 ns
t2: 5132012897 ns
Tuples sent: 4788488
