srun: warning: can't run 1 processes on 3 nodes, setting nnodes to 1
Server is listening on port 8042
Server: client connected
Server received AM: 4194304 50331648
Server: Received chunk size 4194304 and buffer size 50331648
Server: client connected
Server received AM: 4194304 50331648
Server: Received chunk size 4194304 and buffer size 50331648
Server: Both clients are ready, buffer allocated
Client: AM message sent successfully (status = Success)
Client: AM message sent successfully (status = Success)
Client: AM message sent successfully (status = Success)
Client: AM message sent successfully (status = Success)
Server received all data from clients

Offset value: 6160213
end: 1744956594219271295 ns
sort-end: 1744956594218730420 ns
sort-start: 1744956594217845620 ns
t4-end: 1744956594215553828 ns
t4-start: 1744956590042497865 ns
t5-end: 1744956594215954168 ns
t5-start: 1744956590043184429 ns
transfer-end: 1744956594215552500 ns
unique-end: 1744956594219225534 ns
unique-start: 1744956594219012775 ns
t4: 4173055963 ns
t5: 4172769739 ns
t4-t5: 4173456303 ns
Sort time: 884800 ns
Unique time: 212759 ns
t6: 1097559 ns
[1744956594.293927] [cdr2630:658712:0]          rcache.c:701  UCX  WARN  ucp_rcache: destroying inuse region 0x20fcc60 [0x1516e1fff000..0x1516e7fff040] g- rw ref 1 md[0]=self md[1]=tcp md[4]=hfi1_0 md[5]=cma
