srun: warning: can't run 1 processes on 3 nodes, setting nnodes to 1
Starting deduplication
Creating GPU merger 1
Creating GPU merger 2
Creating CPU merger
0
0
Creating client ucp endpoint
Sending metadata to server: buffer_size = 16777216, chunk_size = 2097152
Client: Received rkey and remote address from server.
Client: Received rkey and remote address from server.
Received Rkey from server
Connected to 172.16.146.69:9090
deduplication-end: 1744930738748908779 ns
deduplication-start: 1744930737358306387 ns
end: 1744930739867181038 ns
start: 1744930737355096069 ns
t1-end: 1744930737365804045 ns
t1-start: 1744930737355907711 ns
t3-end: 1744930738763718357 ns
t3-start: 1744930737901826450 ns
t1: 9896334 ns
t2: 1390602392 ns
Tuples sent: 833376
