srun: warning: can't run 1 processes on 3 nodes, setting nnodes to 1
Server is listening on port 8017
Server: client connected
Server received AM: 2097152 16777216
Server: Received chunk size 2097152 and buffer size 16777216
Server: client connected
Server received AM: 2097152 16777216
Server: Received chunk size 2097152 and buffer size 16777216
Server: Both clients are ready, buffer allocated
Client: AM message sent successfully (status = Success)
Client: AM message sent successfully (status = Success)
Client: AM message sent successfully (status = Success)
Client: AM message sent successfully (status = Success)
Server received all data from clients

Offset value: 419430
end: 1744930303957557542 ns
sort-end: 1744930303957095169 ns
sort-start: 1744930303956774072 ns
t4-end: 1744930303954581685 ns
t4-start: 1744930303579767671 ns
t5-end: 1744930303954780944 ns
t5-start: 1744930303813963918 ns
transfer-end: 1744930303954579546 ns
unique-end: 1744930303957504114 ns
unique-start: 1744930303957376646 ns
t4: 374814014 ns
t5: 140817026 ns
t4-t5: 375013273 ns
Sort time: 321097 ns
Unique time: 127468 ns
t6: 448565 ns
[1744930304.080348] [cdr2631:1174398:0]          rcache.c:701  UCX  WARN  ucp_rcache: destroying inuse region 0x93cc50 [0x150b69fff000..0x150b6bfff040] g- rw ref 1 md[0]=self md[1]=tcp md[4]=hfi1_0 md[5]=cma
