srun: warning: can't run 1 processes on 3 nodes, setting nnodes to 1
Starting deduplication
Creating GPU merger 1
Creating GPU merger 2
Creating CPU merger
0
0
Creating client ucp endpoint
Sending metadata to server: buffer_size = 25165824, chunk_size = 2097152
Client: Received rkey and remote address from server.
Client: Received rkey and remote address from server.
Received Rkey from server
Connected to 172.16.146.68:9090
deduplication-end: 1744955511227881056 ns
deduplication-start: 1744955509890262848 ns
end: 1744955511392241712 ns
start: 1744955509889811160 ns
t1-end: 1744955509891089464 ns
t1-start: 1744955509890022436 ns
t3-end: 1744955511248032612 ns
t3-start: 1744955510390024906 ns
t1: 1067028 ns
t2: 1337618208 ns
Tuples sent: 833210
