srun: warning: can't run 1 processes on 3 nodes, setting nnodes to 1
Server is listening on port 8025
Server: client connected
Server received AM: 2097152 25165824
Server: Received chunk size 2097152 and buffer size 25165824
Server: client connected
Server received AM: 2097152 25165824
Server: Received chunk size 2097152 and buffer size 25165824
Server: Both clients are ready, buffer allocated
Client: AM message sent successfully (status = Success)
Client: AM message sent successfully (status = Success)
Client: AM message sent successfully (status = Success)
Client: AM message sent successfully (status = Success)
Server received all data from clients

Offset value: 838825
end: 1744955511391821016 ns
sort-end: 1744955511391387361 ns
sort-start: 1744955511391004226 ns
t4-end: 1744955511388953288 ns
t4-start: 1744955510390973609 ns
t5-end: 1744955511389163577 ns
t5-start: 1744955510391464680 ns
transfer-end: 1744955511388951721 ns
unique-end: 1744955511391776213 ns
unique-start: 1744955511391643649 ns
t4: 997979679 ns
t5: 997698897 ns
t4-t5: 998189968 ns
Sort time: 383135 ns
Unique time: 132564 ns
t6: 515699 ns
[1744955511.477056] [cdr2630:657478:0]          rcache.c:701  UCX  WARN  ucp_rcache: destroying inuse region 0xe00c50 [0x14c9267fe000..0x14c9297fe040] g- rw ref 1 md[0]=self md[1]=tcp md[4]=hfi1_0 md[5]=cma
