srun: warning: can't run 1 processes on 3 nodes, setting nnodes to 1
Starting deduplication
Creating GPU merger 1
Creating GPU merger 2
Creating CPU merger
0
0
Creating client ucp endpoint
Sending metadata to server: buffer_size = 8388608, chunk_size = 1048576
Client: Received rkey and remote address from server.
Client: Received rkey and remote address from server.
Received Rkey from server
Connected to 172.16.146.69:9090
deduplication-end: 1744931214153113582 ns
deduplication-start: 1744931213116736201 ns
end: 1744931214894782662 ns
start: 1744931213114552428 ns
t1-end: 1744931213122784090 ns
t1-start: 1744931213115316017 ns
t3-end: 1744931214177663435 ns
t3-start: 1744931213438054755 ns
t1: 7468073 ns
t2: 1036377381 ns
Tuples sent: 770055
