srun: warning: can't run 1 processes on 3 nodes, setting nnodes to 1
Server is listening on port 8032
Server: client connected
Server received AM: 1048576 8388608
Server: Received chunk size 1048576 and buffer size 8388608
Server: client connected
Server received AM: 1048576 8388608
Server: Received chunk size 1048576 and buffer size 8388608
Server: Both clients are ready, buffer allocated
Client: AM message sent successfully (status = Success)
Client: AM message sent successfully (status = Success)
Client: AM message sent successfully (status = Success)
Client: AM message sent successfully (status = Success)
Server received all data from clients

Offset value: 833133
end: 1744931214894341934 ns
sort-end: 1744931214893759583 ns
sort-start: 1744931214893323214 ns
t4-end: 1744931214890385095 ns
t4-start: 1744931213423935477 ns
t5-end: 1744931214890522619 ns
t5-start: 1744931213630303378 ns
transfer-end: 1744931214517894564 ns
unique-end: 1744931214894286255 ns
unique-start: 1744931214894143854 ns
t4: 1466449618 ns
t5: 1260219241 ns
t4-t5: 1466587142 ns
Sort time: 436369 ns
Unique time: 142401 ns
t6: 578770 ns
[1744931214.989438] [cdr2631:1175560:0]          rcache.c:701  UCX  WARN  ucp_rcache: destroying inuse region 0x6f1c50 [0x147b347fe000..0x147b357fe040] g- rw ref 1 md[0]=self md[1]=tcp md[4]=hfi1_0 md[5]=cma
