srun: warning: can't run 1 processes on 3 nodes, setting nnodes to 1
Starting deduplication
Creating GPU merger 1
Creating GPU merger 2
Creating CPU merger
0
0
Creating client ucp endpoint
Sending metadata to server: buffer_size = 12582912, chunk_size = 1048576
Client: Received rkey and remote address from server.
Client: Received rkey and remote address from server.
Received Rkey from server
Server listening on port 9090
Accepted connection
deduplication-end: 1744955978689868869 ns
deduplication-start: 1744955977787006742 ns
end: 1744955978776999600 ns
start: 1744955977785887900 ns
t1-end: 1744955977787512667 ns
t1-start: 1744955977786700376 ns
t3-end: 1744955978719775663 ns
t3-start: 1744955978029845479 ns
t1: 812291 ns
t2: 902862127 ns
Tuples sent: 769395
