srun: warning: can't run 1 processes on 3 nodes, setting nnodes to 1
Starting deduplication
Creating GPU merger 1
Creating GPU merger 2
Creating CPU merger
0
0
Creating client ucp endpoint
Sending metadata to server: buffer_size = 12582912, chunk_size = 1048576
Client: Received rkey and remote address from server.
Client: Received rkey and remote address from server.
Received Rkey from server
Connected to 172.16.146.68:9090
deduplication-end: 1744955978757311643 ns
deduplication-start: 1744955977786916209 ns
end: 1744955978777116212 ns
start: 1744955977785902954 ns
t1-end: 1744955977787390185 ns
t1-start: 1744955977786521318 ns
t3-end: 1744955978777849223 ns
t3-start: 1744955978069928612 ns
t1: 868867 ns
t2: 970395434 ns
Tuples sent: 770306
