srun: warning: can't run 1 processes on 3 nodes, setting nnodes to 1
Server is listening on port 8032
Server: client connected
Server received AM: 1048576 12582912
Server: Received chunk size 1048576 and buffer size 12582912
Server: client connected
Server received AM: 1048576 12582912
Server: Received chunk size 1048576 and buffer size 12582912
Server: Both clients are ready, buffer allocated
Client: AM message sent successfully (status = Success)
Client: AM message sent successfully (status = Success)
Client: AM message sent successfully (status = Success)
Client: AM message sent successfully (status = Success)
Server received all data from clients

Offset value: 833173
end: 1744955978776698535 ns
sort-end: 1744955978776271544 ns
sort-start: 1744955978775893064 ns
t4-end: 1744955978773991415 ns
t4-start: 1744955978030487016 ns
t5-end: 1744955978774162238 ns
t5-start: 1744955978030746226 ns
transfer-end: 1744955978773989961 ns
unique-end: 1744955978776655456 ns
unique-start: 1744955978776517667 ns
t4: 743504399 ns
t5: 743416012 ns
t4-t5: 743675222 ns
Sort time: 378480 ns
Unique time: 137789 ns
t6: 516269 ns
[1744955978.861930] [cdr2630:657988:0]          rcache.c:701  UCX  WARN  ucp_rcache: destroying inuse region 0x1aa8c60 [0x146f63ffe000..0x146f657fe040] g- rw ref 1 md[0]=self md[1]=tcp md[4]=hfi1_0 md[5]=cma
