srun: warning: can't run 1 processes on 3 nodes, setting nnodes to 1
Starting deduplication
Creating GPU merger 1
Creating GPU merger 2
Creating CPU merger
0
0
Creating client ucp endpoint
Sending metadata to server: buffer_size = 16777216, chunk_size = 2097152
Client: Received rkey and remote address from server.
Client: Received rkey and remote address from server.
Received Rkey from server
Server listening on port 9090
Accepted connection
deduplication-end: 1744932611321874460 ns
deduplication-start: 1744932608622224152 ns
end: 1744932611546540876 ns
start: 1744932608620338392 ns
t1-end: 1744932608627819065 ns
t1-start: 1744932608621017792 ns
t3-end: 1744932611349189238 ns
t3-start: 1744932609128156005 ns
t1: 6801273 ns
t2: 2699650308 ns
Tuples sent: 2652360
