srun: warning: can't run 1 processes on 3 nodes, setting nnodes to 1
Server is listening on port 8049
Server: client connected
Server received AM: 2097152 16777216
Server: Received chunk size 2097152 and buffer size 16777216
Server: client connected
Server received AM: 2097152 16777216
Server: Received chunk size 2097152 and buffer size 16777216
Server: Both clients are ready, buffer allocated
Client: AM message sent successfully (status = Success)
Client: AM message sent successfully (status = Success)
Client: AM message sent successfully (status = Success)
Client: AM message sent successfully (status = Success)
Server received all data from clients

Offset value: 3628358
end: 1744932611546400485 ns
sort-end: 1744932611545913539 ns
sort-start: 1744932611545304314 ns
t4-end: 1744932611543387296 ns
t4-start: 1744932609129126331 ns
t5-end: 1744932611543523198 ns
t5-start: 1744932609383514664 ns
transfer-end: 1744932611536651379 ns
unique-end: 1744932611546356758 ns
unique-start: 1744932611546188853 ns
t4: 2414260965 ns
t5: 2160008534 ns
t4-t5: 2414396867 ns
Sort time: 609225 ns
Unique time: 167905 ns
t6: 777130 ns
[1744932611.641398] [cdr2631:1203309:0]          rcache.c:701  UCX  WARN  ucp_rcache: destroying inuse region 0x7b8c50 [0x1550c37fe000..0x1550c57fe040] g- rw ref 1 md[0]=self md[1]=tcp md[4]=hfi1_0 md[5]=cma
