srun: warning: can't run 1 processes on 3 nodes, setting nnodes to 1
Starting deduplication
Creating GPU merger 1
Creating GPU merger 2
Creating CPU merger
0
0
Creating client ucp endpoint
Sending metadata to server: buffer_size = 16777216, chunk_size = 2097152
Client: Received rkey and remote address from server.
Client: Received rkey and remote address from server.
Received Rkey from server
Connected to 172.16.146.69:9090
deduplication-end: 1744929936708386982 ns
deduplication-start: 1744929935844501181 ns
end: 1744929936825449728 ns
start: 1744929935841943333 ns
t1-end: 1744929935852145475 ns
t1-start: 1744929935842744203 ns
t3-end: 1744929936712329237 ns
t3-start: 1744929936708429442 ns
t1: 9401272 ns
t2: 863885801 ns
Tuples sent: 209714
