srun: warning: can't run 1 processes on 3 nodes, setting nnodes to 1
Starting deduplication
Creating GPU merger 1
Creating GPU merger 2
Creating CPU merger
0
0
Creating client ucp endpoint
Sending metadata to server: buffer_size = 16777216, chunk_size = 2097152
Client: Received rkey and remote address from server.
Client: Received rkey and remote address from server.
Received Rkey from server
Server listening on port 9090
Accepted connection
deduplication-end: 1744929936707876915 ns
deduplication-start: 1744929935844103126 ns
end: 1744929936825322735 ns
start: 1744929935841859647 ns
t1-end: 1744929935849951976 ns
t1-start: 1744929935842490651 ns
t3-end: 1744929936712242693 ns
t3-start: 1744929936708001283 ns
t1: 7461325 ns
t2: 863773789 ns
Tuples sent: 209714
