srun: warning: can't run 1 processes on 3 nodes, setting nnodes to 1
Server is listening on port 8009
Server: client connected
Server received AM: 2097152 16777216
Server: Received chunk size 2097152 and buffer size 16777216
Server: client connected
Server received AM: 2097152 16777216
Server: Received chunk size 2097152 and buffer size 16777216
Server: Both clients are ready, buffer allocated
Client: AM message sent successfully (status = Success)
Client: AM message sent successfully (status = Success)
Client: AM message sent successfully (status = Success)
Client: AM message sent successfully (status = Success)
Server received all data from clients

Offset value: 209714
end: 1744929936825050444 ns
sort-end: 1744929936824634481 ns
sort-start: 1744929936824350212 ns
t4-end: 1744929936822338293 ns
t4-start: 1744929936708577448 ns
t5-end: 1744929936822619788 ns
transfer-end: 1744929936822336556 ns
unique-end: 1744929936824996977 ns
unique-start: 1744929936824882903 ns
t4: 113760845 ns
t5: 1744929936822619788 ns
t4-t5: 114042340 ns
Sort time: 284269 ns
Unique time: 114074 ns
t6: 398343 ns
[1744929936.934337] [cdr2631:1173799:0]          rcache.c:701  UCX  WARN  ucp_rcache: destroying inuse region 0x17fec60 [0x1484db7fe000..0x1484dd7fe040] g- rw ref 1 md[0]=self md[1]=tcp md[4]=hfi1_0 md[5]=cma
