srun: warning: can't run 1 processes on 3 nodes, setting nnodes to 1
Starting deduplication
Creating GPU merger 1
Creating GPU merger 2
Creating CPU merger
0
0
Creating client ucp endpoint
Sending metadata to server: buffer_size = 1610612736, chunk_size = 134217728
Client: Received rkey and remote address from server.
Client: Received rkey and remote address from server.
Received Rkey from server
Connected to 172.16.146.78:9090
deduplication-end: 1744947432523397866 ns
deduplication-start: 1744947432131221797 ns
end: 1744947722789615963 ns
start: 1744947432110610197 ns
t1-end: 1744947432165761427 ns
t1-start: 1744947432110968550 ns
t3-end: 1744947432738413641 ns
t3-start: 1744947432190956860 ns
t1: 54792877 ns
t2: 392176069 ns
Tuples sent: 268435456
