srun: warning: can't run 1 processes on 3 nodes, setting nnodes to 1
Starting deduplication
Creating GPU merger 1
Creating GPU merger 2
Creating CPU merger
0
0
Creating client ucp endpoint
Sending metadata to server: buffer_size = 1610612736, chunk_size = 134217728
Client: Received rkey and remote address from server.
Client: Received rkey and remote address from server.
Received Rkey from server
Server listening on port 9090
Accepted connection
deduplication-end: 1744947432496117789 ns
deduplication-start: 1744947432121451532 ns
end: 1744947722790054163 ns
start: 1744947432110590960 ns
t1-end: 1744947432152139086 ns
t1-start: 1744947432110922811 ns
t3-end: 1744947432717235906 ns
t3-start: 1744947432170917537 ns
t1: 41216275 ns
t2: 374666257 ns
Tuples sent: 268435456
