srun: warning: can't run 1 processes on 3 nodes, setting nnodes to 1
Server is listening on port 8015
Server: client connected
Server received AM: 134217728 1610612736
Server: Received chunk size 134217728 and buffer size 1610612736
Server: client connected
Server received AM: 134217728 1610612736
Server: Received chunk size 134217728 and buffer size 1610612736
Server: Both clients are ready, buffer allocated
Client: AM message sent successfully (status = Success)
Client: AM message sent successfully (status = Success)
Client: AM message sent successfully (status = Success)
Client: AM message sent successfully (status = Success)
Server received all data from clients

Offset value: 13421772
end: 1744947722764341450 ns
sort-end: 1744947722753261422 ns
sort-start: 1744947722715648286 ns
t4-end: 1744947722701806240 ns
t4-start: 1744947432227173483 ns
t5-end: 1744947722712793006 ns
t5-start: 1744947452405869370 ns
transfer-end: 1744947481644102832 ns
unique-end: 1744947722764283203 ns
unique-start: 1744947722760277366 ns
t4: 290474632757 ns
t5: 270306923636 ns
t4-t5: 290485619523 ns
Sort time: 37613136 ns
Unique time: 4005837 ns
t6: 41618973 ns
[1744947722.843608] [cdr2638:1323483:0]          rcache.c:701  UCX  WARN  ucp_rcache: destroying inuse region 0xa99c50 [0x1512657fe000..0x1513257fe040] g- rw ref 1 md[0]=self md[1]=tcp md[4]=hfi1_0 md[5]=cma
