srun: warning: can't run 1 processes on 3 nodes, setting nnodes to 1
Starting deduplication
Creating GPU merger 1
Creating GPU merger 2
Creating CPU merger
0
0
Creating client ucp endpoint
Sending metadata to server: buffer_size = 100663296, chunk_size = 8388608
Client: Received rkey and remote address from server.
Client: Received rkey and remote address from server.
Received Rkey from server
Connected to 172.16.146.68:9090
deduplication-end: 1744957314165328902 ns
deduplication-start: 1744957302237935700 ns
end: 1744957314187625326 ns
start: 1744957302236908397 ns
t1-end: 1744957302240670233 ns
t1-start: 1744957302237170221 ns
t3-end: 1744957314186032414 ns
t3-start: 1744957304342246137 ns
t1: 3500012 ns
t2: 11927393202 ns
Tuples sent: 10607880
