srun: warning: can't run 1 processes on 3 nodes, setting nnodes to 1
Server is listening on port 8051
Server: client connected
Server received AM: 8388608 100663296
Server: Received chunk size 8388608 and buffer size 100663296
Server: client connected
Server received AM: 8388608 100663296
Server: Received chunk size 8388608 and buffer size 100663296
Server: Both clients are ready, buffer allocated
Client: AM message sent successfully (status = Success)
Client: AM message sent successfully (status = Success)
Client: AM message sent successfully (status = Success)
Client: AM message sent successfully (status = Success)
Server received all data from clients

Offset value: 14507375
end: 1744957314187084006 ns
sort-end: 1744957314186395446 ns
sort-start: 1744957314184812672 ns
t4-end: 1744957314182783297 ns
t4-start: 1744957304269457631 ns
t5-end: 1744957314182870485 ns
t5-start: 1744957304270761725 ns
transfer-end: 1744957314182781963 ns
unique-end: 1744957314187038139 ns
unique-start: 1744957314186712281 ns
t4: 9913325666 ns
t5: 9912108760 ns
t4-t5: 9913412854 ns
Sort time: 1582774 ns
Unique time: 325858 ns
t6: 1908632 ns
[1744957314.272095] [cdr2630:659412:0]          rcache.c:701  UCX  WARN  ucp_rcache: destroying inuse region 0x21f0c60 [0x14616bfff000..0x146177fff040] g- rw ref 1 md[0]=self md[1]=tcp md[4]=hfi1_0 md[5]=cma
