srun: warning: can't run 1 processes on 3 nodes, setting nnodes to 1
Starting deduplication
Creating GPU merger 1
Creating GPU merger 2
Creating CPU merger
0
0
Creating client ucp endpoint
Sending metadata to server: buffer_size = 67108864, chunk_size = 8388608
Client: Received rkey and remote address from server.
Client: Received rkey and remote address from server.
Received Rkey from server
Server listening on port 9090
Accepted connection
deduplication-end: 1744931899570017830 ns
deduplication-start: 1744931886467043797 ns
end: 1744931900094695009 ns
start: 1744931886462348646 ns
t1-end: 1744931886477154044 ns
t1-start: 1744931886463525478 ns
t3-end: 1744931899598974834 ns
t3-start: 1744931889072934528 ns
t1: 13628566 ns
t2: 13102974033 ns
Tuples sent: 9586337
