srun: warning: can't run 1 processes on 3 nodes, setting nnodes to 1
Server is listening on port 8043
Server: client connected
Server received AM: 8388608 67108864
Server: Received chunk size 8388608 and buffer size 67108864
Server: client connected
Server received AM: 8388608 67108864
Server: Received chunk size 8388608 and buffer size 67108864
Server: Both clients are ready, buffer allocated
Client: AM message sent successfully (status = Success)
Client: AM message sent successfully (status = Success)
Client: AM message sent successfully (status = Success)
Client: AM message sent successfully (status = Success)
Server received all data from clients

Offset value: 11604188
end: 1744931900094435255 ns
sort-end: 1744931900093724596 ns
sort-start: 1744931900092236605 ns
t4-end: 1744931900089999759 ns
t4-start: 1744931888668069277 ns
t5-end: 1744931900090191645 ns
t5-start: 1744931888879232343 ns
transfer-end: 1744931900089997810 ns
unique-end: 1744931900094382581 ns
unique-start: 1744931900094075746 ns
t4: 11421930482 ns
t5: 11210959302 ns
t4-t5: 11422122368 ns
Sort time: 1487991 ns
Unique time: 306835 ns
t6: 1794826 ns
[1744931900.260351] [cdr2631:1179668:0]          rcache.c:701  UCX  WARN  ucp_rcache: destroying inuse region 0x1c4bc60 [0x146b717fe000..0x146b797fe040] g- rw ref 1 md[0]=self md[1]=tcp md[4]=hfi1_0 md[5]=cma
