srun: warning: can't run 1 processes on 3 nodes, setting nnodes to 1
Starting deduplication
Creating GPU merger 1
Creating GPU merger 2
Creating CPU merger
0
0
Creating client ucp endpoint
Sending metadata to server: buffer_size = 201326592, chunk_size = 16777216
Client: Received rkey and remote address from server.
Client: Received rkey and remote address from server.
Received Rkey from server
Connected to 172.16.146.68:9090
deduplication-end: 1744956670728419900 ns
deduplication-start: 1744956646817935472 ns
end: 1744956670752076956 ns
start: 1744956646815345134 ns
t1-end: 1744956646823136082 ns
t1-start: 1744956646816040818 ns
t3-end: 1744956670745577383 ns
t3-start: 1744956651101007403 ns
t1: 7095264 ns
t2: 23910484428 ns
Tuples sent: 19155240
