srun: warning: can't run 1 processes on 3 nodes, setting nnodes to 1
Server is listening on port 8044
Server: client connected
Server received AM: 16777216 201326592
Server: Received chunk size 16777216 and buffer size 201326592
Server: client connected
Server received AM: 16777216 201326592
Server: Received chunk size 16777216 and buffer size 201326592
Server: Both clients are ready, buffer allocated
Client: AM message sent successfully (status = Success)
Client: AM message sent successfully (status = Success)
Client: AM message sent successfully (status = Success)
Client: AM message sent successfully (status = Success)
Server received all data from clients

Offset value: 24641061
end: 1744956670751675987 ns
sort-end: 1744956670750667303 ns
sort-start: 1744956670747875617 ns
t4-end: 1744956670744151447 ns
t4-start: 1744956650691403665 ns
t5-end: 1744956670745735123 ns
t5-start: 1744956650693893385 ns
transfer-end: 1744956670744147510 ns
unique-end: 1744956670751624091 ns
unique-start: 1744956670751125865 ns
t4: 20052747782 ns
t5: 20051841738 ns
t4-t5: 20054331458 ns
Sort time: 2791686 ns
Unique time: 498226 ns
t6: 3289912 ns
[1744956670.844916] [cdr2630:658860:0]          rcache.c:701  UCX  WARN  ucp_rcache: destroying inuse region 0x1634c60 [0x14e82d7fe000..0x14e8457fe040] g- rw ref 1 md[0]=self md[1]=tcp md[4]=hfi1_0 md[5]=cma
