srun: warning: can't run 1 processes on 3 nodes, setting nnodes to 1
Starting deduplication
Creating GPU merger 1
Creating GPU merger 2
Creating CPU merger
0
0
Creating client ucp endpoint
Sending metadata to server: buffer_size = 201326592, chunk_size = 16777216
Client: Received rkey and remote address from server.
Client: Received rkey and remote address from server.
Received Rkey from server
Connected to 172.16.146.47:9090
deduplication-end: 1744943762957287592 ns
deduplication-start: 1744943732878277368 ns
end: 1744943763404434791 ns
start: 1744943732870374156 ns
t1-end: 1744943732897675573 ns
t1-start: 1744943732871113918 ns
t3-end: 1744943762990101185 ns
t3-start: 1744943736527457496 ns
t1: 26561655 ns
t2: 30079010224 ns
Tuples sent: 33554432
