srun: warning: can't run 1 processes on 3 nodes, setting nnodes to 1
Starting deduplication
Creating GPU merger 1
Creating GPU merger 2
Creating CPU merger
0
0
Creating client ucp endpoint
Sending metadata to server: buffer_size = 201326592, chunk_size = 16777216
Client: Received rkey and remote address from server.
Client: Received rkey and remote address from server.
Received Rkey from server
Server listening on port 9090
Accepted connection
deduplication-end: 1744952710371726170 ns
deduplication-start: 1744952710319141216 ns
end: 1744952710399467719 ns
start: 1744952710317173965 ns
t1-end: 1744952710324735850 ns
t1-start: 1744952710317540424 ns
t3-end: 1744952710446786464 ns
t3-start: 1744952710325301752 ns
t1: 7195426 ns
t2: 52584954 ns
Tuples sent: 33554432
