srun: warning: can't run 1 processes on 3 nodes, setting nnodes to 1
Server is listening on port 8052
Server: client connected
Server received AM: 16777216 201326592
Server: Received chunk size 16777216 and buffer size 201326592
Server: client connected
Server received AM: 16777216 201326592
Server: Received chunk size 16777216 and buffer size 201326592
Server: Both clients are ready, buffer allocated
Client: AM message sent successfully (status = Success)
Client: AM message sent successfully (status = Success)
Client: AM message sent successfully (status = Success)
Client: AM message sent successfully (status = Success)
Server received all data from clients

Offset value: 29086868
end: 1744943763403960769 ns
sort-end: 1744943763402750960 ns
sort-start: 1744943763398039054 ns
t4-end: 1744943763394668483 ns
t4-start: 1744943736334684245 ns
t5-end: 1744943763396041222 ns
t5-start: 1744943737224061216 ns
transfer-end: 1744943763394666888 ns
unique-end: 1744943763403913084 ns
unique-start: 1744943763403189328 ns
t4: 27059984238 ns
t5: 26171980006 ns
t4-t5: 27061356977 ns
Sort time: 4711906 ns
Unique time: 723756 ns
t6: 5435662 ns
[1744943763.482071] [cdr2596:512817:0]          rcache.c:701  UCX  WARN  ucp_rcache: destroying inuse region 0x1630c60 [0x1519017fe000..0x1519197fe040] g- rw ref 1 md[0]=self md[1]=tcp md[4]=hfi1_0 md[5]=cma
