srun: warning: can't run 1 processes on 3 nodes, setting nnodes to 1
Starting deduplication
Creating GPU merger 1
Creating GPU merger 2
Creating CPU merger
0
0
Creating client ucp endpoint
Sending metadata to server: buffer_size = 201326592, chunk_size = 16777216
Client: Received rkey and remote address from server.
Client: Received rkey and remote address from server.
Received Rkey from server
Server listening on port 9090
Accepted connection
deduplication-end: 1744957361931064974 ns
deduplication-start: 1744957337348944253 ns
end: 1744957361956190206 ns
start: 1744957337347151057 ns
t1-end: 1744957337358130858 ns
t1-start: 1744957337347401672 ns
t3-end: 1744957361950691229 ns
t3-start: 1744957341456584150 ns
t1: 10729186 ns
t2: 24582120721 ns
Tuples sent: 21208114
