srun: warning: can't run 1 processes on 3 nodes, setting nnodes to 1
Starting deduplication
Creating GPU merger 1
Creating GPU merger 2
Creating CPU merger
0
0
Creating client ucp endpoint
Sending metadata to server: buffer_size = 201326592, chunk_size = 16777216
Client: Received rkey and remote address from server.
Client: Received rkey and remote address from server.
Received Rkey from server
Connected to 172.16.146.68:9090
deduplication-end: 1744957361263434973 ns
deduplication-start: 1744957337348917599 ns
end: 1744957361956335918 ns
start: 1744957337347191805 ns
t1-end: 1744957337355328717 ns
t1-start: 1744957337347552437 ns
t3-end: 1744957361277128697 ns
t3-start: 1744957341334762948 ns
t1: 7776280 ns
t2: 23914517374 ns
Tuples sent: 21211256
