srun: warning: can't run 1 processes on 3 nodes, setting nnodes to 1
Server is listening on port 8052
Server: client connected
Server received AM: 16777216 201326592
Server: Received chunk size 16777216 and buffer size 201326592
Server: client connected
Server received AM: 16777216 201326592
Server: Received chunk size 16777216 and buffer size 201326592
Server: Both clients are ready, buffer allocated
Client: AM message sent successfully (status = Success)
Client: AM message sent successfully (status = Success)
Client: AM message sent successfully (status = Success)
Client: AM message sent successfully (status = Success)
Server received all data from clients

Offset value: 29014083
end: 1744957361955739987 ns
sort-end: 1744957361952863872 ns
sort-start: 1744957361949732099 ns
t4-end: 1744957361946890728 ns
t4-start: 1744957341343595207 ns
t5-end: 1744957361947055838 ns
t5-start: 1744957341346993466 ns
transfer-end: 1744957361946889350 ns
unique-end: 1744957361955689782 ns
unique-start: 1744957361955139414 ns
t4: 20603295521 ns
t5: 20600062372 ns
t4-t5: 20603460631 ns
Sort time: 3131773 ns
Unique time: 550368 ns
t6: 3682141 ns
[1744957362.050934] [cdr2630:659479:0]          rcache.c:701  UCX  WARN  ucp_rcache: destroying inuse region 0xe47c50 [0x1518197fe000..0x1518317fe040] g- rw ref 1 md[0]=self md[1]=tcp md[4]=hfi1_0 md[5]=cma
