srun: warning: can't run 1 processes on 3 nodes, setting nnodes to 1
Starting deduplication
Creating GPU merger 1
Creating GPU merger 2
Creating CPU merger
0
0
Creating client ucp endpoint
Sending metadata to server: buffer_size = 134217728, chunk_size = 16777216
Client: Received rkey and remote address from server.
Client: Received rkey and remote address from server.
Received Rkey from server
Server listening on port 9090
Accepted connection
deduplication-end: 1744931329498531167 ns
deduplication-start: 1744931310768170391 ns
end: 1744931335115473319 ns
start: 1744931310760972625 ns
t1-end: 1744931310788150894 ns
t1-start: 1744931310761357227 ns
t3-end: 1744931329516215167 ns
t3-start: 1744931315323236069 ns
t1: 26793667 ns
t2: 18730360776 ns
Tuples sent: 12330259
