srun: warning: can't run 1 processes on 3 nodes, setting nnodes to 1
Server is listening on port 8036
Server: client connected
Server received AM: 16777216 134217728
Server: Received chunk size 16777216 and buffer size 134217728
Server: client connected
Server received AM: 16777216 134217728
Server: Received chunk size 16777216 and buffer size 134217728
Server: Both clients are ready, buffer allocated
Client: AM message sent successfully (status = Success)
Client: AM message sent successfully (status = Success)
Client: AM message sent successfully (status = Success)
Client: AM message sent successfully (status = Success)
Server received all data from clients

Offset value: 13335156
end: 1744931335115302951 ns
sort-end: 1744931335114564786 ns
sort-start: 1744931335112674106 ns
t4-end: 1744931335109319431 ns
t4-start: 1744931315328590220 ns
t5-end: 1744931335110592261 ns
t5-start: 1744931317007009443 ns
transfer-end: 1744931335109317221 ns
unique-end: 1744931335115251176 ns
unique-start: 1744931335114904973 ns
t4: 19780729211 ns
t5: 18103582818 ns
t4-t5: 19782002041 ns
Sort time: 1890680 ns
Unique time: 346203 ns
t6: 2236883 ns
[1744931335.365419] [cdr2631:1175827:0]          rcache.c:701  UCX  WARN  ucp_rcache: destroying inuse region 0x1854c60 [0x14d96d7fe000..0x14d97d7fe040] g- rw ref 1 md[0]=self md[1]=tcp md[4]=hfi1_0 md[5]=cma
