srun: warning: can't run 1 processes on 3 nodes, setting nnodes to 1
Starting deduplication
Creating GPU merger 1
Creating GPU merger 2
Creating CPU merger
0
0
Creating client ucp endpoint
Sending metadata to server: buffer_size = 50331648, chunk_size = 4194304
Client: Received rkey and remote address from server.
Client: Received rkey and remote address from server.
Received Rkey from server
Server listening on port 9090
Accepted connection
deduplication-end: 1744947016864297010 ns
deduplication-start: 1744947016852367443 ns
end: 1744947021506363491 ns
start: 1744947016851348604 ns
t1-end: 1744947016853767941 ns
t1-start: 1744947016851701309 ns
t3-end: 1744947016973664663 ns
t3-start: 1744947016853934714 ns
t1: 2066632 ns
t2: 11929567 ns
Tuples sent: 8388608
