srun: warning: can't run 1 processes on 3 nodes, setting nnodes to 1
Starting deduplication
Creating GPU merger 1
Creating GPU merger 2
Creating CPU merger
0
0
Creating client ucp endpoint
Sending metadata to server: buffer_size = 100663296, chunk_size = 8388608
Client: Received rkey and remote address from server.
Client: Received rkey and remote address from server.
Received Rkey from server
Connected to 172.16.146.78:9090
deduplication-end: 1744945859087861265 ns
deduplication-start: 1744945859063713326 ns
end: 1744945876076284634 ns
start: 1744945859062461788 ns
t1-end: 1744945859065746264 ns
t1-start: 1744945859062889187 ns
t3-end: 1744945859174864347 ns
t3-start: 1744945859066839689 ns
t1: 2857077 ns
t2: 24147939 ns
Tuples sent: 16777216
