srun: warning: can't run 1 processes on 3 nodes, setting nnodes to 1
Starting deduplication
Creating GPU merger 1
Creating GPU merger 2
Creating CPU merger
0
0
Creating client ucp endpoint
Sending metadata to server: buffer_size = 100663296, chunk_size = 8388608
Client: Received rkey and remote address from server.
Client: Received rkey and remote address from server.
Received Rkey from server
Server listening on port 9090
Accepted connection
deduplication-end: 1744938182874549101 ns
deduplication-start: 1744938164195733213 ns
end: 1744938183772326140 ns
start: 1744938164191961973 ns
t1-end: 1744938164205947116 ns
t1-start: 1744938164192256971 ns
t3-end: 1744938182895694704 ns
t3-start: 1744938166512006043 ns
t1: 13690145 ns
t2: 18678815888 ns
Tuples sent: 16777216
