srun: warning: can't run 1 processes on 3 nodes, setting nnodes to 1
Server is listening on port 8003
Server: client connected
Server received AM: 8388608 100663296
Server: Received chunk size 8388608 and buffer size 100663296
Server: client connected
Server received AM: 8388608 100663296
Server: Received chunk size 8388608 and buffer size 100663296
Server: Both clients are ready, buffer allocated
Client: AM message sent successfully (status = Success)
Client: AM message sent successfully (status = Success)
Client: AM message sent successfully (status = Success)
Client: AM message sent successfully (status = Success)
Server received all data from clients

Offset value: 167772
end: 1744951681854471549 ns
sort-end: 1744951681853706499 ns
sort-start: 1744951681851309342 ns
t4-end: 1744951681848648471 ns
t4-start: 1744951681418588535 ns
t5-end: 1744951681849339829 ns
t5-start: 1744951681420310138 ns
transfer-end: 1744951681442093539 ns
unique-end: 1744951681854425455 ns
unique-start: 1744951681854065301 ns
t4: 430059936 ns
t5: 429029691 ns
t4-t5: 430751294 ns
Sort time: 2397157 ns
Unique time: 360154 ns
t6: 2757311 ns
[1744951681.948163] [cdr2630:640628:0]          rcache.c:701  UCX  WARN  ucp_rcache: destroying inuse region 0x1b37c60 [0x1490597fe000..0x1490657fe040] g- rw ref 1 md[0]=self md[1]=tcp md[4]=hfi1_0 md[5]=cma
