srun: warning: can't run 1 processes on 3 nodes, setting nnodes to 1
Starting deduplication
Creating GPU merger 1
Creating GPU merger 2
Creating CPU merger
0
0
Creating client ucp endpoint
Sending metadata to server: buffer_size = 67108864, chunk_size = 8388608
Client: Received rkey and remote address from server.
Client: Received rkey and remote address from server.
Received Rkey from server
Server listening on port 9090
Accepted connection
deduplication-end: 1744930789369371508 ns
deduplication-start: 1744930782490870748 ns
end: 1744930790158572101 ns
start: 1744930782485413474 ns
t1-end: 1744930782502342564 ns
t1-start: 1744930782486136933 ns
t3-end: 1744930789388626972 ns
t3-start: 1744930784910295153 ns
t1: 16205631 ns
t2: 6878500760 ns
Tuples sent: 3333125
