srun: warning: can't run 1 processes on 3 nodes, setting nnodes to 1
Starting deduplication
Creating GPU merger 1
Creating GPU merger 2
Creating CPU merger
0
0
Creating client ucp endpoint
Sending metadata to server: buffer_size = 67108864, chunk_size = 8388608
Client: Received rkey and remote address from server.
Client: Received rkey and remote address from server.
Received Rkey from server
Connected to 172.16.146.69:9090
deduplication-end: 1744930788955713233 ns
deduplication-start: 1744930782489850352 ns
end: 1744930790158767647 ns
start: 1744930782485462704 ns
t1-end: 1744930782500206026 ns
t1-start: 1744930782485951900 ns
t3-end: 1744930788978812099 ns
t3-start: 1744930784648898368 ns
t1: 14254126 ns
t2: 6465862881 ns
Tuples sent: 3333208
