srun: warning: can't run 1 processes on 3 nodes, setting nnodes to 1
Server is listening on port 8027
Server: client connected
Server received AM: 8388608 67108864
Server: Received chunk size 8388608 and buffer size 67108864
Server: client connected
Server received AM: 8388608 67108864
Server: Received chunk size 8388608 and buffer size 67108864
Server: Both clients are ready, buffer allocated
Client: AM message sent successfully (status = Success)
Client: AM message sent successfully (status = Success)
Client: AM message sent successfully (status = Success)
Client: AM message sent successfully (status = Success)
Server received all data from clients

Offset value: 3355290
end: 1744930790158276576 ns
sort-end: 1744930790157747401 ns
sort-start: 1744930790157005075 ns
t4-end: 1744930790154836890 ns
t4-start: 1744930784652016504 ns
t5-end: 1744930790155015284 ns
t5-start: 1744930786083892617 ns
transfer-end: 1744930789722720342 ns
unique-end: 1744930790158226472 ns
unique-start: 1744930790158038430 ns
t4: 5502820386 ns
t5: 4071122667 ns
t4-t5: 5502998780 ns
Sort time: 742326 ns
Unique time: 188042 ns
t6: 930368 ns
[1744930790.311347] [cdr2631:1175117:0]          rcache.c:701  UCX  WARN  ucp_rcache: destroying inuse region 0x2207c60 [0x14613bfff000..0x146143fff040] g- rw ref 1 md[0]=self md[1]=tcp md[4]=hfi1_0 md[5]=cma
