srun: warning: can't run 1 processes on 3 nodes, setting nnodes to 1
Starting deduplication
Creating GPU merger 1
Creating GPU merger 2
Creating CPU merger
0
0
Creating client ucp endpoint
Sending metadata to server: buffer_size = 1610612736, chunk_size = 134217728
Client: Received rkey and remote address from server.
Client: Received rkey and remote address from server.
Received Rkey from server
Server listening on port 9090
Accepted connection
deduplication-end: 1744950604292117006 ns
deduplication-start: 1744950603906818396 ns
end: 1744950874084172073 ns
start: 1744950603896067928 ns
t1-end: 1744950603937534716 ns
t1-start: 1744950603896412701 ns
t3-end: 1744950604512824358 ns
t3-start: 1744950603955456181 ns
t1: 41122015 ns
t2: 385298610 ns
Tuples sent: 268435456
