srun: warning: can't run 1 processes on 3 nodes, setting nnodes to 1
Server is listening on port 8047
Server: client connected
Server received AM: 134217728 1610612736
Server: Received chunk size 134217728 and buffer size 1610612736
Server: client connected
Server received AM: 134217728 1610612736
Server: Received chunk size 134217728 and buffer size 1610612736
Server: Both clients are ready, buffer allocated
Client: AM message sent successfully (status = Success)
Client: AM message sent successfully (status = Success)
Client: AM message sent successfully (status = Success)
Client: AM message sent successfully (status = Success)
Server received all data from clients

Offset value: 197127392
end: 1744952624303542565 ns
sort-end: 1744952624293763670 ns
sort-start: 1744952624256161574 ns
t4-end: 1744952624243181253 ns
t4-start: 1744952623746470149 ns
t5-end: 1744952624254071644 ns
t5-start: 1744952623765990508 ns
transfer-end: 1744952624243179633 ns
unique-end: 1744952624303486815 ns
unique-start: 1744952624298704316 ns
t4: 496711104 ns
t5: 488081136 ns
t4-t5: 507601495 ns
Sort time: 37602096 ns
Unique time: 4782499 ns
t6: 42384595 ns
[1744952624.393899] [cdr2630:653222:0]          rcache.c:701  UCX  WARN  ucp_rcache: destroying inuse region 0x1847c60 [0x14d8597fe000..0x14d9197fe040] g- rw ref 1 md[0]=self md[1]=tcp md[4]=hfi1_0 md[5]=cma
