srun: warning: can't run 1 processes on 3 nodes, setting nnodes to 1
Starting deduplication
Creating GPU merger 1
Creating GPU merger 2
Creating CPU merger
0
0
Creating client ucp endpoint
Sending metadata to server: buffer_size = 402653184, chunk_size = 33554432
Client: Received rkey and remote address from server.
Client: Received rkey and remote address from server.
Received Rkey from server
Connected to 172.16.146.78:9090
deduplication-end: 1744947880256274050 ns
deduplication-start: 1744947880158961608 ns
end: 1744947958273777321 ns
start: 1744947880155806062 ns
t1-end: 1744947880169763014 ns
t1-start: 1744947880156129477 ns
t3-end: 1744947880364528926 ns
t3-start: 1744947880173532727 ns
t1: 13633537 ns
t2: 97312442 ns
Tuples sent: 67108864
