srun: warning: can't run 1 processes on 3 nodes, setting nnodes to 1
Starting deduplication
Creating GPU merger 1
Creating GPU merger 2
Creating CPU merger
0
0
Creating client ucp endpoint
Sending metadata to server: buffer_size = 402653184, chunk_size = 33554432
Client: Received rkey and remote address from server.
Client: Received rkey and remote address from server.
Received Rkey from server
Server listening on port 9090
Accepted connection
deduplication-end: 1744952058768031062 ns
deduplication-start: 1744952058665851329 ns
end: 1744952058828403090 ns
start: 1744952058660172161 ns
t1-end: 1744952058674820156 ns
t1-start: 1744952058660434991 ns
t3-end: 1744952058827671892 ns
t3-start: 1744952058678133194 ns
t1: 14385165 ns
t2: 102179733 ns
Tuples sent: 67108864
