srun: warning: can't run 1 processes on 3 nodes, setting nnodes to 1
Server is listening on port 8021
Server: client connected
Server received AM: 33554432 402653184
Server: Received chunk size 33554432 and buffer size 402653184
Server: client connected
Server received AM: 33554432 402653184
Server: Received chunk size 33554432 and buffer size 402653184
Server: Both clients are ready, buffer allocated
Client: AM message sent successfully (status = Success)
Client: AM message sent successfully (status = Success)
Client: AM message sent successfully (status = Success)
Client: AM message sent successfully (status = Success)
Server received all data from clients

Offset value: 6710886
end: 1744947958273458698 ns
sort-end: 1744947958271606930 ns
sort-start: 1744947958262092259 ns
t4-end: 1744947958257148215 ns
t4-start: 1744947880186736550 ns
t5-end: 1744947958259886121 ns
t5-start: 1744947886030157777 ns
transfer-end: 1744947892077933726 ns
unique-end: 1744947958273409511 ns
unique-start: 1744947958272289765 ns
t4: 78070411665 ns
t5: 72229728344 ns
t4-t5: 78073149571 ns
Sort time: 9514671 ns
Unique time: 1119746 ns
t6: 10634417 ns
[1744947958.363388] [cdr2638:1323933:0]          rcache.c:701  UCX  WARN  ucp_rcache: destroying inuse region 0x16bcc60 [0x14c0ebfff000..0x14c11bfff040] g- rw ref 1 md[0]=self md[1]=tcp md[4]=hfi1_0 md[5]=cma
