srun: warning: can't run 1 processes on 3 nodes, setting nnodes to 1
Starting deduplication
Creating GPU merger 1
Creating GPU merger 2
Creating CPU merger
0
0
Creating client ucp endpoint
Sending metadata to server: buffer_size = 12582912, chunk_size = 1048576
Client: Received rkey and remote address from server.
Client: Received rkey and remote address from server.
Received Rkey from server
Server listening on port 9090
Accepted connection
deduplication-end: 1744952138495364980 ns
deduplication-start: 1744952138491406313 ns
end: 1744952138501881667 ns
start: 1744952138490812376 ns
t1-end: 1744952138492981399 ns
t1-start: 1744952138491232307 ns
t3-end: 1744952138605982414 ns
t3-start: 1744952138492030767 ns
t1: 1749092 ns
t2: 3958667 ns
Tuples sent: 2097152
