srun: warning: can't run 1 processes on 3 nodes, setting nnodes to 1
Starting deduplication
Creating GPU merger 1
Creating GPU merger 2
Creating CPU merger
0
0
Creating client ucp endpoint
Sending metadata to server: buffer_size = 12582912, chunk_size = 1048576
Client: Received rkey and remote address from server.
Client: Received rkey and remote address from server.
Received Rkey from server
Connected to 172.16.146.47:9090
deduplication-end: 1744941026409928265 ns
deduplication-start: 1744941024549314712 ns
end: 1744941026541242593 ns
start: 1744941024547493740 ns
t1-end: 1744941024552845719 ns
t1-start: 1744941024548182607 ns
t3-end: 1744941026431263232 ns
t3-start: 1744941024792226282 ns
t1: 4663112 ns
t2: 1860613553 ns
Tuples sent: 2097152
