srun: warning: can't run 1 processes on 3 nodes, setting nnodes to 1
Server is listening on port 8024
Server: client connected
Server received AM: 1048576 12582912
Server: Received chunk size 1048576 and buffer size 12582912
Server: client connected
Server received AM: 1048576 12582912
Server: Received chunk size 1048576 and buffer size 12582912
Server: Both clients are ready, buffer allocated
Client: AM message sent successfully (status = Success)
Client: AM message sent successfully (status = Success)
Client: AM message sent successfully (status = Success)
Client: AM message sent successfully (status = Success)
Server received all data from clients

Offset value: 419411
end: 1744941026540729409 ns
sort-end: 1744941026540260751 ns
sort-start: 1744941026539711498 ns
t4-end: 1744941026537755305 ns
t4-start: 1744941024768211943 ns
t5-end: 1744941026537849804 ns
t5-start: 1744941024798448837 ns
transfer-end: 1744941026537753384 ns
unique-end: 1744941026540683880 ns
unique-start: 1744941026540534409 ns
t4: 1769543362 ns
t5: 1739400967 ns
t4-t5: 1769637861 ns
Sort time: 549253 ns
Unique time: 149471 ns
t6: 698724 ns
[1744941026.610805] [cdr2596:359752:0]          rcache.c:701  UCX  WARN  ucp_rcache: destroying inuse region 0x18fec60 [0x154d181e6000..0x154d199e6040] g- rw ref 1 md[0]=self md[1]=tcp md[4]=hfi1_0 md[5]=cma
