srun: warning: can't run 1 processes on 3 nodes, setting nnodes to 1
Starting deduplication
Creating GPU merger 1
Creating GPU merger 2
Creating CPU merger
0
0
Creating client ucp endpoint
Sending metadata to server: buffer_size = 201326592, chunk_size = 16777216
Client: Received rkey and remote address from server.
Client: Received rkey and remote address from server.
Received Rkey from server
Server listening on port 9090
Accepted connection
deduplication-end: 1744952037255840566 ns
deduplication-start: 1744952037205399091 ns
end: 1744952037308748760 ns
start: 1744952037203609378 ns
t1-end: 1744952037213246271 ns
t1-start: 1744952037203893697 ns
t3-end: 1744952037365707734 ns
t3-start: 1744952037211505481 ns
t1: 9352574 ns
t2: 50441475 ns
Tuples sent: 33554432
