srun: warning: can't run 1 processes on 3 nodes, setting nnodes to 1
Server is listening on port 8020
Server: client connected
Server received AM: 16777216 201326592
Server: Received chunk size 16777216 and buffer size 201326592
Server: client connected
Server received AM: 16777216 201326592
Server: Received chunk size 16777216 and buffer size 201326592
Server: Both clients are ready, buffer allocated
Client: AM message sent successfully (status = Success)
Client: AM message sent successfully (status = Success)
Client: AM message sent successfully (status = Success)
Client: AM message sent successfully (status = Success)
Server received all data from clients

Offset value: 3355442
end: 1744952037308461450 ns
sort-end: 1744952037307300839 ns
sort-start: 1744952037302556530 ns
t4-end: 1744952037299037086 ns
t4-start: 1744952037217050186 ns
t5-end: 1744952037300407028 ns
t5-start: 1744952037219668793 ns
transfer-end: 1744952037299035142 ns
unique-end: 1744952037308411528 ns
unique-start: 1744952037307794311 ns
t4: 81986900 ns
t5: 80738235 ns
t4-t5: 83356842 ns
Sort time: 4744309 ns
Unique time: 617217 ns
t6: 5361526 ns
[1744952037.374906] [cdr2630:650076:0]          rcache.c:701  UCX  WARN  ucp_rcache: destroying inuse region 0x1837c60 [0x148553fff000..0x14856bfff040] g- rw ref 1 md[0]=self md[1]=tcp md[4]=hfi1_0 md[5]=cma
