srun: warning: can't run 1 processes on 3 nodes, setting nnodes to 1
Starting deduplication
Creating GPU merger 1
Creating GPU merger 2
Creating CPU merger
0
0
Creating client ucp endpoint
Sending metadata to server: buffer_size = 1610612736, chunk_size = 134217728
Client: Received rkey and remote address from server.
Client: Received rkey and remote address from server.
Received Rkey from server
Connected to 172.16.146.68:9090
deduplication-end: 1744955931341330891 ns
deduplication-start: 1744955789777691987 ns
end: 1744955942522398436 ns
start: 1744955789767099098 ns
t1-end: 1744955789808590124 ns
t1-start: 1744955789767316741 ns
t3-end: 1744955931395057614 ns
t3-start: 1744955829067755757 ns
t1: 41273383 ns
t2: 141563638904 ns
Tuples sent: 53325613
