srun: warning: can't run 1 processes on 3 nodes, setting nnodes to 1
Server is listening on port 8031
Server: client connected
Server received AM: 134217728 1610612736
Server: Received chunk size 134217728 and buffer size 1610612736
Server: client connected
Server received AM: 134217728 1610612736
Server: Received chunk size 134217728 and buffer size 1610612736
Server: Both clients are ready, buffer allocated
Client: AM message sent successfully (status = Success)
Client: AM message sent successfully (status = Success)
Client: AM message sent successfully (status = Success)
Client: AM message sent successfully (status = Success)
Server received all data from clients

Offset value: 53684692
end: 1744955942522116815 ns
sort-end: 1744955942503264417 ns
sort-start: 1744955942495787853 ns
t4-end: 1744955942480189191 ns
t4-start: 1744955829133627250 ns
t5-end: 1744955942493101496 ns
t5-start: 1744955829159898690 ns
transfer-end: 1744955942480184038 ns
unique-end: 1744955942522066427 ns
unique-start: 1744955942520971857 ns
t4: 113346561941 ns
t5: 113333202806 ns
t4-t5: 113359474246 ns
Sort time: 7476564 ns
Unique time: 1094570 ns
t6: 8571134 ns
[1744955942.618928] [cdr2630:657882:0]          rcache.c:701  UCX  WARN  ucp_rcache: destroying inuse region 0xd84c50 [0x14b1ed7fe000..0x14b2ad7fe040] g- rw ref 1 md[0]=self md[1]=tcp md[4]=hfi1_0 md[5]=cma
