srun: warning: can't run 1 processes on 3 nodes, setting nnodes to 1
Starting deduplication
Creating GPU merger 1
Creating GPU merger 2
Creating CPU merger
0
0
Creating client ucp endpoint
Sending metadata to server: buffer_size = 8388608, chunk_size = 1048576
Client: Received rkey and remote address from server.
Client: Received rkey and remote address from server.
Received Rkey from server
Server listening on port 9090
Accepted connection
deduplication-end: 1744930720846515763 ns
deduplication-start: 1744930720197158544 ns
end: 1744930720987735864 ns
start: 1744930720195515373 ns
t1-end: 1744930720202531003 ns
t1-start: 1744930720196259643 ns
t3-end: 1744930720864579430 ns
t3-start: 1744930720450059290 ns
t1: 6271360 ns
t2: 649357219 ns
Tuples sent: 416616
