srun: warning: can't run 1 processes on 3 nodes, setting nnodes to 1
Starting deduplication
Creating GPU merger 1
Creating GPU merger 2
Creating CPU merger
0
0
Creating client ucp endpoint
Sending metadata to server: buffer_size = 8388608, chunk_size = 1048576
Client: Received rkey and remote address from server.
Client: Received rkey and remote address from server.
Received Rkey from server
Connected to 172.16.146.69:9090
deduplication-end: 1744930720849265554 ns
deduplication-start: 1744930720196897498 ns
end: 1744930720987967635 ns
start: 1744930720195597637 ns
t1-end: 1744930720202229338 ns
t1-start: 1744930720195929310 ns
t3-end: 1744930720869300467 ns
t3-start: 1744930720463196188 ns
t1: 6300028 ns
t2: 652368056 ns
Tuples sent: 416575
