srun: warning: can't run 1 processes on 3 nodes, setting nnodes to 1
Server is listening on port 8024
Server: client connected
Server received AM: 1048576 8388608
Server: Received chunk size 1048576 and buffer size 8388608
Server: client connected
Server received AM: 1048576 8388608
Server: Received chunk size 1048576 and buffer size 8388608
Server: Both clients are ready, buffer allocated
Client: AM message sent successfully (status = Success)
Client: AM message sent successfully (status = Success)
Client: AM message sent successfully (status = Success)
Client: AM message sent successfully (status = Success)
Server received all data from clients

Offset value: 419407
end: 1744930720987459920 ns
sort-end: 1744930720987050922 ns
sort-start: 1744930720986742393 ns
t4-end: 1744930720984933312 ns
t4-start: 1744930720450706843 ns
t5-end: 1744930720984990891 ns
t5-start: 1744930720557797332 ns
transfer-end: 1744930720984931480 ns
unique-end: 1744930720987414379 ns
unique-start: 1744930720987293740 ns
t4: 534226469 ns
t5: 427193559 ns
t4-t5: 534284048 ns
Sort time: 308529 ns
Unique time: 120639 ns
t6: 429168 ns
[1744930721.093327] [cdr2631:1174921:0]          rcache.c:701  UCX  WARN  ucp_rcache: destroying inuse region 0xfc5c50 [0x1533b87fe000..0x1533b97fe040] g- rw ref 1 md[0]=self md[1]=tcp md[4]=hfi1_0 md[5]=cma
