srun: warning: can't run 1 processes on 3 nodes, setting nnodes to 1
Starting deduplication
Creating GPU merger 1
Creating GPU merger 2
Creating CPU merger
0
0
Creating client ucp endpoint
Sending metadata to server: buffer_size = 67108864, chunk_size = 8388608
Client: Received rkey and remote address from server.
Client: Received rkey and remote address from server.
Received Rkey from server
Connected to 172.16.146.69:9090
deduplication-end: 1744929976500043573 ns
deduplication-start: 1744929972392964181 ns
end: 1744929976702503679 ns
start: 1744929972388528926 ns
t1-end: 1744929972402691887 ns
t1-start: 1744929972388892568 ns
t3-end: 1744929976505326510 ns
t3-start: 1744929976500141865 ns
t1: 13799319 ns
t2: 4107079392 ns
Tuples sent: 838860
