srun: warning: can't run 1 processes on 3 nodes, setting nnodes to 1
Starting deduplication
Creating GPU merger 1
Creating GPU merger 2
Creating CPU merger
0
0
Creating client ucp endpoint
Sending metadata to server: buffer_size = 67108864, chunk_size = 8388608
Client: Received rkey and remote address from server.
Client: Received rkey and remote address from server.
Received Rkey from server
Server listening on port 9090
Accepted connection
deduplication-end: 1744929976611565524 ns
deduplication-start: 1744929972393281756 ns
end: 1744929976702324296 ns
start: 1744929972388437754 ns
t1-end: 1744929972403786908 ns
t1-start: 1744929972389675661 ns
t3-end: 1744929976616273584 ns
t3-start: 1744929976611648088 ns
t1: 14111247 ns
t2: 4218283768 ns
Tuples sent: 838860
