srun: warning: can't run 1 processes on 3 nodes, setting nnodes to 1
Starting deduplication
Creating GPU merger 1
Creating GPU merger 2
Creating CPU merger
0
0
Creating client ucp endpoint
Sending metadata to server: buffer_size = 134217728, chunk_size = 16777216
Client: Received rkey and remote address from server.
Client: Received rkey and remote address from server.
Received Rkey from server
Server listening on port 9090
Accepted connection
deduplication-end: 1744932717060183343 ns
deduplication-start: 1744932692143114742 ns
end: 1744932722167716963 ns
start: 1744932692135540225 ns
t1-end: 1744932692163525917 ns
t1-start: 1744932692136402904 ns
t3-end: 1744932717079857602 ns
t3-start: 1744932696325766132 ns
t1: 27123013 ns
t2: 24917068601 ns
Tuples sent: 21257873
