srun: warning: can't run 1 processes on 3 nodes, setting nnodes to 1
Server is listening on port 8052
Server: client connected
Server received AM: 16777216 134217728
Server: Received chunk size 16777216 and buffer size 134217728
Server: client connected
Server received AM: 16777216 134217728
Server: Received chunk size 16777216 and buffer size 134217728
Server: Both clients are ready, buffer allocated
Client: AM message sent successfully (status = Success)
Client: AM message sent successfully (status = Success)
Client: AM message sent successfully (status = Success)
Client: AM message sent successfully (status = Success)
Server received all data from clients

Offset value: 29085853
end: 1744932722167472356 ns
sort-end: 1744932722166414549 ns
sort-start: 1744932722163334296 ns
t4-end: 1744932722160778325 ns
t4-start: 1744932696333078785 ns
t5-end: 1744932722161076416 ns
t5-start: 1744932697167039779 ns
transfer-end: 1744932722089005473 ns
unique-end: 1744932722167419838 ns
unique-start: 1744932722166873624 ns
t4: 25827699540 ns
t5: 24994036637 ns
t4-t5: 25827997631 ns
Sort time: 3080253 ns
Unique time: 546214 ns
t6: 3626467 ns
[1744932722.435427] [cdr2631:1203527:0]          rcache.c:701  UCX  WARN  ucp_rcache: destroying inuse region 0x992c50 [0x149fdd7fe000..0x149fed7fe040] g- rw ref 1 md[0]=self md[1]=tcp md[4]=hfi1_0 md[5]=cma
