srun: warning: can't run 1 processes on 3 nodes, setting nnodes to 1
Starting deduplication
Creating GPU merger 1
Creating GPU merger 2
Creating CPU merger
0
0
Creating client ucp endpoint
Sending metadata to server: buffer_size = 100663296, chunk_size = 8388608
Client: Received rkey and remote address from server.
Client: Received rkey and remote address from server.
Received Rkey from server
Connected to 172.16.146.68:9090
deduplication-end: 1744956624771061536 ns
deduplication-start: 1744956613617153846 ns
end: 1744956624798114561 ns
start: 1744956613616147861 ns
t1-end: 1744956613619717843 ns
t1-start: 1744956613616385821 ns
t3-end: 1744956624795000578 ns
t3-start: 1744956615630037351 ns
t1: 3332022 ns
t2: 11153907690 ns
Tuples sent: 9575587
