srun: warning: can't run 1 processes on 3 nodes, setting nnodes to 1
Starting deduplication
Creating GPU merger 1
Creating GPU merger 2
Creating CPU merger
0
0
Creating client ucp endpoint
Sending metadata to server: buffer_size = 100663296, chunk_size = 8388608
Client: Received rkey and remote address from server.
Client: Received rkey and remote address from server.
Received Rkey from server
Server listening on port 9090
Accepted connection
deduplication-end: 1744956624650540368 ns
deduplication-start: 1744956613617682180 ns
end: 1744956624798064843 ns
start: 1744956613616128228 ns
t1-end: 1744956613620391168 ns
t1-start: 1744956613616849664 ns
t3-end: 1744956624671393045 ns
t3-start: 1744956615614772070 ns
t1: 3541504 ns
t2: 11032858188 ns
Tuples sent: 9576377
