srun: warning: can't run 1 processes on 3 nodes, setting nnodes to 1
Server is listening on port 8043
Server: client connected
Server received AM: 8388608 100663296
Server: Received chunk size 8388608 and buffer size 100663296
Server: client connected
Server received AM: 8388608 100663296
Server: Received chunk size 8388608 and buffer size 100663296
Server: Both clients are ready, buffer allocated
Client: AM message sent successfully (status = Success)
Client: AM message sent successfully (status = Success)
Client: AM message sent successfully (status = Success)
Client: AM message sent successfully (status = Success)
Server received all data from clients

Offset value: 12318943
end: 1744956624797716013 ns
sort-end: 1744956624797053337 ns
sort-start: 1744956624795557300 ns
t4-end: 1744956624792779541 ns
t4-start: 1744956615617775065 ns
t5-end: 1744956624793607649 ns
t5-start: 1744956615619076619 ns
transfer-end: 1744956624792778294 ns
unique-end: 1744956624797671176 ns
unique-start: 1744956624797365276 ns
t4: 9175004476 ns
t5: 9174531030 ns
t4-t5: 9175832584 ns
Sort time: 1496037 ns
Unique time: 305900 ns
t6: 1801937 ns
[1744956624.886928] [cdr2630:658778:0]          rcache.c:701  UCX  WARN  ucp_rcache: destroying inuse region 0x143cc60 [0x14b0857fe000..0x14b0917fe040] g- rw ref 1 md[0]=self md[1]=tcp md[4]=hfi1_0 md[5]=cma
