srun: warning: can't run 1 processes on 3 nodes, setting nnodes to 1
Starting deduplication
Creating GPU merger 1
Creating GPU merger 2
Creating CPU merger
0
0
Creating client ucp endpoint
Sending metadata to server: buffer_size = 402653184, chunk_size = 33554432
Client: Received rkey and remote address from server.
Client: Received rkey and remote address from server.
Received Rkey from server
Connected to 172.16.146.68:9090
deduplication-end: 1744954832836411323 ns
deduplication-start: 1744954812289569529 ns
end: 1744954834304323986 ns
start: 1744954812285751424 ns
t1-end: 1744954812298692648 ns
t1-start: 1744954812286740900 ns
t3-end: 1744954832845922421 ns
t3-start: 1744954832836469625 ns
t1: 11951748 ns
t2: 20546841794 ns
Tuples sent: 3355442
