srun: warning: can't run 1 processes on 3 nodes, setting nnodes to 1
Starting deduplication
Creating GPU merger 1
Creating GPU merger 2
Creating CPU merger
0
0
Creating client ucp endpoint
Sending metadata to server: buffer_size = 402653184, chunk_size = 33554432
Client: Received rkey and remote address from server.
Client: Received rkey and remote address from server.
Received Rkey from server
Server listening on port 9090
Accepted connection
deduplication-end: 1744954834290183152 ns
deduplication-start: 1744954812288662317 ns
end: 1744954834304211278 ns
start: 1744954812285705408 ns
t1-end: 1744954812297125747 ns
t1-start: 1744954812285999705 ns
t3-end: 1744954834299554680 ns
t3-start: 1744954834290241179 ns
t1: 11126042 ns
t2: 22001520835 ns
Tuples sent: 3355442
