srun: warning: can't run 1 processes on 3 nodes, setting nnodes to 1
Server is listening on port 8013
Server: client connected
Server received AM: 33554432 402653184
Server: Received chunk size 33554432 and buffer size 402653184
Server: client connected
Server received AM: 33554432 402653184
Server: Received chunk size 33554432 and buffer size 402653184
Server: Both clients are ready, buffer allocated
Client: AM message sent successfully (status = Success)
Client: AM message sent successfully (status = Success)
Client: AM message sent successfully (status = Success)
Client: AM message sent successfully (status = Success)
Server received all data from clients

Offset value: 3355442
end: 1744954834304064442 ns
sort-end: 1744954834303560351 ns
sort-start: 1744954834302822933 ns
t4-end: 1744954834298540014 ns
t4-start: 1744954832842785682 ns
t5-end: 1744954834300918584 ns
transfer-end: 1744954834298538824 ns
unique-end: 1744954834304017385 ns
unique-start: 1744954834303838758 ns
t4: 1455754332 ns
t5: 1744954834300918584 ns
t4-t5: 1458132902 ns
Sort time: 737418 ns
Unique time: 178627 ns
t6: 916045 ns
[1744954834.401161] [cdr2630:656607:0]          rcache.c:701  UCX  WARN  ucp_rcache: destroying inuse region 0x1319c60 [0x153bc97fe000..0x153bf97fe040] g- rw ref 1 md[0]=self md[1]=tcp md[4]=hfi1_0 md[5]=cma
