srun: warning: can't run 1 processes on 3 nodes, setting nnodes to 1
Server is listening on port 8002
Server: client connected
Server received AM: 4194304 33554432
Server: Received chunk size 4194304 and buffer size 33554432
Server: client connected
Server received AM: 4194304 33554432
Server: Received chunk size 4194304 and buffer size 33554432
Server: Both clients are ready, buffer allocated
Client: AM message sent successfully (status = Success)
Client: AM message sent successfully (status = Success)
Client: AM message sent successfully (status = Success)
Client: AM message sent successfully (status = Success)
Server received all data from clients

Offset value: 83886
end: 1744929657742690506 ns
sort-end: 1744929657742468537 ns
sort-start: 1744929657742198674 ns
t4-end: 1744929657740135592 ns
t4-start: 1744929657670862488 ns
t5-end: 1744929657740468562 ns
transfer-end: 1744929657740134097 ns
unique-end: 1744929657742628886 ns
unique-start: 1744929657742529837 ns
t4: 69273104 ns
t5: 1744929657740468562 ns
t4-t5: 69606074 ns
Sort time: 269863 ns
Unique time: 99049 ns
t6: 368912 ns
[1744929657.850334] [cdr2631:1173314:0]          rcache.c:701  UCX  WARN  ucp_rcache: destroying inuse region 0xe02c50 [0x14e4f7fff000..0x14e4fbfff040] g- rw ref 1 md[0]=self md[1]=tcp md[4]=hfi1_0 md[5]=cma
