srun: warning: can't run 1 processes on 3 nodes, setting nnodes to 1
Starting deduplication
Creating GPU merger 1
Creating GPU merger 2
Creating CPU merger
0
0
Creating client ucp endpoint
Sending metadata to server: buffer_size = 805306368, chunk_size = 67108864
Client: Received rkey and remote address from server.
Client: Received rkey and remote address from server.
Received Rkey from server
Connected to 172.16.146.68:9090
deduplication-end: 1744954570133026116 ns
deduplication-start: 1744954538826093734 ns
end: 1744954573441775452 ns
start: 1744954538820430578 ns
t1-end: 1744954538843960210 ns
t1-start: 1744954538820798850 ns
t3-end: 1744954570138422729 ns
t3-start: 1744954570133072999 ns
t1: 23161360 ns
t2: 31306932382 ns
Tuples sent: 1342176
