srun: warning: can't run 1 processes on 3 nodes, setting nnodes to 1
Starting deduplication
Creating GPU merger 1
Creating GPU merger 2
Creating CPU merger
0
0
Creating client ucp endpoint
Sending metadata to server: buffer_size = 805306368, chunk_size = 67108864
Client: Received rkey and remote address from server.
Client: Received rkey and remote address from server.
Received Rkey from server
Server listening on port 9090
Accepted connection
deduplication-end: 1744954573434534859 ns
deduplication-start: 1744954538826831058 ns
end: 1744954573441684933 ns
start: 1744954538820374167 ns
t1-end: 1744954538844409933 ns
t1-start: 1744954538821515160 ns
t3-end: 1744954573439953289 ns
t3-start: 1744954573434595636 ns
t1: 22894773 ns
t2: 34607703801 ns
Tuples sent: 1342176
