srun: warning: can't run 1 processes on 3 nodes, setting nnodes to 1
Server is listening on port 8006
Server: client connected
Server received AM: 67108864 805306368
Server: Received chunk size 67108864 and buffer size 805306368
Server: client connected
Server received AM: 67108864 805306368
Server: Received chunk size 67108864 and buffer size 805306368
Server: Both clients are ready, buffer allocated
Client: AM message sent successfully (status = Success)
Client: AM message sent successfully (status = Success)
Client: AM message sent successfully (status = Success)
Client: AM message sent successfully (status = Success)
Server received all data from clients

Offset value: 1342176
end: 1744954573441483837 ns
sort-end: 1744954573441027101 ns
sort-start: 1744954573440546040 ns
t4-end: 1744954573437578888 ns
t4-start: 1744954570135250973 ns
t5-end: 1744954573438655829 ns
transfer-end: 1744954573437577728 ns
unique-end: 1744954573441438167 ns
unique-start: 1744954573441284869 ns
t4: 3302327915 ns
t5: 1744954573438655829 ns
t4-t5: 3303404856 ns
Sort time: 481061 ns
Unique time: 153298 ns
t6: 634359 ns
[1744954573.496958] [cdr2630:656131:0]          rcache.c:701  UCX  WARN  ucp_rcache: destroying inuse region 0x11e5c60 [0x14cfb17fe000..0x14d0117fe040] g- rw ref 1 md[0]=self md[1]=tcp md[4]=hfi1_0 md[5]=cma
