srun: warning: can't run 1 processes on 3 nodes, setting nnodes to 1
Starting deduplication
Creating GPU merger 1
Creating GPU merger 2
Creating CPU merger
0
0
Creating client ucp endpoint
Sending metadata to server: buffer_size = 25165824, chunk_size = 2097152
Client: Received rkey and remote address from server.
Client: Received rkey and remote address from server.
Received Rkey from server
Connected to 172.16.146.68:9090
deduplication-end: 1744955092659018899 ns
deduplication-start: 1744955091648594279 ns
end: 1744955092788316144 ns
start: 1744955091647665946 ns
t1-end: 1744955091649366896 ns
t1-start: 1744955091648268631 ns
t3-end: 1744955092663402800 ns
t3-start: 1744955092659066424 ns
t1: 1098265 ns
t2: 1010424620 ns
Tuples sent: 419401
