srun: warning: can't run 1 processes on 3 nodes, setting nnodes to 1
Starting deduplication
Creating GPU merger 1
Creating GPU merger 2
Creating CPU merger
0
0
Creating client ucp endpoint
Sending metadata to server: buffer_size = 25165824, chunk_size = 2097152
Client: Received rkey and remote address from server.
Client: Received rkey and remote address from server.
Received Rkey from server
Server listening on port 9090
Accepted connection
deduplication-end: 1744955092783901721 ns
deduplication-start: 1744955091648692407 ns
end: 1744955092788172628 ns
start: 1744955091647595665 ns
t1-end: 1744955091653794566 ns
t1-start: 1744955091648338490 ns
t3-end: 1744955092788324982 ns
t3-start: 1744955092783947948 ns
t1: 5456076 ns
t2: 1135209314 ns
Tuples sent: 419410
