srun: warning: can't run 1 processes on 3 nodes, setting nnodes to 1
Starting deduplication
Creating GPU merger 1
Creating GPU merger 2
Creating CPU merger
0
0
Creating client ucp endpoint
Sending metadata to server: buffer_size = 134217728, chunk_size = 16777216
Client: Received rkey and remote address from server.
Client: Received rkey and remote address from server.
Received Rkey from server
Server listening on port 9090
Accepted connection
deduplication-end: 1744930823387649040 ns
deduplication-start: 1744930808980476104 ns
end: 1744930824596032224 ns
start: 1744930808973074120 ns
t1-end: 1744930808999953450 ns
t1-start: 1744930808973465319 ns
t3-end: 1744930823405408098 ns
t3-start: 1744930813566014667 ns
t1: 26488131 ns
t2: 14407172936 ns
Tuples sent: 6666447
