srun: warning: can't run 1 processes on 3 nodes, setting nnodes to 1
Starting deduplication
Creating GPU merger 1
Creating GPU merger 2
Creating CPU merger
0
0
Creating client ucp endpoint
Sending metadata to server: buffer_size = 134217728, chunk_size = 16777216
Client: Received rkey and remote address from server.
Client: Received rkey and remote address from server.
Received Rkey from server
Connected to 172.16.146.69:9090
deduplication-end: 1744930823818411354 ns
deduplication-start: 1744930808980171797 ns
end: 1744930824596187131 ns
start: 1744930808973112337 ns
t1-end: 1744930809000146419 ns
t1-start: 1744930808973376343 ns
t3-end: 1744930823850947911 ns
t3-start: 1744930814121955156 ns
t1: 26770076 ns
t2: 14838239557 ns
Tuples sent: 6666220
