srun: warning: can't run 1 processes on 3 nodes, setting nnodes to 1
Server is listening on port 8028
Server: client connected
Server received AM: 16777216 134217728
Server: Received chunk size 16777216 and buffer size 134217728
Server: client connected
Server received AM: 16777216 134217728
Server: Received chunk size 16777216 and buffer size 134217728
Server: Both clients are ready, buffer allocated
Client: AM message sent successfully (status = Success)
Client: AM message sent successfully (status = Success)
Client: AM message sent successfully (status = Success)
Client: AM message sent successfully (status = Success)
Server received all data from clients

Offset value: 6710603
end: 1744930824595857817 ns
sort-end: 1744930824595247822 ns
sort-start: 1744930824594083833 ns
t4-end: 1744930824591650500 ns
t4-start: 1744930813573572255 ns
t5-end: 1744930824591972040 ns
t5-start: 1744930816077284843 ns
transfer-end: 1744930824591648767 ns
unique-end: 1744930824595806223 ns
unique-start: 1744930824595565302 ns
t4: 11018078245 ns
t5: 8514687197 ns
t4-t5: 11018399785 ns
Sort time: 1163989 ns
Unique time: 240921 ns
t6: 1404910 ns
[1744930824.825337] [cdr2631:1175184:0]          rcache.c:701  UCX  WARN  ucp_rcache: destroying inuse region 0x2021c60 [0x1495dd7fe000..0x1495ed7fe040] g- rw ref 1 md[0]=self md[1]=tcp md[4]=hfi1_0 md[5]=cma
