srun: warning: can't run 1 processes on 3 nodes, setting nnodes to 1
Starting deduplication
Creating GPU merger 1
Creating GPU merger 2
Creating CPU merger
0
0
Creating client ucp endpoint
Sending metadata to server: buffer_size = 12582912, chunk_size = 1048576
Client: Received rkey and remote address from server.
Client: Received rkey and remote address from server.
Received Rkey from server
Server listening on port 9090
Accepted connection
deduplication-end: 1744955493383582368 ns
deduplication-start: 1744955492717736898 ns
end: 1744955493396387330 ns
start: 1744955492716933666 ns
t1-end: 1744955492718236384 ns
t1-start: 1744955492717361175 ns
t3-end: 1744955493397231138 ns
t3-start: 1744955492973793972 ns
t1: 875209 ns
t2: 665845470 ns
Tuples sent: 416573
