srun: warning: can't run 1 processes on 3 nodes, setting nnodes to 1
Server is listening on port 8024
Server: client connected
Server received AM: 1048576 12582912
Server: Received chunk size 1048576 and buffer size 12582912
Server: client connected
Server received AM: 1048576 12582912
Server: Received chunk size 1048576 and buffer size 12582912
Server: Both clients are ready, buffer allocated
Client: AM message sent successfully (status = Success)
Client: AM message sent successfully (status = Success)
Client: AM message sent successfully (status = Success)
Client: AM message sent successfully (status = Success)
Server received all data from clients

Offset value: 419411
end: 1744955493396214437 ns
sort-end: 1744955493395812046 ns
sort-start: 1744955493395492773 ns
t4-end: 1744955493393638674 ns
t4-start: 1744955492960678561 ns
t5-end: 1744955493393748801 ns
t5-start: 1744955492960978546 ns
transfer-end: 1744955493393637140 ns
unique-end: 1744955493396173002 ns
unique-start: 1744955493396052017 ns
t4: 432960113 ns
t5: 432770255 ns
t4-t5: 433070240 ns
Sort time: 319273 ns
Unique time: 120985 ns
t6: 440258 ns
[1744955493.478926] [cdr2630:657410:0]          rcache.c:701  UCX  WARN  ucp_rcache: destroying inuse region 0x1305c60 [0x14a7d27ff000..0x14a7d3fff040] g- rw ref 1 md[0]=self md[1]=tcp md[4]=hfi1_0 md[5]=cma
