srun: warning: can't run 1 processes on 3 nodes, setting nnodes to 1
Starting deduplication
Creating GPU merger 1
Creating GPU merger 2
Creating CPU merger
0
0
Creating client ucp endpoint
Sending metadata to server: buffer_size = 268435456, chunk_size = 33554432
Client: Received rkey and remote address from server.
Client: Received rkey and remote address from server.
Received Rkey from server
Server listening on port 9090
Accepted connection
deduplication-end: 1744930877418611210 ns
deduplication-start: 1744930846106572829 ns
end: 1744930879791969579 ns
start: 1744930846092895435 ns
t1-end: 1744930846146787369 ns
t1-start: 1744930846093224687 ns
t3-end: 1744930877447923488 ns
t3-start: 1744930855360463507 ns
t1: 53562682 ns
t2: 31312038381 ns
Tuples sent: 13335117
