srun: warning: can't run 1 processes on 3 nodes, setting nnodes to 1
Starting deduplication
Creating GPU merger 1
Creating GPU merger 2
Creating CPU merger
0
0
Creating client ucp endpoint
Sending metadata to server: buffer_size = 268435456, chunk_size = 33554432
Client: Received rkey and remote address from server.
Client: Received rkey and remote address from server.
Received Rkey from server
Connected to 172.16.146.69:9090
deduplication-end: 1744930876634593088 ns
deduplication-start: 1744930846107002161 ns
end: 1744930879792087377 ns
start: 1744930846092959930 ns
t1-end: 1744930846147721283 ns
t1-start: 1744930846093250031 ns
t3-end: 1744930876665101591 ns
t3-start: 1744930855678844126 ns
t1: 54471252 ns
t2: 30527590927 ns
Tuples sent: 13334876
