srun: warning: can't run 1 processes on 3 nodes, setting nnodes to 1
Starting deduplication
Creating GPU merger 1
Creating GPU merger 2
Creating CPU merger
0
0
Creating client ucp endpoint
Sending metadata to server: buffer_size = 402653184, chunk_size = 33554432
Client: Received rkey and remote address from server.
Client: Received rkey and remote address from server.
Received Rkey from server
Connected to 172.16.146.75:9090
deduplication-end: 1744952564952235693 ns
deduplication-start: 1744952564854775709 ns
end: 1744952565015434666 ns
start: 1744952564851276686 ns
t1-end: 1744952564862688233 ns
t1-start: 1744952564852130778 ns
t3-end: 1744952564999543386 ns
t3-start: 1744952564867602993 ns
t1: 10557455 ns
t2: 97459984 ns
Tuples sent: 67108864
