srun: warning: can't run 1 processes on 3 nodes, setting nnodes to 1
Starting deduplication
Creating GPU merger 1
Creating GPU merger 2
Creating CPU merger
0
0
Creating client ucp endpoint
Sending metadata to server: buffer_size = 402653184, chunk_size = 33554432
Client: Received rkey and remote address from server.
Client: Received rkey and remote address from server.
Received Rkey from server
Server listening on port 9090
Accepted connection
deduplication-end: 1744952564949185096 ns
deduplication-start: 1744952564854700379 ns
end: 1744952565015386793 ns
start: 1744952564851237392 ns
t1-end: 1744952564863492062 ns
t1-start: 1744952564851579862 ns
t3-end: 1744952564995809337 ns
t3-start: 1744952564866870296 ns
t1: 11912200 ns
t2: 94484717 ns
Tuples sent: 67108864
