srun: warning: can't run 1 processes on 3 nodes, setting nnodes to 1
Starting deduplication
Creating GPU merger 1
Creating GPU merger 2
Creating CPU merger
0
0
Creating client ucp endpoint
Sending metadata to server: buffer_size = 805306368, chunk_size = 67108864
Client: Received rkey and remote address from server.
Client: Received rkey and remote address from server.
Received Rkey from server
Server listening on port 9090
Accepted connection
deduplication-end: 1744951917160941124 ns
deduplication-start: 1744951916928670801 ns
end: 1744951917275760269 ns
start: 1744951916923039992 ns
t1-end: 1744951916951226059 ns
t1-start: 1744951916923292121 ns
t3-end: 1744951917226130192 ns
t3-start: 1744951916959382788 ns
t1: 27933938 ns
t2: 232270323 ns
Tuples sent: 134217728
