srun: warning: can't run 1 processes on 3 nodes, setting nnodes to 1
Starting deduplication
Creating GPU merger 1
Creating GPU merger 2
Creating CPU merger
0
0
Creating client ucp endpoint
Sending metadata to server: buffer_size = 201326592, chunk_size = 16777216
Client: Received rkey and remote address from server.
Client: Received rkey and remote address from server.
Received Rkey from server
Server listening on port 9090
Accepted connection
deduplication-end: 1744939058150798653 ns
deduplication-start: 1744939019881036246 ns
end: 1744939059362720656 ns
start: 1744939019873718234 ns
t1-end: 1744939019900643919 ns
t1-start: 1744939019874060237 ns
t3-end: 1744939058182723250 ns
t3-start: 1744939024569422289 ns
t1: 26583682 ns
t2: 38269762407 ns
Tuples sent: 33554432
