srun: warning: can't run 1 processes on 3 nodes, setting nnodes to 1
Server is listening on port 8012
Server: client connected
Server received AM: 16777216 201326592
Server: Received chunk size 16777216 and buffer size 201326592
Server: client connected
Server received AM: 16777216 201326592
Server: Received chunk size 16777216 and buffer size 201326592
Server: Both clients are ready, buffer allocated
Client: AM message sent successfully (status = Success)
Client: AM message sent successfully (status = Success)
Client: AM message sent successfully (status = Success)
Client: AM message sent successfully (status = Success)
Server received all data from clients

Offset value: 1677720
end: 1744939059362443878 ns
sort-end: 1744939059361338142 ns
sort-start: 1744939059356554185 ns
t4-end: 1744939059353101470 ns
t4-start: 1744939023709504947 ns
t5-end: 1744939059354472210 ns
t5-start: 1744939024588931077 ns
transfer-end: 1744939059353099481 ns
unique-end: 1744939059362391225 ns
unique-start: 1744939059361788892 ns
t4: 35643596523 ns
t5: 34765541133 ns
t4-t5: 35644967263 ns
Sort time: 4783957 ns
Unique time: 602333 ns
t6: 5386290 ns
[1744939059.437798] [cdr2596:358715:0]          rcache.c:701  UCX  WARN  ucp_rcache: destroying inuse region 0xceec50 [0x14f327fff000..0x14f33ffff040] g- rw ref 1 md[0]=self md[1]=tcp md[4]=hfi1_0 md[5]=cma
