srun: warning: can't run 1 processes on 3 nodes, setting nnodes to 1
Starting deduplication
Creating GPU merger 1
Creating GPU merger 2
Creating CPU merger
0
0
Creating client ucp endpoint
Sending metadata to server: buffer_size = 16777216, chunk_size = 2097152
Client: Received rkey and remote address from server.
Client: Received rkey and remote address from server.
Received Rkey from server
Server listening on port 9090
Accepted connection
deduplication-end: 1744929639835440555 ns
deduplication-start: 1744929639210772434 ns
end: 1744929639876947271 ns
start: 1744929639209050401 ns
t1-end: 1744929639217230758 ns
t1-start: 1744929639209368283 ns
t3-end: 1744929639839292941 ns
t3-start: 1744929639835501310 ns
t1: 7862475 ns
t2: 624668121 ns
Tuples sent: 41942
