srun: warning: can't run 1 processes on 3 nodes, setting nnodes to 1
Starting deduplication
Creating GPU merger 1
Creating GPU merger 2
Creating CPU merger
0
0
Creating client ucp endpoint
Sending metadata to server: buffer_size = 16777216, chunk_size = 2097152
Client: Received rkey and remote address from server.
Client: Received rkey and remote address from server.
Received Rkey from server
Connected to 172.16.146.69:9090
deduplication-end: 1744929639830200358 ns
deduplication-start: 1744929639212071800 ns
end: 1744929639877066875 ns
start: 1744929639209096100 ns
t1-end: 1744929639218100359 ns
t1-start: 1744929639209854206 ns
t3-end: 1744929639834217407 ns
t3-start: 1744929639830267397 ns
t1: 8246153 ns
t2: 618128558 ns
Tuples sent: 41942
