srun: warning: can't run 1 processes on 3 nodes, setting nnodes to 1
Server is listening on port 8001
Server: client connected
Server received AM: 2097152 16777216
Server: Received chunk size 2097152 and buffer size 16777216
Server: client connected
Server received AM: 2097152 16777216
Server: Received chunk size 2097152 and buffer size 16777216
Server: Both clients are ready, buffer allocated
Client: AM message sent successfully (status = Success)
Client: AM message sent successfully (status = Success)
Client: AM message sent successfully (status = Success)
Client: AM message sent successfully (status = Success)
Server received all data from clients

Offset value: 41942
end: 1744929639876728334 ns
sort-end: 1744929639876503258 ns
sort-start: 1744929639876228202 ns
t4-end: 1744929639874314203 ns
t4-start: 1744929639830419223 ns
t5-end: 1744929639874632345 ns
transfer-end: 1744929639874312607 ns
unique-end: 1744929639876668672 ns
unique-start: 1744929639876562930 ns
t4: 43894980 ns
t5: 1744929639874632345 ns
t4-t5: 44213122 ns
Sort time: 275056 ns
Unique time: 105742 ns
t6: 380798 ns
[1744929639.997336] [cdr2631:1173247:0]          rcache.c:701  UCX  WARN  ucp_rcache: destroying inuse region 0x853c50 [0x14eaf5fff000..0x14eaf7fff040] g- rw ref 1 md[0]=self md[1]=tcp md[4]=hfi1_0 md[5]=cma
