srun: warning: can't run 1 processes on 3 nodes, setting nnodes to 1
Starting deduplication
Creating GPU merger 1
Creating GPU merger 2
Creating CPU merger
0
0
Creating client ucp endpoint
Sending metadata to server: buffer_size = 134217728, chunk_size = 16777216
Client: Received rkey and remote address from server.
Client: Received rkey and remote address from server.
Received Rkey from server
Connected to 172.16.146.69:9090
deduplication-end: 1744931943216341228 ns
deduplication-start: 1744931920992690405 ns
end: 1744931945275312618 ns
start: 1744931920984890894 ns
t1-end: 1744931921013122725 ns
t1-start: 1744931920985308216 ns
t3-end: 1744931943231215638 ns
t3-start: 1744931925124088090 ns
t1: 27814509 ns
t2: 22223650823 ns
Tuples sent: 19190426
