srun: warning: can't run 1 processes on 3 nodes, setting nnodes to 1
Server is listening on port 8044
Server: client connected
Server received AM: 16777216 134217728
Server: Received chunk size 16777216 and buffer size 134217728
Server: client connected
Server received AM: 16777216 134217728
Server: Received chunk size 16777216 and buffer size 134217728
Server: Both clients are ready, buffer allocated
Client: AM message sent successfully (status = Success)
Client: AM message sent successfully (status = Success)
Client: AM message sent successfully (status = Success)
Client: AM message sent successfully (status = Success)
Server received all data from clients

Offset value: 24636983
end: 1744931945274944078 ns
sort-end: 1744931945273980989 ns
sort-start: 1744931945271165803 ns
t4-end: 1744931945268674692 ns
t4-start: 1744931925129516160 ns
t5-end: 1744931945268999633 ns
t5-start: 1744931927114650127 ns
transfer-end: 1744931945268672798 ns
unique-end: 1744931945274890986 ns
unique-start: 1744931945274399942 ns
t4: 20139158532 ns
t5: 18154349506 ns
t4-t5: 20139483473 ns
Sort time: 2815186 ns
Unique time: 491044 ns
t6: 3306230 ns
[1744931945.522430] [cdr2631:1180842:0]          rcache.c:701  UCX  WARN  ucp_rcache: destroying inuse region 0x2163c60 [0x14f5157fe000..0x14f5257fe040] g- rw ref 1 md[0]=self md[1]=tcp md[4]=hfi1_0 md[5]=cma
