srun: warning: can't run 1 processes on 3 nodes, setting nnodes to 1
Starting deduplication
Creating GPU merger 1
Creating GPU merger 2
Creating CPU merger
0
0
Creating client ucp endpoint
Sending metadata to server: buffer_size = 1073741824, chunk_size = 134217728
Client: Received rkey and remote address from server.
Client: Received rkey and remote address from server.
Received Rkey from server
Connected to 172.16.146.69:9090
deduplication-end: 1744930671940873693 ns
deduplication-start: 1744930550057116469 ns
end: 1744930695099209757 ns
start: 1744930550004590835 ns
t1-end: 1744930550216992147 ns
t1-start: 1744930550004829673 ns
t3-end: 1744930671991324988 ns
t3-start: 1744930671940945928 ns
t1: 212162474 ns
t2: 121883757224 ns
Tuples sent: 26842676
