srun: warning: can't run 1 processes on 3 nodes, setting nnodes to 1
Starting deduplication
Creating GPU merger 1
Creating GPU merger 2
Creating CPU merger
0
0
Creating client ucp endpoint
Sending metadata to server: buffer_size = 1073741824, chunk_size = 134217728
Client: Received rkey and remote address from server.
Client: Received rkey and remote address from server.
Received Rkey from server
Server listening on port 9090
Accepted connection
deduplication-end: 1744930673884733601 ns
deduplication-start: 1744930550056025512 ns
end: 1744930695099038345 ns
start: 1744930550004531802 ns
t1-end: 1744930550218933672 ns
t1-start: 1744930550004821450 ns
t3-end: 1744930673921688050 ns
t3-start: 1744930673884798796 ns
t1: 214112222 ns
t2: 123828708089 ns
Tuples sent: 26842664
