srun: warning: can't run 1 processes on 3 nodes, setting nnodes to 1
Server is listening on port 8023
Server: client connected
Server received AM: 134217728 1073741824
Server: Received chunk size 134217728 and buffer size 1073741824
Server: client connected
Server received AM: 134217728 1073741824
Server: Received chunk size 134217728 and buffer size 1073741824
Server: Both clients are ready, buffer allocated
Client: AM message sent successfully (status = Success)
Client: AM message sent successfully (status = Success)
Client: AM message sent successfully (status = Success)
Client: AM message sent successfully (status = Success)
Server received all data from clients

Offset value: 26843546
end: 1744930695098833686 ns
sort-end: 1744930695095848105 ns
sort-start: 1744930695091913189 ns
t4-end: 1744930695082421271 ns
t4-start: 1744930671988195285 ns
t5-end: 1744930695089141911 ns
t5-start: 1744930686769766578 ns
transfer-end: 1744930695082419128 ns
unique-end: 1744930695098777295 ns
unique-start: 1744930695098152494 ns
t4: 23094225986 ns
t5: 8319375333 ns
t4-t5: 23100946626 ns
Sort time: 3934916 ns
Unique time: 624801 ns
t6: 4559717 ns
[1744930696.426385] [cdr2631:1174841:0]          rcache.c:701  UCX  WARN  ucp_rcache: destroying inuse region 0x1fe9c60 [0x1473817fe000..0x1474017fe040] g- rw ref 1 md[0]=self md[1]=tcp md[4]=hfi1_0 md[5]=cma
