srun: warning: can't run 1 processes on 3 nodes, setting nnodes to 1
Server is listening on port 8026
Server: client connected
Server received AM: 4194304 50331648
Server: Received chunk size 4194304 and buffer size 50331648
Server: client connected
Server received AM: 4194304 50331648
Server: Received chunk size 4194304 and buffer size 50331648
Server: Both clients are ready, buffer allocated
Client: AM message sent successfully (status = Success)
Client: AM message sent successfully (status = Success)
Client: AM message sent successfully (status = Success)
Client: AM message sent successfully (status = Success)
Server received all data from clients

Offset value: 1677647
end: 1744955535982589438 ns
sort-end: 1744955535982143793 ns
sort-start: 1744955535981643056 ns
t4-end: 1744955535979358612 ns
t4-start: 1744955533821037907 ns
t5-end: 1744955535979814499 ns
t5-start: 1744955533821711619 ns
transfer-end: 1744955535979357019 ns
unique-end: 1744955535982543865 ns
unique-start: 1744955535982396015 ns
t4: 2158320705 ns
t5: 2158102880 ns
t4-t5: 2158776592 ns
Sort time: 500737 ns
Unique time: 147850 ns
t6: 648587 ns
[1744955536.062929] [cdr2630:657543:0]          rcache.c:701  UCX  WARN  ucp_rcache: destroying inuse region 0x697c50 [0x1543037fe000..0x1543097fe040] g- rw ref 1 md[0]=self md[1]=tcp md[4]=hfi1_0 md[5]=cma
