srun: warning: can't run 1 processes on 3 nodes, setting nnodes to 1
Starting deduplication
Creating GPU merger 1
Creating GPU merger 2
Creating CPU merger
0
0
Creating client ucp endpoint
Sending metadata to server: buffer_size = 201326592, chunk_size = 16777216
Client: Received rkey and remote address from server.
Client: Received rkey and remote address from server.
Received Rkey from server
Server listening on port 9090
Accepted connection
deduplication-end: 1744952543891645719 ns
deduplication-start: 1744952543844096146 ns
end: 1744952543927201942 ns
start: 1744952543842454368 ns
t1-end: 1744952543848437917 ns
t1-start: 1744952543842736910 ns
t3-end: 1744952543981877311 ns
t3-start: 1744952543850164363 ns
t1: 5701007 ns
t2: 47549573 ns
Tuples sent: 33554432
