srun: warning: can't run 1 processes on 3 nodes, setting nnodes to 1
Starting deduplication
Creating GPU merger 1
Creating GPU merger 2
Creating CPU merger
0
0
Creating client ucp endpoint
Sending metadata to server: buffer_size = 12582912, chunk_size = 1048576
Client: Received rkey and remote address from server.
Client: Received rkey and remote address from server.
Received Rkey from server
Connected to 172.16.146.68:9090
deduplication-end: 1744955075186858691 ns
deduplication-start: 1744955074708556899 ns
end: 1744955075205456042 ns
start: 1744955074707516700 ns
t1-end: 1744955074708962541 ns
t1-start: 1744955074707746353 ns
t3-end: 1744955075190967859 ns
t3-start: 1744955075186909001 ns
t1: 1216188 ns
t2: 478301792 ns
Tuples sent: 209709
