srun: warning: can't run 1 processes on 3 nodes, setting nnodes to 1
Server is listening on port 8016
Server: client connected
Server received AM: 1048576 12582912
Server: Received chunk size 1048576 and buffer size 12582912
Server: client connected
Server received AM: 1048576 12582912
Server: Received chunk size 1048576 and buffer size 12582912
Server: Both clients are ready, buffer allocated
Client: AM message sent successfully (status = Success)
Client: AM message sent successfully (status = Success)
Client: AM message sent successfully (status = Success)
Client: AM message sent successfully (status = Success)
Server received all data from clients

Offset value: 209714
end: 1744955075205087230 ns
sort-end: 1744955075204694177 ns
sort-start: 1744955075204399929 ns
t4-end: 1744955075202486952 ns
t4-start: 1744955075187390415 ns
t5-end: 1744955075202779621 ns
t5-start: 1744955075202484641 ns
transfer-end: 1744955075202484305 ns
unique-end: 1744955075205041584 ns
unique-start: 1744955075204930011 ns
t4: 15096537 ns
t5: 294980 ns
t4-t5: 15389206 ns
Sort time: 294248 ns
Unique time: 111573 ns
t6: 405821 ns
[1744955075.282948] [cdr2630:656849:0]          rcache.c:701  UCX  WARN  ucp_rcache: destroying inuse region 0xb58c50 [0x151efbffe000..0x151efd7fe040] g- rw ref 1 md[0]=self md[1]=tcp md[4]=hfi1_0 md[5]=cma
