srun: warning: can't run 1 processes on 3 nodes, setting nnodes to 1
Starting deduplication
Creating GPU merger 1
Creating GPU merger 2
Creating CPU merger
0
0
Creating client ucp endpoint
Sending metadata to server: buffer_size = 536870912, chunk_size = 67108864
Client: Received rkey and remote address from server.
Client: Received rkey and remote address from server.
Received Rkey from server
Connected to 172.16.146.69:9090
deduplication-end: 1744931525756630407 ns
deduplication-start: 1744931436701827889 ns
end: 1744931530396443197 ns
start: 1744931436675313311 ns
t1-end: 1744931436783320336 ns
t1-start: 1744931436675918679 ns
t3-end: 1744931525802112921 ns
t3-start: 1744931457287303308 ns
t1: 107401657 ns
t2: 89054802518 ns
Tuples sent: 49452439
