srun: warning: can't run 1 processes on 3 nodes, setting nnodes to 1
Server is listening on port 8038
Server: client connected
Server received AM: 67108864 536870912
Server: Received chunk size 67108864 and buffer size 536870912
Server: client connected
Server received AM: 67108864 536870912
Server: Received chunk size 67108864 and buffer size 536870912
Server: Both clients are ready, buffer allocated
Client: AM message sent successfully (status = Success)
Client: AM message sent successfully (status = Success)
Client: AM message sent successfully (status = Success)
Client: AM message sent successfully (status = Success)
Server received all data from clients

Offset value: 53380901
end: 1744931530396037628 ns
sort-end: 1744931530394383893 ns
sort-start: 1744931530387541489 ns
t4-end: 1744931530380476450 ns
t4-start: 1744931454906356350 ns
t5-end: 1744931530385440012 ns
t5-start: 1744931456527686261 ns
transfer-end: 1744931530380474528 ns
unique-end: 1744931530395980302 ns
unique-start: 1744931530394925730 ns
t4: 75474120100 ns
t5: 73857753751 ns
t4-t5: 75479083662 ns
Sort time: 6842404 ns
Unique time: 1054572 ns
t6: 7896976 ns
[1744931531.083341] [cdr2631:1175969:0]          rcache.c:701  UCX  WARN  ucp_rcache: destroying inuse region 0x1107c60 [0x146b317fe000..0x146b717fe040] g- rw ref 1 md[0]=self md[1]=tcp md[4]=hfi1_0 md[5]=cma
