srun: warning: can't run 1 processes on 3 nodes, setting nnodes to 1
Starting deduplication
Creating GPU merger 1
Creating GPU merger 2
Creating CPU merger
0
0
Creating client ucp endpoint
Sending metadata to server: buffer_size = 402653184, chunk_size = 33554432
Client: Received rkey and remote address from server.
Client: Received rkey and remote address from server.
Received Rkey from server
Server listening on port 9090
Accepted connection
deduplication-end: 1744938326463689417 ns
deduplication-start: 1744938266281262262 ns
end: 1744938359375830792 ns
start: 1744938266267133203 ns
t1-end: 1744938266327508194 ns
t1-start: 1744938266267798049 ns
t3-end: 1744938326519817966 ns
t3-start: 1744938273468232426 ns
t1: 59710145 ns
t2: 60182427155 ns
Tuples sent: 67108864
srun: error: cdr2610: task 0: Segmentation fault (core dumped)
srun: Terminating StepId=59024942.19
