srun: warning: can't run 1 processes on 3 nodes, setting nnodes to 1
Starting deduplication
Creating GPU merger 1
Creating GPU merger 2
Creating CPU merger
0
0
Creating client ucp endpoint
Sending metadata to server: buffer_size = 402653184, chunk_size = 33554432
Client: Received rkey and remote address from server.
Client: Received rkey and remote address from server.
Received Rkey from server
Connected to 172.16.146.75:9090
deduplication-end: 1744951720720408131 ns
deduplication-start: 1744951720621457133 ns
end: 1744951720796903773 ns
start: 1744951720618485147 ns
t1-end: 1744951720634467509 ns
t1-start: 1744951720618801895 ns
t3-end: 1744951720779462909 ns
t3-start: 1744951720636184883 ns
t1: 15665614 ns
t2: 98950998 ns
Tuples sent: 67108864
