srun: warning: can't run 1 processes on 3 nodes, setting nnodes to 1
Starting deduplication
Creating GPU merger 1
Creating GPU merger 2
Creating CPU merger
0
0
Creating client ucp endpoint
Sending metadata to server: buffer_size = 100663296, chunk_size = 8388608
Client: Received rkey and remote address from server.
Client: Received rkey and remote address from server.
Received Rkey from server
Server listening on port 9090
Accepted connection
deduplication-end: 1744939001478307758 ns
deduplication-start: 1744938985751709032 ns
end: 1744939002067488155 ns
start: 1744938985747767130 ns
t1-end: 1744938985762238369 ns
t1-start: 1744938985748140668 ns
t3-end: 1744939001504170221 ns
t3-start: 1744938987565232825 ns
t1: 14097701 ns
t2: 15726598726 ns
Tuples sent: 16777216
