srun: warning: can't run 1 processes on 3 nodes, setting nnodes to 1
Server is listening on port 8011
Server: client connected
Server received AM: 8388608 100663296
Server: Received chunk size 8388608 and buffer size 100663296
Server: client connected
Server received AM: 8388608 100663296
Server: Received chunk size 8388608 and buffer size 100663296
Server: Both clients are ready, buffer allocated
Client: AM message sent successfully (status = Success)
Client: AM message sent successfully (status = Success)
Client: AM message sent successfully (status = Success)
Client: AM message sent successfully (status = Success)
Server received all data from clients

Offset value: 838860
end: 1744947048312581603 ns
sort-end: 1744947048311803964 ns
sort-start: 1744947048309416677 ns
t4-end: 1744947048305509106 ns
t4-start: 1744947038636185378 ns
t5-end: 1744947048306199669 ns
t5-start: 1744947039348664270 ns
transfer-end: 1744947042379680546 ns
unique-end: 1744947048312535201 ns
unique-start: 1744947048312169367 ns
t4: 9669323728 ns
t5: 8957535399 ns
t4-t5: 9670014291 ns
Sort time: 2387287 ns
Unique time: 365834 ns
t6: 2753121 ns
[1744947048.397570] [cdr2638:1323160:0]          rcache.c:701  UCX  WARN  ucp_rcache: destroying inuse region 0x1074c60 [0x14ecd97fe000..0x14ece57fe040] g- rw ref 1 md[0]=self md[1]=tcp md[4]=hfi1_0 md[5]=cma
