srun: warning: can't run 1 processes on 3 nodes, setting nnodes to 1
Starting deduplication
Creating GPU merger 1
Creating GPU merger 2
Creating CPU merger
0
0
Creating client ucp endpoint
Sending metadata to server: buffer_size = 1073741824, chunk_size = 134217728
Client: Received rkey and remote address from server.
Client: Received rkey and remote address from server.
Received Rkey from server
Server listening on port 9090
Accepted connection
deduplication-end: 1744933268245200532 ns
deduplication-start: 1744933031292199980 ns
end: 1744933297014962010 ns
start: 1744933031239525787 ns
t1-end: 1744933031452861490 ns
t1-start: 1744933031239877920 ns
t3-end: 1744933268367146925 ns
t3-start: 1744933066354237687 ns
t1: 212983570 ns
t2: 236953000552 ns
Tuples sent: 173060125
