srun: warning: can't run 1 processes on 3 nodes, setting nnodes to 1
Starting deduplication
Creating GPU merger 1
Creating GPU merger 2
Creating CPU merger
0
0
Creating client ucp endpoint
Sending metadata to server: buffer_size = 1073741824, chunk_size = 134217728
Client: Received rkey and remote address from server.
Client: Received rkey and remote address from server.
Received Rkey from server
Connected to 172.16.146.69:9090
deduplication-end: 1744933296432192899 ns
deduplication-start: 1744933031292163443 ns
end: 1744933297015074756 ns
start: 1744933031239519492 ns
t1-end: 1744933031455311047 ns
t1-start: 1744933031240334704 ns
t3-end: 1744933296457375652 ns
t3-start: 1744933072550165511 ns
t1: 214976343 ns
t2: 265140029456 ns
Tuples sent: 173072010
