srun: warning: can't run 1 processes on 3 nodes, setting nnodes to 1
Server is listening on port 8055
Server: client connected
Server received AM: 134217728 1073741824
Server: Received chunk size 134217728 and buffer size 1073741824
Server: client connected
Server received AM: 134217728 1073741824
Server: Received chunk size 134217728 and buffer size 1073741824
Server: Both clients are ready, buffer allocated
Client: AM message sent successfully (status = Success)
Client: AM message sent successfully (status = Success)
Client: AM message sent successfully (status = Success)
Client: AM message sent successfully (status = Success)
Server received all data from clients

Offset value: 237059399
end: 1744933297014717904 ns
sort-end: 1744933297007918086 ns
sort-start: 1744933296984523923 ns
t4-end: 1744933296978170435 ns
t4-start: 1744933066423923635 ns
t5-end: 1744933296981719482 ns
t5-start: 1744933069791758428 ns
transfer-end: 1744933296978166461 ns
unique-end: 1744933297014666573 ns
unique-start: 1744933297011080879 ns
t4: 230554246800 ns
t5: 227189961054 ns
t4-t5: 230557795847 ns
Sort time: 23394163 ns
Unique time: 3585694 ns
t6: 26979857 ns
[1744933298.298589] [cdr2631:1203773:0]          rcache.c:701  UCX  WARN  ucp_rcache: destroying inuse region 0x1712c60 [0x1515497fe000..0x1515c97fe040] g- rw ref 1 md[0]=self md[1]=tcp md[4]=hfi1_0 md[5]=cma
