srun: warning: can't run 1 processes on 3 nodes, setting nnodes to 1
Starting deduplication
Creating GPU merger 1
Creating GPU merger 2
Creating CPU merger
0
0
Creating client ucp endpoint
Sending metadata to server: buffer_size = 25165824, chunk_size = 2097152
Client: Received rkey and remote address from server.
Client: Received rkey and remote address from server.
Received Rkey from server
Connected to 172.16.146.68:9090
deduplication-end: 1744957260334549938 ns
deduplication-start: 1744957257704306889 ns
end: 1744957260542847605 ns
start: 1744957257703195565 ns
t1-end: 1744957257704982244 ns
t1-start: 1744957257703916789 ns
t3-end: 1744957260357402689 ns
t3-start: 1744957258191071732 ns
t1: 1065455 ns
t2: 2630243049 ns
Tuples sent: 2651534
