srun: warning: can't run 1 processes on 3 nodes, setting nnodes to 1
Starting deduplication
Creating GPU merger 1
Creating GPU merger 2
Creating CPU merger
0
0
Creating client ucp endpoint
Sending metadata to server: buffer_size = 25165824, chunk_size = 2097152
Client: Received rkey and remote address from server.
Client: Received rkey and remote address from server.
Received Rkey from server
Server listening on port 9090
Accepted connection
deduplication-end: 1744957260520349954 ns
deduplication-start: 1744957257703809022 ns
end: 1744957260542733405 ns
start: 1744957257703143877 ns
t1-end: 1744957257706947576 ns
t1-start: 1744957257703514830 ns
t3-end: 1744957260543044555 ns
t3-start: 1744957258228466595 ns
t1: 3432746 ns
t2: 2816540932 ns
Tuples sent: 2651495
