srun: warning: can't run 1 processes on 3 nodes, setting nnodes to 1
Server is listening on port 8049
Server: client connected
Server received AM: 2097152 25165824
Server: Received chunk size 2097152 and buffer size 25165824
Server: client connected
Server received AM: 2097152 25165824
Server: Received chunk size 2097152 and buffer size 25165824
Server: Both clients are ready, buffer allocated
Client: AM message sent successfully (status = Success)
Client: AM message sent successfully (status = Success)
Client: AM message sent successfully (status = Success)
Client: AM message sent successfully (status = Success)
Server received all data from clients

Offset value: 3626467
end: 1744957260542302312 ns
sort-end: 1744957260541817027 ns
sort-start: 1744957260541186807 ns
t4-end: 1744957260539224162 ns
t4-start: 1744957258191841346 ns
t5-end: 1744957260539299350 ns
t5-start: 1744957258192341498 ns
transfer-end: 1744957260539222878 ns
unique-end: 1744957260542257611 ns
unique-start: 1744957260542087235 ns
t4: 2347382816 ns
t5: 2346957852 ns
t4-t5: 2347458004 ns
Sort time: 630220 ns
Unique time: 170376 ns
t6: 800596 ns
[1744957260.636125] [cdr2630:659283:0]          rcache.c:701  UCX  WARN  ucp_rcache: destroying inuse region 0x12bac60 [0x14b9d27fe000..0x14b9d57fe040] g- rw ref 1 md[0]=self md[1]=tcp md[4]=hfi1_0 md[5]=cma
