srun: warning: can't run 1 processes on 3 nodes, setting nnodes to 1
Starting deduplication
Creating GPU merger 1
Creating GPU merger 2
Creating CPU merger
0
0
Creating client ucp endpoint
Sending metadata to server: buffer_size = 268435456, chunk_size = 33554432
Client: Received rkey and remote address from server.
Client: Received rkey and remote address from server.
Received Rkey from server
Server listening on port 9090
Accepted connection
deduplication-end: 1744929736060025451 ns
deduplication-start: 1744929722091680878 ns
end: 1744929736314291494 ns
start: 1744929722077944027 ns
t1-end: 1744929722131302841 ns
t1-start: 1744929722078317528 ns
t3-end: 1744929736064577222 ns
t3-start: 1744929736060102342 ns
t1: 52985313 ns
t2: 13968344573 ns
Tuples sent: 671088
