srun: warning: can't run 1 processes on 3 nodes, setting nnodes to 1
Starting deduplication
Creating GPU merger 1
Creating GPU merger 2
Creating CPU merger
0
0
Creating client ucp endpoint
Sending metadata to server: buffer_size = 268435456, chunk_size = 33554432
Client: Received rkey and remote address from server.
Client: Received rkey and remote address from server.
Received Rkey from server
Connected to 172.16.146.69:9090
deduplication-end: 1744929735560444666 ns
deduplication-start: 1744929722091953362 ns
end: 1744929736314435937 ns
start: 1744929722078007606 ns
t1-end: 1744929722137141693 ns
t1-start: 1744929722078250009 ns
t3-end: 1744929735564855282 ns
t3-start: 1744929735560505475 ns
t1: 58891684 ns
t2: 13468491304 ns
Tuples sent: 671088
