srun: warning: can't run 1 processes on 3 nodes, setting nnodes to 1
Server is listening on port 8005
Server: client connected
Server received AM: 33554432 268435456
Server: Received chunk size 33554432 and buffer size 268435456
Server: client connected
Server received AM: 33554432 268435456
Server: Received chunk size 33554432 and buffer size 268435456
Server: Both clients are ready, buffer allocated
Client: AM message sent successfully (status = Success)
Client: AM message sent successfully (status = Success)
Client: AM message sent successfully (status = Success)
Client: AM message sent successfully (status = Success)
Server received all data from clients

Offset value: 671088
end: 1744929736314027090 ns
sort-end: 1744929736313569311 ns
sort-start: 1744929736313179260 ns
t4-end: 1744929736310598886 ns
t4-start: 1744929735561639701 ns
t5-end: 1744929736311239104 ns
transfer-end: 1744929736310597311 ns
unique-end: 1744929736313979697 ns
unique-start: 1744929736313846193 ns
t4: 748959185 ns
t5: 1744929736311239104 ns
t4-t5: 749599403 ns
Sort time: 390051 ns
Unique time: 133504 ns
t6: 523555 ns
[1744929736.707386] [cdr2631:1173527:0]          rcache.c:701  UCX  WARN  ucp_rcache: destroying inuse region 0x1c1dc60 [0x148957fff000..0x148977fff040] g- rw ref 1 md[0]=self md[1]=tcp md[4]=hfi1_0 md[5]=cma
