srun: warning: can't run 1 processes on 3 nodes, setting nnodes to 1
Starting deduplication
Creating GPU merger 1
Creating GPU merger 2
Creating CPU merger
0
0
Creating client ucp endpoint
Sending metadata to server: buffer_size = 805306368, chunk_size = 67108864
Client: Received rkey and remote address from server.
Client: Received rkey and remote address from server.
Received Rkey from server
Server listening on port 9090
Accepted connection
deduplication-end: 1744952755808901265 ns
deduplication-start: 1744952755617189425 ns
end: 1744952755939258846 ns
start: 1744952755611524986 ns
t1-end: 1744952755633407849 ns
t1-start: 1744952755611847513 ns
t3-end: 1744952755892188668 ns
t3-start: 1744952755641326844 ns
t1: 21560336 ns
t2: 191711840 ns
Tuples sent: 134217728
