srun: warning: can't run 1 processes on 3 nodes, setting nnodes to 1
Server is listening on port 8054
Server: client connected
Server received AM: 67108864 805306368
Server: Received chunk size 67108864 and buffer size 805306368
Server: client connected
Server received AM: 67108864 805306368
Server: Received chunk size 67108864 and buffer size 805306368
Server: Both clients are ready, buffer allocated
Client: AM message sent successfully (status = Success)
Client: AM message sent successfully (status = Success)
Client: AM message sent successfully (status = Success)
Client: AM message sent successfully (status = Success)
Server received all data from clients

Offset value: 116049934
end: 1744951169251285511 ns
sort-end: 1744951169247698890 ns
sort-start: 1744951169228431616 ns
t4-end: 1744951169220870779 ns
t4-start: 1744951090211826370 ns
t5-end: 1744951169226330648 ns
t5-start: 1744951096535895323 ns
transfer-end: 1744951114628291538 ns
unique-end: 1744951169251236396 ns
unique-start: 1744951169248678025 ns
t4: 79009044409 ns
t5: 72690435325 ns
t4-t5: 79014504278 ns
Sort time: 19267274 ns
Unique time: 2558371 ns
t6: 21825645 ns
[1744951169.367357] [cdr2638:1328151:0]          rcache.c:701  UCX  WARN  ucp_rcache: destroying inuse region 0x2530c60 [0x1538497fe000..0x1538a97fe040] g- rw ref 1 md[0]=self md[1]=tcp md[4]=hfi1_0 md[5]=cma
