srun: warning: can't run 1 processes on 3 nodes, setting nnodes to 1
Starting deduplication
Creating GPU merger 1
Creating GPU merger 2
Creating CPU merger
0
0
Creating client ucp endpoint
Sending metadata to server: buffer_size = 67108864, chunk_size = 8388608
Client: Received rkey and remote address from server.
Client: Received rkey and remote address from server.
Received Rkey from server
Server listening on port 9090
Accepted connection
deduplication-end: 1744930345807451138 ns
deduplication-start: 1744930340559129691 ns
end: 1744930345979005247 ns
start: 1744930340555154280 ns
t1-end: 1744930340573022365 ns
t1-start: 1744930340555522208 ns
t3-end: 1744930345813884351 ns
t3-start: 1744930345807501658 ns
t1: 17500157 ns
t2: 5248321447 ns
Tuples sent: 1677639
