srun: warning: can't run 1 processes on 3 nodes, setting nnodes to 1
Starting deduplication
Creating GPU merger 1
Creating GPU merger 2
Creating CPU merger
0
0
Creating client ucp endpoint
Sending metadata to server: buffer_size = 67108864, chunk_size = 8388608
Client: Received rkey and remote address from server.
Client: Received rkey and remote address from server.
Received Rkey from server
Connected to 172.16.146.69:9090
deduplication-end: 1744930345640338919 ns
deduplication-start: 1744930340559821426 ns
end: 1744930345979186737 ns
start: 1744930340555273843 ns
t1-end: 1744930340571374481 ns
t1-start: 1744930340556028543 ns
t3-end: 1744930345646809541 ns
t3-start: 1744930345640432647 ns
t1: 15345938 ns
t2: 5080517493 ns
Tuples sent: 1677644
