srun: warning: can't run 1 processes on 3 nodes, setting nnodes to 1
Server is listening on port 8019
Server: client connected
Server received AM: 8388608 67108864
Server: Received chunk size 8388608 and buffer size 67108864
Server: client connected
Server received AM: 8388608 67108864
Server: Received chunk size 8388608 and buffer size 67108864
Server: Both clients are ready, buffer allocated
Client: AM message sent successfully (status = Success)
Client: AM message sent successfully (status = Success)
Client: AM message sent successfully (status = Success)
Client: AM message sent successfully (status = Success)
Server received all data from clients

Offset value: 1677720
end: 1744930345978665844 ns
sort-end: 1744930345978201131 ns
sort-start: 1744930345977703331 ns
t4-end: 1744930345975176299 ns
t4-start: 1744930345643552693 ns
t5-end: 1744930345975691389 ns
t5-start: 1744930345851996643 ns
transfer-end: 1744930345975174657 ns
unique-end: 1744930345978618605 ns
unique-start: 1744930345978470194 ns
t4: 331623606 ns
t5: 123694746 ns
t4-t5: 332138696 ns
Sort time: 497800 ns
Unique time: 148411 ns
t6: 646211 ns
[1744930346.153324] [cdr2631:1174571:0]          rcache.c:701  UCX  WARN  ucp_rcache: destroying inuse region 0x23adc60 [0x14e5017fe000..0x14e5097fe040] g- rw ref 1 md[0]=self md[1]=tcp md[4]=hfi1_0 md[5]=cma
