srun: warning: can't run 1 processes on 3 nodes, setting nnodes to 1
Starting deduplication
Creating GPU merger 1
Creating GPU merger 2
Creating CPU merger
0
0
Creating client ucp endpoint
Sending metadata to server: buffer_size = 100663296, chunk_size = 8388608
Client: Received rkey and remote address from server.
Client: Received rkey and remote address from server.
Received Rkey from server
Server listening on port 9090
Accepted connection
deduplication-end: 1744954452552352550 ns
deduplication-start: 1744954449701341640 ns
end: 1744954452556109715 ns
start: 1744954449700004012 ns
t1-end: 1744954449704049455 ns
t1-start: 1744954449700343583 ns
t3-end: 1744954452556983067 ns
t3-start: 1744954452552403257 ns
t1: 3705872 ns
t2: 2851010910 ns
Tuples sent: 167772
