srun: warning: can't run 1 processes on 3 nodes, setting nnodes to 1
Starting deduplication
Creating GPU merger 1
Creating GPU merger 2
Creating CPU merger
0
0
Creating client ucp endpoint
Sending metadata to server: buffer_size = 100663296, chunk_size = 8388608
Client: Received rkey and remote address from server.
Client: Received rkey and remote address from server.
Received Rkey from server
Connected to 172.16.146.68:9090
deduplication-end: 1744954452474470613 ns
deduplication-start: 1744954449701182567 ns
end: 1744954452556204380 ns
start: 1744954449700042696 ns
t1-end: 1744954449704306206 ns
t1-start: 1744954449700325320 ns
t3-end: 1744954452478690724 ns
t3-start: 1744954452474528422 ns
t1: 3980886 ns
t2: 2773288046 ns
Tuples sent: 167772
