srun: warning: can't run 1 processes on 3 nodes, setting nnodes to 1
Server is listening on port 8003
Server: client connected
Server received AM: 8388608 100663296
Server: Received chunk size 8388608 and buffer size 100663296
Server: client connected
Server received AM: 8388608 100663296
Server: Received chunk size 8388608 and buffer size 100663296
Server: Both clients are ready, buffer allocated
Client: AM message sent successfully (status = Success)
Client: AM message sent successfully (status = Success)
Client: AM message sent successfully (status = Success)
Client: AM message sent successfully (status = Success)
Server received all data from clients

Offset value: 167772
end: 1744954452555932380 ns
sort-end: 1744954452555528362 ns
sort-start: 1744954452555241355 ns
t4-end: 1744954452553279830 ns
t4-start: 1744954452474979444 ns
t5-end: 1744954452553561522 ns
transfer-end: 1744954452553278700 ns
unique-end: 1744954452555887047 ns
unique-start: 1744954452555774233 ns
t4: 78300386 ns
t5: 1744954452553561522 ns
t4-t5: 78582078 ns
Sort time: 287007 ns
Unique time: 112814 ns
t6: 399821 ns
[1744954452.649047] [cdr2630:655931:0]          rcache.c:701  UCX  WARN  ucp_rcache: destroying inuse region 0x21aec60 [0x1546cffff000..0x1546dbfff040] g- rw ref 1 md[0]=self md[1]=tcp md[4]=hfi1_0 md[5]=cma
