srun: warning: can't run 1 processes on 3 nodes, setting nnodes to 1
Starting deduplication
Creating GPU merger 1
Creating GPU merger 2
Creating CPU merger
0
0
Creating client ucp endpoint
Sending metadata to server: buffer_size = 25165824, chunk_size = 2097152
Client: Received rkey and remote address from server.
Client: Received rkey and remote address from server.
Received Rkey from server
Connected to 172.16.146.68:9090
deduplication-end: 1744955997114725275 ns
deduplication-start: 1744955995270646737 ns
end: 1744955997408972456 ns
start: 1744955995270115962 ns
t1-end: 1744955995271841557 ns
t1-start: 1744955995270335247 ns
t3-end: 1744955997138013363 ns
t3-start: 1744955995765797803 ns
t1: 1506310 ns
t2: 1844078538 ns
Tuples sent: 1539718
