srun: warning: can't run 1 processes on 3 nodes, setting nnodes to 1
Starting deduplication
Creating GPU merger 1
Creating GPU merger 2
Creating CPU merger
0
0
Creating client ucp endpoint
Sending metadata to server: buffer_size = 25165824, chunk_size = 2097152
Client: Received rkey and remote address from server.
Client: Received rkey and remote address from server.
Received Rkey from server
Server listening on port 9090
Accepted connection
deduplication-end: 1744955997382960813 ns
deduplication-start: 1744955995271214504 ns
end: 1744955997408858979 ns
start: 1744955995270086659 ns
t1-end: 1744955995272281043 ns
t1-start: 1744955995270800932 ns
t3-end: 1744955997408090805 ns
t3-start: 1744955995836961350 ns
t1: 1480111 ns
t2: 2111746309 ns
Tuples sent: 1539615
