srun: warning: can't run 1 processes on 3 nodes, setting nnodes to 1
Server is listening on port 8033
Server: client connected
Server received AM: 2097152 25165824
Server: Received chunk size 2097152 and buffer size 25165824
Server: client connected
Server received AM: 2097152 25165824
Server: Received chunk size 2097152 and buffer size 25165824
Server: Both clients are ready, buffer allocated
Client: AM message sent successfully (status = Success)
Client: AM message sent successfully (status = Success)
Client: AM message sent successfully (status = Success)
Client: AM message sent successfully (status = Success)
Server received all data from clients

Offset value: 1666295
end: 1744955997408548595 ns
sort-end: 1744955997408104195 ns
sort-start: 1744955997407612433 ns
t4-end: 1744955997405450610 ns
t4-start: 1744955995766714505 ns
t5-end: 1744955997405821313 ns
t5-start: 1744955995767216917 ns
transfer-end: 1744955997405449118 ns
unique-end: 1744955997408502108 ns
unique-start: 1744955997408350782 ns
t4: 1638736105 ns
t5: 1638604396 ns
t4-t5: 1639106808 ns
Sort time: 491762 ns
Unique time: 151326 ns
t6: 643088 ns
[1744955997.481039] [cdr2630:658051:0]          rcache.c:701  UCX  WARN  ucp_rcache: destroying inuse region 0x1955c60 [0x1502c4fff000..0x1502c7fff040] g- rw ref 1 md[0]=self md[1]=tcp md[4]=hfi1_0 md[5]=cma
