srun: warning: can't run 1 processes on 3 nodes, setting nnodes to 1
Starting deduplication
Creating GPU merger 1
Creating GPU merger 2
Creating CPU merger
0
0
Creating client ucp endpoint
Sending metadata to server: buffer_size = 402653184, chunk_size = 33554432
Client: Received rkey and remote address from server.
Client: Received rkey and remote address from server.
Received Rkey from server
Connected to 172.16.146.68:9090
deduplication-end: 1744956148311079233 ns
deduplication-start: 1744956109780811006 ns
end: 1744956149019592713 ns
start: 1744956109777676795 ns
t1-end: 1744956109792007363 ns
t1-start: 1744956109777925250 ns
t3-end: 1744956148343251695 ns
t3-start: 1744956118463651700 ns
t1: 14082113 ns
t2: 38530268227 ns
Tuples sent: 24640998
