srun: warning: can't run 1 processes on 3 nodes, setting nnodes to 1
Server is listening on port 8037
Server: client connected
Server received AM: 33554432 402653184
Server: Received chunk size 33554432 and buffer size 402653184
Server: client connected
Server received AM: 33554432 402653184
Server: Received chunk size 33554432 and buffer size 402653184
Server: Both clients are ready, buffer allocated
Client: AM message sent successfully (status = Success)
Client: AM message sent successfully (status = Success)
Client: AM message sent successfully (status = Success)
Client: AM message sent successfully (status = Success)
Server received all data from clients

Offset value: 26662860
end: 1744956149019262622 ns
sort-end: 1744956148989880680 ns
sort-start: 1744956148986274089 ns
t4-end: 1744956148978263402 ns
t4-start: 1744956118267197812 ns
t5-end: 1744956148983426032 ns
t5-start: 1744956118272124293 ns
transfer-end: 1744956148978261639 ns
unique-end: 1744956149019209873 ns
unique-start: 1744956149018622051 ns
t4: 30711065590 ns
t5: 30711301739 ns
t4-t5: 30716228220 ns
Sort time: 3606591 ns
Unique time: 587822 ns
t6: 4194413 ns
[1744956149.096911] [cdr2630:658352:0]          rcache.c:701  UCX  WARN  ucp_rcache: destroying inuse region 0x1f7fc60 [0x14a2dd7fe000..0x14a30d7fe040] g- rw ref 1 md[0]=self md[1]=tcp md[4]=hfi1_0 md[5]=cma
