srun: warning: can't run 1 processes on 3 nodes, setting nnodes to 1
Starting deduplication
Creating GPU merger 1
Creating GPU merger 2
Creating CPU merger
0
0
Creating client ucp endpoint
Sending metadata to server: buffer_size = 201326592, chunk_size = 16777216
Client: Received rkey and remote address from server.
Client: Received rkey and remote address from server.
Received Rkey from server
Connected to 172.16.146.68:9090
deduplication-end: 1744954478110526871 ns
deduplication-start: 1744954472016184031 ns
end: 1744954478407616590 ns
start: 1744954472014269891 ns
t1-end: 1744954472022318443 ns
t1-start: 1744954472014555636 ns
t3-end: 1744954478115027697 ns
t3-start: 1744954478110572641 ns
t1: 7762807 ns
t2: 6094342840 ns
Tuples sent: 335544
