srun: warning: can't run 1 processes on 3 nodes, setting nnodes to 1
Starting deduplication
Creating GPU merger 1
Creating GPU merger 2
Creating CPU merger
0
0
Creating client ucp endpoint
Sending metadata to server: buffer_size = 201326592, chunk_size = 16777216
Client: Received rkey and remote address from server.
Client: Received rkey and remote address from server.
Received Rkey from server
Server listening on port 9090
Accepted connection
deduplication-end: 1744954478403308416 ns
deduplication-start: 1744954472016451338 ns
end: 1744954478407505787 ns
start: 1744954472014222650 ns
t1-end: 1744954472021813588 ns
t1-start: 1744954472014559009 ns
t3-end: 1744954478407546171 ns
t3-start: 1744954478403362897 ns
t1: 7254579 ns
t2: 6386857078 ns
Tuples sent: 335544
