srun: warning: can't run 1 processes on 3 nodes, setting nnodes to 1
Server is listening on port 8004
Server: client connected
Server received AM: 16777216 201326592
Server: Received chunk size 16777216 and buffer size 201326592
Server: client connected
Server received AM: 16777216 201326592
Server: Received chunk size 16777216 and buffer size 201326592
Server: Both clients are ready, buffer allocated
Client: AM message sent successfully (status = Success)
Client: AM message sent successfully (status = Success)
Client: AM message sent successfully (status = Success)
Client: AM message sent successfully (status = Success)
Server received all data from clients

Offset value: 335544
end: 1744954478407326308 ns
sort-end: 1744954478406922685 ns
sort-start: 1744954478406615216 ns
t4-end: 1744954478404379745 ns
t4-start: 1744954478111303874 ns
t5-end: 1744954478404778126 ns
transfer-end: 1744954478404378642 ns
unique-end: 1744954478407280249 ns
unique-start: 1744954478407166267 ns
t4: 293075871 ns
t5: 1744954478404778126 ns
t4-t5: 293474252 ns
Sort time: 307469 ns
Unique time: 113982 ns
t6: 421451 ns
[1744954478.492124] [cdr2630:655996:0]          rcache.c:701  UCX  WARN  ucp_rcache: destroying inuse region 0x1ae5c60 [0x14f63d7fe000..0x14f6557fe040] g- rw ref 1 md[0]=self md[1]=tcp md[4]=hfi1_0 md[5]=cma
