srun: warning: can't run 1 processes on 3 nodes, setting nnodes to 1
Starting deduplication
Creating GPU merger 1
Creating GPU merger 2
Creating CPU merger
0
0
Creating client ucp endpoint
Sending metadata to server: buffer_size = 12582912, chunk_size = 1048576
Client: Received rkey and remote address from server.
Client: Received rkey and remote address from server.
Received Rkey from server
Server listening on port 9090
Accepted connection
deduplication-end: 1744939682473498372 ns
deduplication-start: 1744939680474790254 ns
end: 1744939684269593947 ns
start: 1744939680473464320 ns
t1-end: 1744939680477980943 ns
t1-start: 1744939680473804733 ns
t3-end: 1744939682490567721 ns
t3-start: 1744939680725630109 ns
t1: 4176210 ns
t2: 1998708118 ns
Tuples sent: 2097152
