srun: warning: can't run 1 processes on 3 nodes, setting nnodes to 1
Starting deduplication
Creating GPU merger 1
Creating GPU merger 2
Creating CPU merger
0
0
Creating client ucp endpoint
Sending metadata to server: buffer_size = 12582912, chunk_size = 1048576
Client: Received rkey and remote address from server.
Client: Received rkey and remote address from server.
Received Rkey from server
Connected to 172.16.146.75:9090
deduplication-end: 1744951967809240320 ns
deduplication-start: 1744951967805420977 ns
end: 1744951967832983625 ns
start: 1744951967804719643 ns
t1-end: 1744951967805855582 ns
t1-start: 1744951967805082577 ns
t3-end: 1744951967940631821 ns
t3-start: 1744951967806103197 ns
t1: 773005 ns
t2: 3819343 ns
Tuples sent: 2097152
