srun: warning: can't run 1 processes on 3 nodes, setting nnodes to 1
Server is listening on port 8016
Server: client connected
Server received AM: 1048576 12582912
Server: Received chunk size 1048576 and buffer size 12582912
Server: client connected
Server received AM: 1048576 12582912
Server: Received chunk size 1048576 and buffer size 12582912
Server: Both clients are ready, buffer allocated
Client: AM message sent successfully (status = Success)
Client: AM message sent successfully (status = Success)
Client: AM message sent successfully (status = Success)
Client: AM message sent successfully (status = Success)
Server received all data from clients

Offset value: 209714
end: 1744939684269380137 ns
sort-end: 1744939684268915158 ns
sort-start: 1744939684268341969 ns
t4-end: 1744939684266245939 ns
t4-start: 1744939680714358680 ns
t5-end: 1744939684266343340 ns
t5-start: 1744939680924751191 ns
transfer-end: 1744939682574695184 ns
unique-end: 1744939684269332285 ns
unique-start: 1744939684269183272 ns
t4: 3551887259 ns
t5: 3341592149 ns
t4-t5: 3551984660 ns
Sort time: 573189 ns
Unique time: 149013 ns
t6: 722202 ns
[1744939684.360803] [cdr2596:359048:0]          rcache.c:701  UCX  WARN  ucp_rcache: destroying inuse region 0x1924c60 [0x1518abffe000..0x1518ad7fe040] g- rw ref 1 md[0]=self md[1]=tcp md[4]=hfi1_0 md[5]=cma
