srun: warning: can't run 1 processes on 3 nodes, setting nnodes to 1
Starting deduplication
Creating GPU merger 1
Creating GPU merger 2
Creating CPU merger
0
0
Creating client ucp endpoint
Sending metadata to server: buffer_size = 268435456, chunk_size = 33554432
Client: Received rkey and remote address from server.
Client: Received rkey and remote address from server.
Received Rkey from server
Server listening on port 9090
Accepted connection
deduplication-end: 1744932808914778879 ns
deduplication-start: 1744932749721945357 ns
end: 1744932810444705429 ns
start: 1744932749708020739 ns
t1-end: 1744932749760516085 ns
t1-start: 1744932749708391425 ns
t3-end: 1744932808936584073 ns
t3-start: 1744932760311276365 ns
t1: 52124660 ns
t2: 59192833522 ns
Tuples sent: 42617560
