srun: warning: can't run 1 processes on 3 nodes, setting nnodes to 1
Server is listening on port 8053
Server: client connected
Server received AM: 33554432 268435456
Server: Received chunk size 33554432 and buffer size 268435456
Server: client connected
Server received AM: 33554432 268435456
Server: Received chunk size 33554432 and buffer size 268435456
Server: Both clients are ready, buffer allocated
Client: AM message sent successfully (status = Success)
Client: AM message sent successfully (status = Success)
Client: AM message sent successfully (status = Success)
Client: AM message sent successfully (status = Success)
Server received all data from clients

Offset value: 56323741
end: 1744932810444558293 ns
sort-end: 1744932810441297850 ns
sort-start: 1744932810435323797 ns
t4-end: 1744932810429219172 ns
t4-start: 1744932759849051408 ns
t5-end: 1744932810429703264 ns
t5-start: 1744932761519631167 ns
transfer-end: 1744932810429217216 ns
unique-end: 1744932810444508866 ns
unique-start: 1744932810443513890 ns
t4: 50580167764 ns
t5: 48910072097 ns
t4-t5: 50580651856 ns
Sort time: 5974053 ns
Unique time: 994976 ns
t6: 6969029 ns
[1744932810.847423] [cdr2631:1203603:0]          rcache.c:701  UCX  WARN  ucp_rcache: destroying inuse region 0x1f67c60 [0x14e4abfff000..0x14e4cbfff040] g- rw ref 1 md[0]=self md[1]=tcp md[4]=hfi1_0 md[5]=cma
