srun: warning: can't run 1 processes on 3 nodes, setting nnodes to 1
Server is listening on port 8054
Server: client connected
Server received AM: 67108864 805306368
Server: Received chunk size 67108864 and buffer size 805306368
Server: client connected
Server received AM: 67108864 805306368
Server: Received chunk size 67108864 and buffer size 805306368
Server: Both clients are ready, buffer allocated
Client: AM message sent successfully (status = Success)
Client: AM message sent successfully (status = Success)
Client: AM message sent successfully (status = Success)
Client: AM message sent successfully (status = Success)
Server received all data from clients

Offset value: 116045683
end: 1744957586120154780 ns
sort-end: 1744957586117616064 ns
sort-start: 1744957586106133146 ns
t4-end: 1744957586103685649 ns
t4-start: 1744957495705274612 ns
t5-end: 1744957586104078004 ns
t5-start: 1744957495715004665 ns
transfer-end: 1744957586103684247 ns
unique-end: 1744957586120106922 ns
unique-start: 1744957586118302197 ns
t4: 90398411037 ns
t5: 90389073339 ns
t4-t5: 90398803392 ns
Sort time: 11482918 ns
Unique time: 1804725 ns
t6: 13287643 ns
[1744957586.204934] [cdr2630:659611:0]          rcache.c:701  UCX  WARN  ucp_rcache: destroying inuse region 0x2361c60 [0x1521197fe000..0x1521797fe040] g- rw ref 1 md[0]=self md[1]=tcp md[4]=hfi1_0 md[5]=cma
