srun: warning: can't run 1 processes on 3 nodes, setting nnodes to 1
Starting deduplication
Creating GPU merger 1
Creating GPU merger 2
Creating CPU merger
0
0
Creating client ucp endpoint
Sending metadata to server: buffer_size = 25165824, chunk_size = 2097152
Client: Received rkey and remote address from server.
Client: Received rkey and remote address from server.
Received Rkey from server
Server listening on port 9090
Accepted connection
deduplication-end: 1744954412557134356 ns
deduplication-start: 1744954411944775184 ns
end: 1744954412576045880 ns
start: 1744954411943679559 ns
t1-end: 1744954411945719601 ns
t1-start: 1744954411944498079 ns
t3-end: 1744954412561092111 ns
t3-start: 1744954412557178386 ns
t1: 1221522 ns
t2: 612359172 ns
Tuples sent: 41942
