srun: warning: can't run 1 processes on 3 nodes, setting nnodes to 1
Starting deduplication
Creating GPU merger 1
Creating GPU merger 2
Creating CPU merger
0
0
Creating client ucp endpoint
Sending metadata to server: buffer_size = 268435456, chunk_size = 33554432
Client: Received rkey and remote address from server.
Client: Received rkey and remote address from server.
Received Rkey from server
Server listening on port 9090
Accepted connection
deduplication-end: 1744932020987757232 ns
deduplication-start: 1744931971486580521 ns
end: 1744932023547752479 ns
start: 1744931971472551088 ns
t1-end: 1744931971527311063 ns
t1-start: 1744931971472908756 ns
t3-end: 1744932021033069670 ns
t3-start: 1744931980194674822 ns
t1: 54402307 ns
t2: 49501176711 ns
Tuples sent: 38458186
