srun: warning: can't run 1 processes on 3 nodes, setting nnodes to 1
Server is listening on port 8045
Server: client connected
Server received AM: 33554432 268435456
Server: Received chunk size 33554432 and buffer size 268435456
Server: client connected
Server received AM: 33554432 268435456
Server: Received chunk size 33554432 and buffer size 268435456
Server: Both clients are ready, buffer allocated
Client: AM message sent successfully (status = Success)
Client: AM message sent successfully (status = Success)
Client: AM message sent successfully (status = Success)
Client: AM message sent successfully (status = Success)
Server received all data from clients

Offset value: 49452372
end: 1744932023547558289 ns
sort-end: 1744932023546144679 ns
sort-start: 1744932023540727933 ns
t4-end: 1744932023538090357 ns
t4-start: 1744931980213112695 ns
t5-end: 1744932023538622509 ns
t5-start: 1744931983909015672 ns
transfer-end: 1744932023538088346 ns
unique-end: 1744932023547506470 ns
unique-start: 1744932023546635245 ns
t4: 43324977662 ns
t5: 39629606837 ns
t4-t5: 43325509814 ns
Sort time: 5416746 ns
Unique time: 871225 ns
t6: 6287971 ns
[1744932023.969620] [cdr2631:1182863:0]          rcache.c:701  UCX  WARN  ucp_rcache: destroying inuse region 0xafbc50 [0x1549ad7fe000..0x1549cd7fe040] g- rw ref 1 md[0]=self md[1]=tcp md[4]=hfi1_0 md[5]=cma
