srun: warning: can't run 1 processes on 3 nodes, setting nnodes to 1
Starting deduplication
Creating GPU merger 1
Creating GPU merger 2
Creating CPU merger
0
0
Creating client ucp endpoint
Sending metadata to server: buffer_size = 402653184, chunk_size = 33554432
Client: Received rkey and remote address from server.
Client: Received rkey and remote address from server.
Received Rkey from server
Connected to 172.16.146.68:9090
deduplication-end: 1744954513523091607 ns
deduplication-start: 1744954499203409042 ns
end: 1744954514179890567 ns
start: 1744954499200197804 ns
t1-end: 1744954499223295544 ns
t1-start: 1744954499200411977 ns
t3-end: 1744954513527576355 ns
t3-start: 1744954513523138520 ns
t1: 22883567 ns
t2: 14319682565 ns
Tuples sent: 671088
