srun: warning: can't run 1 processes on 3 nodes, setting nnodes to 1
Server is listening on port 8005
Server: client connected
Server received AM: 33554432 402653184
Server: Received chunk size 33554432 and buffer size 402653184
Server: client connected
Server received AM: 33554432 402653184
Server: Received chunk size 33554432 and buffer size 402653184
Server: Both clients are ready, buffer allocated
Client: AM message sent successfully (status = Success)
Client: AM message sent successfully (status = Success)
Client: AM message sent successfully (status = Success)
Client: AM message sent successfully (status = Success)
Server received all data from clients

Offset value: 671088
end: 1744954514179497019 ns
sort-end: 1744954514179036588 ns
sort-start: 1744954514178658007 ns
t4-end: 1744954514176023278 ns
t4-start: 1744954513524088954 ns
t5-end: 1744954514176747841 ns
transfer-end: 1744954514176022157 ns
unique-end: 1744954514179444342 ns
unique-start: 1744954514179317779 ns
t4: 651934324 ns
t5: 1744954514176747841 ns
t4-t5: 652658887 ns
Sort time: 378581 ns
Unique time: 126563 ns
t6: 505144 ns
[1744954514.273891] [cdr2630:656063:0]          rcache.c:701  UCX  WARN  ucp_rcache: destroying inuse region 0x701c50 [0x14a2a97fe000..0x14a2d97fe040] g- rw ref 1 md[0]=self md[1]=tcp md[4]=hfi1_0 md[5]=cma
