srun: warning: can't run 1 processes on 3 nodes, setting nnodes to 1
Starting deduplication
Creating GPU merger 1
Creating GPU merger 2
Creating CPU merger
0
0
Creating client ucp endpoint
Sending metadata to server: buffer_size = 8388608, chunk_size = 1048576
Client: Received rkey and remote address from server.
Client: Received rkey and remote address from server.
Received Rkey from server
Server listening on port 9090
Accepted connection
deduplication-end: 1744930286097220600 ns
deduplication-start: 1744930285612817086 ns
end: 1744930286277608110 ns
start: 1744930285611480473 ns
t1-end: 1744930285617199837 ns
t1-start: 1744930285611795185 ns
t3-end: 1744930286101428040 ns
t3-start: 1744930286097272185 ns
t1: 5404652 ns
t2: 484403514 ns
Tuples sent: 209704
