srun: warning: can't run 1 processes on 3 nodes, setting nnodes to 1
Starting deduplication
Creating GPU merger 1
Creating GPU merger 2
Creating CPU merger
0
0
Creating client ucp endpoint
Sending metadata to server: buffer_size = 8388608, chunk_size = 1048576
Client: Received rkey and remote address from server.
Client: Received rkey and remote address from server.
Received Rkey from server
Connected to 172.16.146.69:9090
deduplication-end: 1744930286097870548 ns
deduplication-start: 1744930285612919869 ns
end: 1744930286277735039 ns
start: 1744930285611570441 ns
t1-end: 1744930285617838898 ns
t1-start: 1744930285611920181 ns
t3-end: 1744930286101625074 ns
t3-start: 1744930286097911034 ns
t1: 5918717 ns
t2: 484950679 ns
Tuples sent: 209708
