srun: warning: can't run 1 processes on 3 nodes, setting nnodes to 1
Server is listening on port 8016
Server: client connected
Server received AM: 1048576 8388608
Server: Received chunk size 1048576 and buffer size 8388608
Server: client connected
Server received AM: 1048576 8388608
Server: Received chunk size 1048576 and buffer size 8388608
Server: Both clients are ready, buffer allocated
Client: AM message sent successfully (status = Success)
Client: AM message sent successfully (status = Success)
Client: AM message sent successfully (status = Success)
Client: AM message sent successfully (status = Success)
Server received all data from clients

Offset value: 209714
end: 1744930286277358713 ns
sort-end: 1744930286276936490 ns
sort-start: 1744930286276651613 ns
t4-end: 1744930286274731471 ns
t4-start: 1744930286097771745 ns
t5-end: 1744930286274884747 ns
t5-start: 1744930286222913920 ns
transfer-end: 1744930286274729792 ns
unique-end: 1744930286277311325 ns
unique-start: 1744930286277198557 ns
t4: 176959726 ns
t5: 51970827 ns
t4-t5: 177113002 ns
Sort time: 284877 ns
Unique time: 112768 ns
t6: 397645 ns
[1744930286.366340] [cdr2631:1174330:0]          rcache.c:701  UCX  WARN  ucp_rcache: destroying inuse region 0x625c50 [0x14c5c86cb000..0x14c5c96cb040] g- rw ref 1 md[0]=self md[1]=tcp md[4]=hfi1_0 md[5]=cma
