srun: warning: can't run 1 processes on 3 nodes, setting nnodes to 1
Starting deduplication
Creating GPU merger 1
Creating GPU merger 2
Creating CPU merger
0
0
Creating client ucp endpoint
Sending metadata to server: buffer_size = 67108864, chunk_size = 8388608
Client: Received rkey and remote address from server.
Client: Received rkey and remote address from server.
Received Rkey from server
Connected to 172.16.146.69:9090
deduplication-end: 1744931282784178096 ns
deduplication-start: 1744931273266300789 ns
end: 1744931291042832165 ns
start: 1744931273261666484 ns
t1-end: 1744931273277322686 ns
t1-start: 1744931273262193012 ns
t3-end: 1744931282807611921 ns
t3-start: 1744931275796760674 ns
t1: 15129674 ns
t2: 9517877307 ns
Tuples sent: 6162730
