srun: warning: can't run 1 processes on 3 nodes, setting nnodes to 1
Server is listening on port 8035
Server: client connected
Server received AM: 8388608 67108864
Server: Received chunk size 8388608 and buffer size 67108864
Server: client connected
Server received AM: 8388608 67108864
Server: Received chunk size 8388608 and buffer size 67108864
Server: Both clients are ready, buffer allocated
Client: AM message sent successfully (status = Success)
Client: AM message sent successfully (status = Success)
Client: AM message sent successfully (status = Success)
Client: AM message sent successfully (status = Success)
Server received all data from clients

Offset value: 6666353
end: 1744931291042543089 ns
sort-end: 1744931291041946834 ns
sort-start: 1744931291040900950 ns
t4-end: 1744931291038220936 ns
t4-start: 1744931275800870592 ns
t5-end: 1744931291038890103 ns
t5-start: 1744931278037710662 ns
transfer-end: 1744931286399869035 ns
unique-end: 1744931291042494266 ns
unique-start: 1744931291042260721 ns
t4: 15237350344 ns
t5: 13001179441 ns
t4-t5: 15238019511 ns
Sort time: 1045884 ns
Unique time: 233545 ns
t6: 1279429 ns
[1744931291.195326] [cdr2631:1175762:0]          rcache.c:701  UCX  WARN  ucp_rcache: destroying inuse region 0xc87c50 [0x1518857fe000..0x15188d7fe040] g- rw ref 1 md[0]=self md[1]=tcp md[4]=hfi1_0 md[5]=cma
