srun: warning: can't run 1 processes on 3 nodes, setting nnodes to 1
Starting deduplication
Creating GPU merger 1
Creating GPU merger 2
Creating CPU merger
0
0
Creating client ucp endpoint
Sending metadata to server: buffer_size = 67108864, chunk_size = 8388608
Client: Received rkey and remote address from server.
Client: Received rkey and remote address from server.
Received Rkey from server
Connected to 172.16.146.69:9090
deduplication-end: 1744932670278892266 ns
deduplication-start: 1744932656197035804 ns
end: 1744932670516398908 ns
start: 1744932656192379780 ns
t1-end: 1744932656209073445 ns
t1-start: 1744932656192999592 ns
t3-end: 1744932670299945551 ns
t3-start: 1744932658667862972 ns
t1: 16073853 ns
t2: 14081856462 ns
Tuples sent: 10619155
