srun: warning: can't run 1 processes on 3 nodes, setting nnodes to 1
Server is listening on port 8051
Server: client connected
Server received AM: 8388608 67108864
Server: Received chunk size 8388608 and buffer size 67108864
Server: client connected
Server received AM: 8388608 67108864
Server: Received chunk size 8388608 and buffer size 67108864
Server: Both clients are ready, buffer allocated
Client: AM message sent successfully (status = Success)
Client: AM message sent successfully (status = Success)
Client: AM message sent successfully (status = Success)
Client: AM message sent successfully (status = Success)
Server received all data from clients

Offset value: 14526163
end: 1744932670516265217 ns
sort-end: 1744932670515562333 ns
sort-start: 1744932670513939379 ns
t4-end: 1744932670511898836 ns
t4-start: 1744932658226661792 ns
t5-end: 1744932670512033416 ns
t5-start: 1744932658671921189 ns
transfer-end: 1744932670483619494 ns
unique-end: 1744932670516219303 ns
unique-start: 1744932670515887491 ns
t4: 12285237044 ns
t5: 11840112227 ns
t4-t5: 12285371624 ns
Sort time: 1622954 ns
Unique time: 331812 ns
t6: 1954766 ns
[1744932670.701361] [cdr2631:1203460:0]          rcache.c:701  UCX  WARN  ucp_rcache: destroying inuse region 0x74ac50 [0x150de57fe000..0x150ded7fe040] g- rw ref 1 md[0]=self md[1]=tcp md[4]=hfi1_0 md[5]=cma
