srun: warning: can't run 1 processes on 3 nodes, setting nnodes to 1
Starting deduplication
Creating GPU merger 1
Creating GPU merger 2
Creating CPU merger
0
0
Creating client ucp endpoint
Sending metadata to server: buffer_size = 50331648, chunk_size = 4194304
Client: Received rkey and remote address from server.
Client: Received rkey and remote address from server.
Received Rkey from server
Connected to 172.16.146.68:9090
deduplication-end: 1744954739528151765 ns
deduplication-start: 1744954737713537764 ns
end: 1744954739657118550 ns
start: 1744954737712398983 ns
t1-end: 1744954737714863973 ns
t1-start: 1744954737713035348 ns
t3-end: 1744954739532632307 ns
t3-start: 1744954739528299041 ns
t1: 1828625 ns
t2: 1814614001 ns
Tuples sent: 419430
