srun: warning: can't run 1 processes on 3 nodes, setting nnodes to 1
Server is listening on port 8010
Server: client connected
Server received AM: 4194304 50331648
Server: Received chunk size 4194304 and buffer size 50331648
Server: client connected
Server received AM: 4194304 50331648
Server: Received chunk size 4194304 and buffer size 50331648
Server: Both clients are ready, buffer allocated
Client: AM message sent successfully (status = Success)
Client: AM message sent successfully (status = Success)
Client: AM message sent successfully (status = Success)
Client: AM message sent successfully (status = Success)
Server received all data from clients

Offset value: 419430
end: 1744954739656848725 ns
sort-end: 1744954739656429303 ns
sort-start: 1744954739656113751 ns
t4-end: 1744954739653872801 ns
t4-start: 1744954739529097781 ns
t5-end: 1744954739654323068 ns
transfer-end: 1744954739653871701 ns
unique-end: 1744954739656800962 ns
unique-start: 1744954739656679965 ns
t4: 124775020 ns
t5: 1744954739654323068 ns
t4-t5: 125225287 ns
Sort time: 315552 ns
Unique time: 120997 ns
t6: 436549 ns
[1744954739.755052] [cdr2630:656405:0]          rcache.c:701  UCX  WARN  ucp_rcache: destroying inuse region 0x1818c60 [0x1462577fe000..0x14625d7fe040] g- rw ref 1 md[0]=self md[1]=tcp md[4]=hfi1_0 md[5]=cma
